[2024-08-20T19:36:46.197+0530] {processor.py:161} INFO - Started process (PID=18264) to work on /home/pranav/.local/lib/python3.12/site-packages/airflow/example_dags/plugins/listener_plugin.py
[2024-08-20T19:36:46.199+0530] {processor.py:830} INFO - Processing file /home/pranav/.local/lib/python3.12/site-packages/airflow/example_dags/plugins/listener_plugin.py for tasks to queue
[2024-08-20T19:36:46.201+0530] {logging_mixin.py:188} INFO - [2024-08-20T19:36:46.200+0530] {dagbag.py:545} INFO - Filling up the DagBag from /home/pranav/.local/lib/python3.12/site-packages/airflow/example_dags/plugins/listener_plugin.py
[2024-08-20T19:36:46.207+0530] {processor.py:842} WARNING - No viable dags retrieved from /home/pranav/.local/lib/python3.12/site-packages/airflow/example_dags/plugins/listener_plugin.py
[2024-08-20T19:36:46.229+0530] {processor.py:183} INFO - Processing /home/pranav/.local/lib/python3.12/site-packages/airflow/example_dags/plugins/listener_plugin.py took 0.044 seconds
[2024-08-20T19:37:39.971+0530] {processor.py:161} INFO - Started process (PID=18722) to work on /home/pranav/.local/lib/python3.12/site-packages/airflow/example_dags/plugins/listener_plugin.py
[2024-08-20T19:37:39.973+0530] {processor.py:830} INFO - Processing file /home/pranav/.local/lib/python3.12/site-packages/airflow/example_dags/plugins/listener_plugin.py for tasks to queue
[2024-08-20T19:37:39.975+0530] {logging_mixin.py:188} INFO - [2024-08-20T19:37:39.974+0530] {dagbag.py:545} INFO - Filling up the DagBag from /home/pranav/.local/lib/python3.12/site-packages/airflow/example_dags/plugins/listener_plugin.py
[2024-08-20T19:37:39.979+0530] {processor.py:842} WARNING - No viable dags retrieved from /home/pranav/.local/lib/python3.12/site-packages/airflow/example_dags/plugins/listener_plugin.py
[2024-08-20T19:37:40.001+0530] {processor.py:183} INFO - Processing /home/pranav/.local/lib/python3.12/site-packages/airflow/example_dags/plugins/listener_plugin.py took 0.042 seconds
[2024-08-20T19:38:26.019+0530] {processor.py:161} INFO - Started process (PID=19107) to work on /home/pranav/.local/lib/python3.12/site-packages/airflow/example_dags/plugins/listener_plugin.py
[2024-08-20T19:38:26.022+0530] {processor.py:830} INFO - Processing file /home/pranav/.local/lib/python3.12/site-packages/airflow/example_dags/plugins/listener_plugin.py for tasks to queue
[2024-08-20T19:38:26.025+0530] {logging_mixin.py:188} INFO - [2024-08-20T19:38:26.024+0530] {dagbag.py:545} INFO - Filling up the DagBag from /home/pranav/.local/lib/python3.12/site-packages/airflow/example_dags/plugins/listener_plugin.py
[2024-08-20T19:38:26.037+0530] {processor.py:842} WARNING - No viable dags retrieved from /home/pranav/.local/lib/python3.12/site-packages/airflow/example_dags/plugins/listener_plugin.py
[2024-08-20T19:38:26.060+0530] {processor.py:183} INFO - Processing /home/pranav/.local/lib/python3.12/site-packages/airflow/example_dags/plugins/listener_plugin.py took 0.054 seconds
[2024-08-20T19:39:15.645+0530] {processor.py:161} INFO - Started process (PID=19433) to work on /home/pranav/.local/lib/python3.12/site-packages/airflow/example_dags/plugins/listener_plugin.py
[2024-08-20T19:39:15.647+0530] {processor.py:830} INFO - Processing file /home/pranav/.local/lib/python3.12/site-packages/airflow/example_dags/plugins/listener_plugin.py for tasks to queue
[2024-08-20T19:39:15.649+0530] {logging_mixin.py:188} INFO - [2024-08-20T19:39:15.648+0530] {dagbag.py:545} INFO - Filling up the DagBag from /home/pranav/.local/lib/python3.12/site-packages/airflow/example_dags/plugins/listener_plugin.py
[2024-08-20T19:39:15.654+0530] {processor.py:842} WARNING - No viable dags retrieved from /home/pranav/.local/lib/python3.12/site-packages/airflow/example_dags/plugins/listener_plugin.py
[2024-08-20T19:39:15.675+0530] {processor.py:183} INFO - Processing /home/pranav/.local/lib/python3.12/site-packages/airflow/example_dags/plugins/listener_plugin.py took 0.044 seconds
[2024-08-20T19:40:25.511+0530] {processor.py:161} INFO - Started process (PID=20252) to work on /home/pranav/.local/lib/python3.12/site-packages/airflow/example_dags/plugins/listener_plugin.py
[2024-08-20T19:40:25.512+0530] {processor.py:830} INFO - Processing file /home/pranav/.local/lib/python3.12/site-packages/airflow/example_dags/plugins/listener_plugin.py for tasks to queue
[2024-08-20T19:40:25.514+0530] {logging_mixin.py:188} INFO - [2024-08-20T19:40:25.513+0530] {dagbag.py:545} INFO - Filling up the DagBag from /home/pranav/.local/lib/python3.12/site-packages/airflow/example_dags/plugins/listener_plugin.py
[2024-08-20T19:40:25.541+0530] {processor.py:842} WARNING - No viable dags retrieved from /home/pranav/.local/lib/python3.12/site-packages/airflow/example_dags/plugins/listener_plugin.py
[2024-08-20T19:40:25.562+0530] {processor.py:183} INFO - Processing /home/pranav/.local/lib/python3.12/site-packages/airflow/example_dags/plugins/listener_plugin.py took 0.063 seconds
[2024-08-20T19:41:24.158+0530] {processor.py:161} INFO - Started process (PID=20781) to work on /home/pranav/.local/lib/python3.12/site-packages/airflow/example_dags/plugins/listener_plugin.py
[2024-08-20T19:41:24.161+0530] {processor.py:830} INFO - Processing file /home/pranav/.local/lib/python3.12/site-packages/airflow/example_dags/plugins/listener_plugin.py for tasks to queue
[2024-08-20T19:41:24.163+0530] {logging_mixin.py:188} INFO - [2024-08-20T19:41:24.162+0530] {dagbag.py:545} INFO - Filling up the DagBag from /home/pranav/.local/lib/python3.12/site-packages/airflow/example_dags/plugins/listener_plugin.py
[2024-08-20T19:41:24.168+0530] {processor.py:842} WARNING - No viable dags retrieved from /home/pranav/.local/lib/python3.12/site-packages/airflow/example_dags/plugins/listener_plugin.py
[2024-08-20T19:41:24.192+0530] {processor.py:183} INFO - Processing /home/pranav/.local/lib/python3.12/site-packages/airflow/example_dags/plugins/listener_plugin.py took 0.046 seconds
[2024-08-20T19:42:13.828+0530] {processor.py:161} INFO - Started process (PID=21225) to work on /home/pranav/.local/lib/python3.12/site-packages/airflow/example_dags/plugins/listener_plugin.py
[2024-08-20T19:42:13.830+0530] {processor.py:830} INFO - Processing file /home/pranav/.local/lib/python3.12/site-packages/airflow/example_dags/plugins/listener_plugin.py for tasks to queue
[2024-08-20T19:42:13.832+0530] {logging_mixin.py:188} INFO - [2024-08-20T19:42:13.832+0530] {dagbag.py:545} INFO - Filling up the DagBag from /home/pranav/.local/lib/python3.12/site-packages/airflow/example_dags/plugins/listener_plugin.py
[2024-08-20T19:42:13.838+0530] {processor.py:842} WARNING - No viable dags retrieved from /home/pranav/.local/lib/python3.12/site-packages/airflow/example_dags/plugins/listener_plugin.py
[2024-08-20T19:42:13.859+0530] {processor.py:183} INFO - Processing /home/pranav/.local/lib/python3.12/site-packages/airflow/example_dags/plugins/listener_plugin.py took 0.042 seconds
[2024-08-20T19:43:08.596+0530] {processor.py:161} INFO - Started process (PID=21773) to work on /home/pranav/.local/lib/python3.12/site-packages/airflow/example_dags/plugins/listener_plugin.py
[2024-08-20T19:43:08.626+0530] {processor.py:830} INFO - Processing file /home/pranav/.local/lib/python3.12/site-packages/airflow/example_dags/plugins/listener_plugin.py for tasks to queue
[2024-08-20T19:43:08.628+0530] {logging_mixin.py:188} INFO - [2024-08-20T19:43:08.627+0530] {dagbag.py:545} INFO - Filling up the DagBag from /home/pranav/.local/lib/python3.12/site-packages/airflow/example_dags/plugins/listener_plugin.py
[2024-08-20T19:43:08.633+0530] {processor.py:842} WARNING - No viable dags retrieved from /home/pranav/.local/lib/python3.12/site-packages/airflow/example_dags/plugins/listener_plugin.py
[2024-08-20T19:43:08.654+0530] {processor.py:183} INFO - Processing /home/pranav/.local/lib/python3.12/site-packages/airflow/example_dags/plugins/listener_plugin.py took 0.071 seconds
[2024-08-20T19:44:04.466+0530] {processor.py:161} INFO - Started process (PID=22216) to work on /home/pranav/.local/lib/python3.12/site-packages/airflow/example_dags/plugins/listener_plugin.py
[2024-08-20T19:44:04.557+0530] {processor.py:830} INFO - Processing file /home/pranav/.local/lib/python3.12/site-packages/airflow/example_dags/plugins/listener_plugin.py for tasks to queue
[2024-08-20T19:44:04.559+0530] {logging_mixin.py:188} INFO - [2024-08-20T19:44:04.558+0530] {dagbag.py:545} INFO - Filling up the DagBag from /home/pranav/.local/lib/python3.12/site-packages/airflow/example_dags/plugins/listener_plugin.py
[2024-08-20T19:44:04.566+0530] {processor.py:842} WARNING - No viable dags retrieved from /home/pranav/.local/lib/python3.12/site-packages/airflow/example_dags/plugins/listener_plugin.py
[2024-08-20T19:44:04.590+0530] {processor.py:183} INFO - Processing /home/pranav/.local/lib/python3.12/site-packages/airflow/example_dags/plugins/listener_plugin.py took 0.138 seconds
[2024-08-20T19:44:57.066+0530] {processor.py:161} INFO - Started process (PID=22640) to work on /home/pranav/.local/lib/python3.12/site-packages/airflow/example_dags/plugins/listener_plugin.py
[2024-08-20T19:44:57.094+0530] {processor.py:830} INFO - Processing file /home/pranav/.local/lib/python3.12/site-packages/airflow/example_dags/plugins/listener_plugin.py for tasks to queue
[2024-08-20T19:44:57.096+0530] {logging_mixin.py:188} INFO - [2024-08-20T19:44:57.095+0530] {dagbag.py:545} INFO - Filling up the DagBag from /home/pranav/.local/lib/python3.12/site-packages/airflow/example_dags/plugins/listener_plugin.py
[2024-08-20T19:44:57.101+0530] {processor.py:842} WARNING - No viable dags retrieved from /home/pranav/.local/lib/python3.12/site-packages/airflow/example_dags/plugins/listener_plugin.py
[2024-08-20T19:44:57.122+0530] {processor.py:183} INFO - Processing /home/pranav/.local/lib/python3.12/site-packages/airflow/example_dags/plugins/listener_plugin.py took 0.068 seconds
[2024-08-20T19:46:11.124+0530] {processor.py:161} INFO - Started process (PID=23276) to work on /home/pranav/.local/lib/python3.12/site-packages/airflow/example_dags/plugins/listener_plugin.py
[2024-08-20T19:46:11.168+0530] {processor.py:830} INFO - Processing file /home/pranav/.local/lib/python3.12/site-packages/airflow/example_dags/plugins/listener_plugin.py for tasks to queue
[2024-08-20T19:46:11.176+0530] {logging_mixin.py:188} INFO - [2024-08-20T19:46:11.171+0530] {dagbag.py:545} INFO - Filling up the DagBag from /home/pranav/.local/lib/python3.12/site-packages/airflow/example_dags/plugins/listener_plugin.py
[2024-08-20T19:46:11.193+0530] {processor.py:842} WARNING - No viable dags retrieved from /home/pranav/.local/lib/python3.12/site-packages/airflow/example_dags/plugins/listener_plugin.py
[2024-08-20T19:46:11.241+0530] {processor.py:183} INFO - Processing /home/pranav/.local/lib/python3.12/site-packages/airflow/example_dags/plugins/listener_plugin.py took 0.139 seconds
[2024-08-20T19:47:19.952+0530] {processor.py:161} INFO - Started process (PID=23839) to work on /home/pranav/.local/lib/python3.12/site-packages/airflow/example_dags/plugins/listener_plugin.py
[2024-08-20T19:47:19.996+0530] {processor.py:830} INFO - Processing file /home/pranav/.local/lib/python3.12/site-packages/airflow/example_dags/plugins/listener_plugin.py for tasks to queue
[2024-08-20T19:47:19.999+0530] {logging_mixin.py:188} INFO - [2024-08-20T19:47:19.998+0530] {dagbag.py:545} INFO - Filling up the DagBag from /home/pranav/.local/lib/python3.12/site-packages/airflow/example_dags/plugins/listener_plugin.py
[2024-08-20T19:47:20.004+0530] {processor.py:842} WARNING - No viable dags retrieved from /home/pranav/.local/lib/python3.12/site-packages/airflow/example_dags/plugins/listener_plugin.py
[2024-08-20T19:47:20.026+0530] {processor.py:183} INFO - Processing /home/pranav/.local/lib/python3.12/site-packages/airflow/example_dags/plugins/listener_plugin.py took 0.086 seconds
[2024-08-20T19:48:17.806+0530] {processor.py:161} INFO - Started process (PID=24229) to work on /home/pranav/.local/lib/python3.12/site-packages/airflow/example_dags/plugins/listener_plugin.py
[2024-08-20T19:48:17.868+0530] {processor.py:830} INFO - Processing file /home/pranav/.local/lib/python3.12/site-packages/airflow/example_dags/plugins/listener_plugin.py for tasks to queue
[2024-08-20T19:48:17.870+0530] {logging_mixin.py:188} INFO - [2024-08-20T19:48:17.869+0530] {dagbag.py:545} INFO - Filling up the DagBag from /home/pranav/.local/lib/python3.12/site-packages/airflow/example_dags/plugins/listener_plugin.py
[2024-08-20T19:48:17.875+0530] {processor.py:842} WARNING - No viable dags retrieved from /home/pranav/.local/lib/python3.12/site-packages/airflow/example_dags/plugins/listener_plugin.py
[2024-08-20T19:48:17.899+0530] {processor.py:183} INFO - Processing /home/pranav/.local/lib/python3.12/site-packages/airflow/example_dags/plugins/listener_plugin.py took 0.104 seconds
[2024-08-20T19:49:07.032+0530] {processor.py:161} INFO - Started process (PID=24515) to work on /home/pranav/.local/lib/python3.12/site-packages/airflow/example_dags/plugins/listener_plugin.py
[2024-08-20T19:49:07.077+0530] {processor.py:830} INFO - Processing file /home/pranav/.local/lib/python3.12/site-packages/airflow/example_dags/plugins/listener_plugin.py for tasks to queue
[2024-08-20T19:49:07.079+0530] {logging_mixin.py:188} INFO - [2024-08-20T19:49:07.078+0530] {dagbag.py:545} INFO - Filling up the DagBag from /home/pranav/.local/lib/python3.12/site-packages/airflow/example_dags/plugins/listener_plugin.py
[2024-08-20T19:49:07.081+0530] {processor.py:842} WARNING - No viable dags retrieved from /home/pranav/.local/lib/python3.12/site-packages/airflow/example_dags/plugins/listener_plugin.py
[2024-08-20T19:49:07.093+0530] {processor.py:183} INFO - Processing /home/pranav/.local/lib/python3.12/site-packages/airflow/example_dags/plugins/listener_plugin.py took 0.068 seconds
[2024-08-20T19:49:48.489+0530] {processor.py:161} INFO - Started process (PID=24772) to work on /home/pranav/.local/lib/python3.12/site-packages/airflow/example_dags/plugins/listener_plugin.py
[2024-08-20T19:49:48.655+0530] {processor.py:830} INFO - Processing file /home/pranav/.local/lib/python3.12/site-packages/airflow/example_dags/plugins/listener_plugin.py for tasks to queue
[2024-08-20T19:49:48.656+0530] {logging_mixin.py:188} INFO - [2024-08-20T19:49:48.656+0530] {dagbag.py:545} INFO - Filling up the DagBag from /home/pranav/.local/lib/python3.12/site-packages/airflow/example_dags/plugins/listener_plugin.py
[2024-08-20T19:49:48.659+0530] {processor.py:842} WARNING - No viable dags retrieved from /home/pranav/.local/lib/python3.12/site-packages/airflow/example_dags/plugins/listener_plugin.py
[2024-08-20T19:49:48.670+0530] {processor.py:183} INFO - Processing /home/pranav/.local/lib/python3.12/site-packages/airflow/example_dags/plugins/listener_plugin.py took 0.188 seconds
[2024-08-20T19:50:59.779+0530] {processor.py:161} INFO - Started process (PID=25151) to work on /home/pranav/.local/lib/python3.12/site-packages/airflow/example_dags/plugins/listener_plugin.py
[2024-08-20T19:50:59.834+0530] {processor.py:830} INFO - Processing file /home/pranav/.local/lib/python3.12/site-packages/airflow/example_dags/plugins/listener_plugin.py for tasks to queue
[2024-08-20T19:50:59.835+0530] {logging_mixin.py:188} INFO - [2024-08-20T19:50:59.834+0530] {dagbag.py:545} INFO - Filling up the DagBag from /home/pranav/.local/lib/python3.12/site-packages/airflow/example_dags/plugins/listener_plugin.py
[2024-08-20T19:50:59.838+0530] {processor.py:842} WARNING - No viable dags retrieved from /home/pranav/.local/lib/python3.12/site-packages/airflow/example_dags/plugins/listener_plugin.py
[2024-08-20T19:50:59.849+0530] {processor.py:183} INFO - Processing /home/pranav/.local/lib/python3.12/site-packages/airflow/example_dags/plugins/listener_plugin.py took 0.076 seconds
[2024-08-20T19:51:37.959+0530] {processor.py:161} INFO - Started process (PID=25378) to work on /home/pranav/.local/lib/python3.12/site-packages/airflow/example_dags/plugins/listener_plugin.py
[2024-08-20T19:51:37.982+0530] {processor.py:830} INFO - Processing file /home/pranav/.local/lib/python3.12/site-packages/airflow/example_dags/plugins/listener_plugin.py for tasks to queue
[2024-08-20T19:51:37.983+0530] {logging_mixin.py:188} INFO - [2024-08-20T19:51:37.982+0530] {dagbag.py:545} INFO - Filling up the DagBag from /home/pranav/.local/lib/python3.12/site-packages/airflow/example_dags/plugins/listener_plugin.py
[2024-08-20T19:51:37.986+0530] {processor.py:842} WARNING - No viable dags retrieved from /home/pranav/.local/lib/python3.12/site-packages/airflow/example_dags/plugins/listener_plugin.py
[2024-08-20T19:51:37.998+0530] {processor.py:183} INFO - Processing /home/pranav/.local/lib/python3.12/site-packages/airflow/example_dags/plugins/listener_plugin.py took 0.046 seconds
[2024-08-20T19:52:16.435+0530] {processor.py:161} INFO - Started process (PID=25602) to work on /home/pranav/.local/lib/python3.12/site-packages/airflow/example_dags/plugins/listener_plugin.py
[2024-08-20T19:52:16.515+0530] {processor.py:830} INFO - Processing file /home/pranav/.local/lib/python3.12/site-packages/airflow/example_dags/plugins/listener_plugin.py for tasks to queue
[2024-08-20T19:52:16.516+0530] {logging_mixin.py:188} INFO - [2024-08-20T19:52:16.516+0530] {dagbag.py:545} INFO - Filling up the DagBag from /home/pranav/.local/lib/python3.12/site-packages/airflow/example_dags/plugins/listener_plugin.py
[2024-08-20T19:52:16.519+0530] {processor.py:842} WARNING - No viable dags retrieved from /home/pranav/.local/lib/python3.12/site-packages/airflow/example_dags/plugins/listener_plugin.py
[2024-08-20T19:52:16.532+0530] {processor.py:183} INFO - Processing /home/pranav/.local/lib/python3.12/site-packages/airflow/example_dags/plugins/listener_plugin.py took 0.104 seconds
[2024-08-20T19:52:55.083+0530] {processor.py:161} INFO - Started process (PID=25846) to work on /home/pranav/.local/lib/python3.12/site-packages/airflow/example_dags/plugins/listener_plugin.py
[2024-08-20T19:52:55.119+0530] {processor.py:830} INFO - Processing file /home/pranav/.local/lib/python3.12/site-packages/airflow/example_dags/plugins/listener_plugin.py for tasks to queue
[2024-08-20T19:52:55.120+0530] {logging_mixin.py:188} INFO - [2024-08-20T19:52:55.120+0530] {dagbag.py:545} INFO - Filling up the DagBag from /home/pranav/.local/lib/python3.12/site-packages/airflow/example_dags/plugins/listener_plugin.py
[2024-08-20T19:52:55.123+0530] {processor.py:842} WARNING - No viable dags retrieved from /home/pranav/.local/lib/python3.12/site-packages/airflow/example_dags/plugins/listener_plugin.py
[2024-08-20T19:52:55.135+0530] {processor.py:183} INFO - Processing /home/pranav/.local/lib/python3.12/site-packages/airflow/example_dags/plugins/listener_plugin.py took 0.059 seconds
[2024-08-20T19:53:33.983+0530] {processor.py:161} INFO - Started process (PID=26050) to work on /home/pranav/.local/lib/python3.12/site-packages/airflow/example_dags/plugins/listener_plugin.py
[2024-08-20T19:53:34.045+0530] {processor.py:830} INFO - Processing file /home/pranav/.local/lib/python3.12/site-packages/airflow/example_dags/plugins/listener_plugin.py for tasks to queue
[2024-08-20T19:53:34.046+0530] {logging_mixin.py:188} INFO - [2024-08-20T19:53:34.046+0530] {dagbag.py:545} INFO - Filling up the DagBag from /home/pranav/.local/lib/python3.12/site-packages/airflow/example_dags/plugins/listener_plugin.py
[2024-08-20T19:53:34.049+0530] {processor.py:842} WARNING - No viable dags retrieved from /home/pranav/.local/lib/python3.12/site-packages/airflow/example_dags/plugins/listener_plugin.py
[2024-08-20T19:53:34.061+0530] {processor.py:183} INFO - Processing /home/pranav/.local/lib/python3.12/site-packages/airflow/example_dags/plugins/listener_plugin.py took 0.085 seconds
[2024-08-20T19:54:12.061+0530] {processor.py:161} INFO - Started process (PID=26254) to work on /home/pranav/.local/lib/python3.12/site-packages/airflow/example_dags/plugins/listener_plugin.py
[2024-08-20T19:54:12.069+0530] {processor.py:830} INFO - Processing file /home/pranav/.local/lib/python3.12/site-packages/airflow/example_dags/plugins/listener_plugin.py for tasks to queue
[2024-08-20T19:54:12.071+0530] {logging_mixin.py:188} INFO - [2024-08-20T19:54:12.070+0530] {dagbag.py:545} INFO - Filling up the DagBag from /home/pranav/.local/lib/python3.12/site-packages/airflow/example_dags/plugins/listener_plugin.py
[2024-08-20T19:54:12.074+0530] {processor.py:842} WARNING - No viable dags retrieved from /home/pranav/.local/lib/python3.12/site-packages/airflow/example_dags/plugins/listener_plugin.py
[2024-08-20T19:54:12.086+0530] {processor.py:183} INFO - Processing /home/pranav/.local/lib/python3.12/site-packages/airflow/example_dags/plugins/listener_plugin.py took 0.032 seconds
[2024-08-20T19:55:24.913+0530] {processor.py:161} INFO - Started process (PID=26642) to work on /home/pranav/.local/lib/python3.12/site-packages/airflow/example_dags/plugins/listener_plugin.py
[2024-08-20T19:55:24.954+0530] {processor.py:830} INFO - Processing file /home/pranav/.local/lib/python3.12/site-packages/airflow/example_dags/plugins/listener_plugin.py for tasks to queue
[2024-08-20T19:55:24.956+0530] {logging_mixin.py:188} INFO - [2024-08-20T19:55:24.955+0530] {dagbag.py:545} INFO - Filling up the DagBag from /home/pranav/.local/lib/python3.12/site-packages/airflow/example_dags/plugins/listener_plugin.py
[2024-08-20T19:55:24.958+0530] {processor.py:842} WARNING - No viable dags retrieved from /home/pranav/.local/lib/python3.12/site-packages/airflow/example_dags/plugins/listener_plugin.py
[2024-08-20T19:55:24.969+0530] {processor.py:183} INFO - Processing /home/pranav/.local/lib/python3.12/site-packages/airflow/example_dags/plugins/listener_plugin.py took 0.063 seconds
[2024-08-20T19:56:02.395+0530] {processor.py:161} INFO - Started process (PID=26827) to work on /home/pranav/.local/lib/python3.12/site-packages/airflow/example_dags/plugins/listener_plugin.py
[2024-08-20T19:56:02.426+0530] {processor.py:830} INFO - Processing file /home/pranav/.local/lib/python3.12/site-packages/airflow/example_dags/plugins/listener_plugin.py for tasks to queue
[2024-08-20T19:56:02.427+0530] {logging_mixin.py:188} INFO - [2024-08-20T19:56:02.426+0530] {dagbag.py:545} INFO - Filling up the DagBag from /home/pranav/.local/lib/python3.12/site-packages/airflow/example_dags/plugins/listener_plugin.py
[2024-08-20T19:56:02.429+0530] {processor.py:842} WARNING - No viable dags retrieved from /home/pranav/.local/lib/python3.12/site-packages/airflow/example_dags/plugins/listener_plugin.py
[2024-08-20T19:56:02.442+0530] {processor.py:183} INFO - Processing /home/pranav/.local/lib/python3.12/site-packages/airflow/example_dags/plugins/listener_plugin.py took 0.053 seconds
[2024-08-20T19:56:38.788+0530] {processor.py:161} INFO - Started process (PID=27083) to work on /home/pranav/.local/lib/python3.12/site-packages/airflow/example_dags/plugins/listener_plugin.py
[2024-08-20T19:56:38.827+0530] {processor.py:830} INFO - Processing file /home/pranav/.local/lib/python3.12/site-packages/airflow/example_dags/plugins/listener_plugin.py for tasks to queue
[2024-08-20T19:56:38.828+0530] {logging_mixin.py:188} INFO - [2024-08-20T19:56:38.828+0530] {dagbag.py:545} INFO - Filling up the DagBag from /home/pranav/.local/lib/python3.12/site-packages/airflow/example_dags/plugins/listener_plugin.py
[2024-08-20T19:56:38.832+0530] {processor.py:842} WARNING - No viable dags retrieved from /home/pranav/.local/lib/python3.12/site-packages/airflow/example_dags/plugins/listener_plugin.py
[2024-08-20T19:56:38.844+0530] {processor.py:183} INFO - Processing /home/pranav/.local/lib/python3.12/site-packages/airflow/example_dags/plugins/listener_plugin.py took 0.064 seconds
[2024-08-20T19:57:17.764+0530] {processor.py:161} INFO - Started process (PID=27295) to work on /home/pranav/.local/lib/python3.12/site-packages/airflow/example_dags/plugins/listener_plugin.py
[2024-08-20T19:57:17.780+0530] {processor.py:830} INFO - Processing file /home/pranav/.local/lib/python3.12/site-packages/airflow/example_dags/plugins/listener_plugin.py for tasks to queue
[2024-08-20T19:57:17.781+0530] {logging_mixin.py:188} INFO - [2024-08-20T19:57:17.780+0530] {dagbag.py:545} INFO - Filling up the DagBag from /home/pranav/.local/lib/python3.12/site-packages/airflow/example_dags/plugins/listener_plugin.py
[2024-08-20T19:57:17.784+0530] {processor.py:842} WARNING - No viable dags retrieved from /home/pranav/.local/lib/python3.12/site-packages/airflow/example_dags/plugins/listener_plugin.py
[2024-08-20T19:57:17.795+0530] {processor.py:183} INFO - Processing /home/pranav/.local/lib/python3.12/site-packages/airflow/example_dags/plugins/listener_plugin.py took 0.037 seconds
[2024-08-20T19:57:56.229+0530] {processor.py:161} INFO - Started process (PID=27495) to work on /home/pranav/.local/lib/python3.12/site-packages/airflow/example_dags/plugins/listener_plugin.py
[2024-08-20T19:57:56.263+0530] {processor.py:830} INFO - Processing file /home/pranav/.local/lib/python3.12/site-packages/airflow/example_dags/plugins/listener_plugin.py for tasks to queue
[2024-08-20T19:57:56.264+0530] {logging_mixin.py:188} INFO - [2024-08-20T19:57:56.264+0530] {dagbag.py:545} INFO - Filling up the DagBag from /home/pranav/.local/lib/python3.12/site-packages/airflow/example_dags/plugins/listener_plugin.py
[2024-08-20T19:57:56.267+0530] {processor.py:842} WARNING - No viable dags retrieved from /home/pranav/.local/lib/python3.12/site-packages/airflow/example_dags/plugins/listener_plugin.py
[2024-08-20T19:57:56.278+0530] {processor.py:183} INFO - Processing /home/pranav/.local/lib/python3.12/site-packages/airflow/example_dags/plugins/listener_plugin.py took 0.056 seconds
