[2024-08-20T19:37:05.994+0530] {processor.py:161} INFO - Started process (PID=18431) to work on /home/pranav/.local/lib/python3.12/site-packages/airflow/example_dags/example_skip_dag.py
[2024-08-20T19:37:05.996+0530] {processor.py:830} INFO - Processing file /home/pranav/.local/lib/python3.12/site-packages/airflow/example_dags/example_skip_dag.py for tasks to queue
[2024-08-20T19:37:05.997+0530] {logging_mixin.py:188} INFO - [2024-08-20T19:37:05.997+0530] {dagbag.py:545} INFO - Filling up the DagBag from /home/pranav/.local/lib/python3.12/site-packages/airflow/example_dags/example_skip_dag.py
[2024-08-20T19:37:06.011+0530] {processor.py:840} INFO - DAG(s) 'example_skip_dag' retrieved from /home/pranav/.local/lib/python3.12/site-packages/airflow/example_dags/example_skip_dag.py
[2024-08-20T19:37:06.048+0530] {logging_mixin.py:188} INFO - [2024-08-20T19:37:06.048+0530] {dag.py:3089} INFO - Sync 1 DAGs
[2024-08-20T19:37:06.091+0530] {logging_mixin.py:188} INFO - [2024-08-20T19:37:06.091+0530] {dag.py:3947} INFO - Setting next_dagrun for example_skip_dag to 2024-08-19 00:00:00+00:00, run_after=2024-08-20 00:00:00+00:00
[2024-08-20T19:37:06.267+0530] {processor.py:183} INFO - Processing /home/pranav/.local/lib/python3.12/site-packages/airflow/example_dags/example_skip_dag.py took 0.285 seconds
[2024-08-20T19:38:42.310+0530] {processor.py:161} INFO - Started process (PID=19202) to work on /home/pranav/.local/lib/python3.12/site-packages/airflow/example_dags/example_skip_dag.py
[2024-08-20T19:38:42.313+0530] {processor.py:830} INFO - Processing file /home/pranav/.local/lib/python3.12/site-packages/airflow/example_dags/example_skip_dag.py for tasks to queue
[2024-08-20T19:38:42.315+0530] {logging_mixin.py:188} INFO - [2024-08-20T19:38:42.314+0530] {dagbag.py:545} INFO - Filling up the DagBag from /home/pranav/.local/lib/python3.12/site-packages/airflow/example_dags/example_skip_dag.py
[2024-08-20T19:38:42.337+0530] {processor.py:840} INFO - DAG(s) 'example_skip_dag' retrieved from /home/pranav/.local/lib/python3.12/site-packages/airflow/example_dags/example_skip_dag.py
[2024-08-20T19:38:42.391+0530] {logging_mixin.py:188} INFO - [2024-08-20T19:38:42.390+0530] {dag.py:3089} INFO - Sync 1 DAGs
[2024-08-20T19:38:42.459+0530] {logging_mixin.py:188} INFO - [2024-08-20T19:38:42.458+0530] {dag.py:3947} INFO - Setting next_dagrun for example_skip_dag to 2024-08-19 00:00:00+00:00, run_after=2024-08-20 00:00:00+00:00
[2024-08-20T19:38:42.754+0530] {processor.py:183} INFO - Processing /home/pranav/.local/lib/python3.12/site-packages/airflow/example_dags/example_skip_dag.py took 0.464 seconds
[2024-08-20T19:40:46.227+0530] {processor.py:161} INFO - Started process (PID=20409) to work on /home/pranav/.local/lib/python3.12/site-packages/airflow/example_dags/example_skip_dag.py
[2024-08-20T19:40:46.229+0530] {processor.py:830} INFO - Processing file /home/pranav/.local/lib/python3.12/site-packages/airflow/example_dags/example_skip_dag.py for tasks to queue
[2024-08-20T19:40:46.231+0530] {logging_mixin.py:188} INFO - [2024-08-20T19:40:46.230+0530] {dagbag.py:545} INFO - Filling up the DagBag from /home/pranav/.local/lib/python3.12/site-packages/airflow/example_dags/example_skip_dag.py
[2024-08-20T19:40:46.247+0530] {processor.py:840} INFO - DAG(s) 'example_skip_dag' retrieved from /home/pranav/.local/lib/python3.12/site-packages/airflow/example_dags/example_skip_dag.py
[2024-08-20T19:40:46.282+0530] {logging_mixin.py:188} INFO - [2024-08-20T19:40:46.282+0530] {dag.py:3089} INFO - Sync 1 DAGs
[2024-08-20T19:40:46.325+0530] {logging_mixin.py:188} INFO - [2024-08-20T19:40:46.324+0530] {dag.py:3947} INFO - Setting next_dagrun for example_skip_dag to 2024-08-19 00:00:00+00:00, run_after=2024-08-20 00:00:00+00:00
[2024-08-20T19:40:46.474+0530] {processor.py:183} INFO - Processing /home/pranav/.local/lib/python3.12/site-packages/airflow/example_dags/example_skip_dag.py took 0.259 seconds
[2024-08-20T19:42:25.516+0530] {processor.py:161} INFO - Started process (PID=21374) to work on /home/pranav/.local/lib/python3.12/site-packages/airflow/example_dags/example_skip_dag.py
[2024-08-20T19:42:25.518+0530] {processor.py:830} INFO - Processing file /home/pranav/.local/lib/python3.12/site-packages/airflow/example_dags/example_skip_dag.py for tasks to queue
[2024-08-20T19:42:25.519+0530] {logging_mixin.py:188} INFO - [2024-08-20T19:42:25.519+0530] {dagbag.py:545} INFO - Filling up the DagBag from /home/pranav/.local/lib/python3.12/site-packages/airflow/example_dags/example_skip_dag.py
[2024-08-20T19:42:25.535+0530] {processor.py:840} INFO - DAG(s) 'example_skip_dag' retrieved from /home/pranav/.local/lib/python3.12/site-packages/airflow/example_dags/example_skip_dag.py
[2024-08-20T19:42:25.577+0530] {logging_mixin.py:188} INFO - [2024-08-20T19:42:25.577+0530] {dag.py:3089} INFO - Sync 1 DAGs
[2024-08-20T19:42:25.625+0530] {logging_mixin.py:188} INFO - [2024-08-20T19:42:25.625+0530] {dag.py:3947} INFO - Setting next_dagrun for example_skip_dag to 2024-08-19 00:00:00+00:00, run_after=2024-08-20 00:00:00+00:00
[2024-08-20T19:42:25.884+0530] {processor.py:183} INFO - Processing /home/pranav/.local/lib/python3.12/site-packages/airflow/example_dags/example_skip_dag.py took 0.382 seconds
[2024-08-20T19:44:19.151+0530] {processor.py:161} INFO - Started process (PID=22288) to work on /home/pranav/.local/lib/python3.12/site-packages/airflow/example_dags/example_skip_dag.py
[2024-08-20T19:44:19.153+0530] {processor.py:830} INFO - Processing file /home/pranav/.local/lib/python3.12/site-packages/airflow/example_dags/example_skip_dag.py for tasks to queue
[2024-08-20T19:44:19.155+0530] {logging_mixin.py:188} INFO - [2024-08-20T19:44:19.154+0530] {dagbag.py:545} INFO - Filling up the DagBag from /home/pranav/.local/lib/python3.12/site-packages/airflow/example_dags/example_skip_dag.py
[2024-08-20T19:44:19.170+0530] {processor.py:840} INFO - DAG(s) 'example_skip_dag' retrieved from /home/pranav/.local/lib/python3.12/site-packages/airflow/example_dags/example_skip_dag.py
[2024-08-20T19:44:19.206+0530] {logging_mixin.py:188} INFO - [2024-08-20T19:44:19.205+0530] {dag.py:3089} INFO - Sync 1 DAGs
[2024-08-20T19:44:19.248+0530] {logging_mixin.py:188} INFO - [2024-08-20T19:44:19.248+0530] {dag.py:3947} INFO - Setting next_dagrun for example_skip_dag to 2024-08-19 00:00:00+00:00, run_after=2024-08-20 00:00:00+00:00
[2024-08-20T19:44:19.450+0530] {processor.py:183} INFO - Processing /home/pranav/.local/lib/python3.12/site-packages/airflow/example_dags/example_skip_dag.py took 0.310 seconds
[2024-08-20T19:46:35.533+0530] {processor.py:161} INFO - Started process (PID=23426) to work on /home/pranav/.local/lib/python3.12/site-packages/airflow/example_dags/example_skip_dag.py
[2024-08-20T19:46:35.559+0530] {processor.py:830} INFO - Processing file /home/pranav/.local/lib/python3.12/site-packages/airflow/example_dags/example_skip_dag.py for tasks to queue
[2024-08-20T19:46:35.563+0530] {logging_mixin.py:188} INFO - [2024-08-20T19:46:35.561+0530] {dagbag.py:545} INFO - Filling up the DagBag from /home/pranav/.local/lib/python3.12/site-packages/airflow/example_dags/example_skip_dag.py
[2024-08-20T19:46:35.583+0530] {processor.py:840} INFO - DAG(s) 'example_skip_dag' retrieved from /home/pranav/.local/lib/python3.12/site-packages/airflow/example_dags/example_skip_dag.py
[2024-08-20T19:46:35.634+0530] {logging_mixin.py:188} INFO - [2024-08-20T19:46:35.633+0530] {dag.py:3089} INFO - Sync 1 DAGs
[2024-08-20T19:46:35.686+0530] {logging_mixin.py:188} INFO - [2024-08-20T19:46:35.685+0530] {dag.py:3947} INFO - Setting next_dagrun for example_skip_dag to 2024-08-19 00:00:00+00:00, run_after=2024-08-20 00:00:00+00:00
[2024-08-20T19:46:35.885+0530] {processor.py:183} INFO - Processing /home/pranav/.local/lib/python3.12/site-packages/airflow/example_dags/example_skip_dag.py took 0.370 seconds
[2024-08-20T19:47:41.751+0530] {processor.py:161} INFO - Started process (PID=23993) to work on /home/pranav/.local/lib/python3.12/site-packages/airflow/example_dags/example_skip_dag.py
[2024-08-20T19:47:41.755+0530] {processor.py:830} INFO - Processing file /home/pranav/.local/lib/python3.12/site-packages/airflow/example_dags/example_skip_dag.py for tasks to queue
[2024-08-20T19:47:41.758+0530] {logging_mixin.py:188} INFO - [2024-08-20T19:47:41.757+0530] {dagbag.py:545} INFO - Filling up the DagBag from /home/pranav/.local/lib/python3.12/site-packages/airflow/example_dags/example_skip_dag.py
[2024-08-20T19:47:41.783+0530] {processor.py:840} INFO - DAG(s) 'example_skip_dag' retrieved from /home/pranav/.local/lib/python3.12/site-packages/airflow/example_dags/example_skip_dag.py
[2024-08-20T19:47:41.837+0530] {logging_mixin.py:188} INFO - [2024-08-20T19:47:41.836+0530] {dag.py:3089} INFO - Sync 1 DAGs
[2024-08-20T19:47:41.907+0530] {logging_mixin.py:188} INFO - [2024-08-20T19:47:41.906+0530] {dag.py:3947} INFO - Setting next_dagrun for example_skip_dag to 2024-08-19 00:00:00+00:00, run_after=2024-08-20 00:00:00+00:00
[2024-08-20T19:47:42.172+0530] {processor.py:183} INFO - Processing /home/pranav/.local/lib/python3.12/site-packages/airflow/example_dags/example_skip_dag.py took 0.440 seconds
[2024-08-20T19:49:21.047+0530] {processor.py:161} INFO - Started process (PID=24617) to work on /home/pranav/.local/lib/python3.12/site-packages/airflow/example_dags/example_skip_dag.py
[2024-08-20T19:49:21.049+0530] {processor.py:830} INFO - Processing file /home/pranav/.local/lib/python3.12/site-packages/airflow/example_dags/example_skip_dag.py for tasks to queue
[2024-08-20T19:49:21.050+0530] {logging_mixin.py:188} INFO - [2024-08-20T19:49:21.050+0530] {dagbag.py:545} INFO - Filling up the DagBag from /home/pranav/.local/lib/python3.12/site-packages/airflow/example_dags/example_skip_dag.py
[2024-08-20T19:49:21.066+0530] {processor.py:840} INFO - DAG(s) 'example_skip_dag' retrieved from /home/pranav/.local/lib/python3.12/site-packages/airflow/example_dags/example_skip_dag.py
[2024-08-20T19:49:21.086+0530] {logging_mixin.py:188} INFO - [2024-08-20T19:49:21.086+0530] {dag.py:3089} INFO - Sync 1 DAGs
[2024-08-20T19:49:21.112+0530] {logging_mixin.py:188} INFO - [2024-08-20T19:49:21.111+0530] {dag.py:3947} INFO - Setting next_dagrun for example_skip_dag to 2024-08-19 00:00:00+00:00, run_after=2024-08-20 00:00:00+00:00
[2024-08-20T19:49:21.232+0530] {processor.py:183} INFO - Processing /home/pranav/.local/lib/python3.12/site-packages/airflow/example_dags/example_skip_dag.py took 0.194 seconds
[2024-08-20T19:50:32.261+0530] {processor.py:161} INFO - Started process (PID=25006) to work on /home/pranav/.local/lib/python3.12/site-packages/airflow/example_dags/example_skip_dag.py
[2024-08-20T19:50:32.273+0530] {processor.py:830} INFO - Processing file /home/pranav/.local/lib/python3.12/site-packages/airflow/example_dags/example_skip_dag.py for tasks to queue
[2024-08-20T19:50:32.275+0530] {logging_mixin.py:188} INFO - [2024-08-20T19:50:32.274+0530] {dagbag.py:545} INFO - Filling up the DagBag from /home/pranav/.local/lib/python3.12/site-packages/airflow/example_dags/example_skip_dag.py
[2024-08-20T19:50:32.283+0530] {processor.py:840} INFO - DAG(s) 'example_skip_dag' retrieved from /home/pranav/.local/lib/python3.12/site-packages/airflow/example_dags/example_skip_dag.py
[2024-08-20T19:50:32.303+0530] {logging_mixin.py:188} INFO - [2024-08-20T19:50:32.303+0530] {dag.py:3089} INFO - Sync 1 DAGs
[2024-08-20T19:50:32.326+0530] {logging_mixin.py:188} INFO - [2024-08-20T19:50:32.326+0530] {dag.py:3947} INFO - Setting next_dagrun for example_skip_dag to 2024-08-19 00:00:00+00:00, run_after=2024-08-20 00:00:00+00:00
[2024-08-20T19:50:32.489+0530] {processor.py:183} INFO - Processing /home/pranav/.local/lib/python3.12/site-packages/airflow/example_dags/example_skip_dag.py took 0.234 seconds
[2024-08-20T19:51:48.759+0530] {processor.py:161} INFO - Started process (PID=25444) to work on /home/pranav/.local/lib/python3.12/site-packages/airflow/example_dags/example_skip_dag.py
[2024-08-20T19:51:48.839+0530] {processor.py:830} INFO - Processing file /home/pranav/.local/lib/python3.12/site-packages/airflow/example_dags/example_skip_dag.py for tasks to queue
[2024-08-20T19:51:48.840+0530] {logging_mixin.py:188} INFO - [2024-08-20T19:51:48.840+0530] {dagbag.py:545} INFO - Filling up the DagBag from /home/pranav/.local/lib/python3.12/site-packages/airflow/example_dags/example_skip_dag.py
[2024-08-20T19:51:48.849+0530] {processor.py:840} INFO - DAG(s) 'example_skip_dag' retrieved from /home/pranav/.local/lib/python3.12/site-packages/airflow/example_dags/example_skip_dag.py
[2024-08-20T19:51:48.870+0530] {logging_mixin.py:188} INFO - [2024-08-20T19:51:48.870+0530] {dag.py:3089} INFO - Sync 1 DAGs
[2024-08-20T19:51:48.893+0530] {logging_mixin.py:188} INFO - [2024-08-20T19:51:48.893+0530] {dag.py:3947} INFO - Setting next_dagrun for example_skip_dag to 2024-08-19 00:00:00+00:00, run_after=2024-08-20 00:00:00+00:00
[2024-08-20T19:51:49.037+0530] {processor.py:183} INFO - Processing /home/pranav/.local/lib/python3.12/site-packages/airflow/example_dags/example_skip_dag.py took 0.285 seconds
[2024-08-20T19:53:07.533+0530] {processor.py:161} INFO - Started process (PID=25913) to work on /home/pranav/.local/lib/python3.12/site-packages/airflow/example_dags/example_skip_dag.py
[2024-08-20T19:53:07.559+0530] {processor.py:830} INFO - Processing file /home/pranav/.local/lib/python3.12/site-packages/airflow/example_dags/example_skip_dag.py for tasks to queue
[2024-08-20T19:53:07.560+0530] {logging_mixin.py:188} INFO - [2024-08-20T19:53:07.559+0530] {dagbag.py:545} INFO - Filling up the DagBag from /home/pranav/.local/lib/python3.12/site-packages/airflow/example_dags/example_skip_dag.py
[2024-08-20T19:53:07.568+0530] {processor.py:840} INFO - DAG(s) 'example_skip_dag' retrieved from /home/pranav/.local/lib/python3.12/site-packages/airflow/example_dags/example_skip_dag.py
[2024-08-20T19:53:07.585+0530] {logging_mixin.py:188} INFO - [2024-08-20T19:53:07.585+0530] {dag.py:3089} INFO - Sync 1 DAGs
[2024-08-20T19:53:07.603+0530] {logging_mixin.py:188} INFO - [2024-08-20T19:53:07.603+0530] {dag.py:3947} INFO - Setting next_dagrun for example_skip_dag to 2024-08-19 00:00:00+00:00, run_after=2024-08-20 00:00:00+00:00
[2024-08-20T19:53:07.783+0530] {processor.py:183} INFO - Processing /home/pranav/.local/lib/python3.12/site-packages/airflow/example_dags/example_skip_dag.py took 0.257 seconds
[2024-08-20T19:54:20.889+0530] {processor.py:161} INFO - Started process (PID=26302) to work on /home/pranav/.local/lib/python3.12/site-packages/airflow/example_dags/example_skip_dag.py
[2024-08-20T19:54:20.903+0530] {processor.py:830} INFO - Processing file /home/pranav/.local/lib/python3.12/site-packages/airflow/example_dags/example_skip_dag.py for tasks to queue
[2024-08-20T19:54:20.904+0530] {logging_mixin.py:188} INFO - [2024-08-20T19:54:20.903+0530] {dagbag.py:545} INFO - Filling up the DagBag from /home/pranav/.local/lib/python3.12/site-packages/airflow/example_dags/example_skip_dag.py
[2024-08-20T19:54:20.913+0530] {processor.py:840} INFO - DAG(s) 'example_skip_dag' retrieved from /home/pranav/.local/lib/python3.12/site-packages/airflow/example_dags/example_skip_dag.py
[2024-08-20T19:54:20.934+0530] {logging_mixin.py:188} INFO - [2024-08-20T19:54:20.933+0530] {dag.py:3089} INFO - Sync 1 DAGs
[2024-08-20T19:54:20.957+0530] {logging_mixin.py:188} INFO - [2024-08-20T19:54:20.957+0530] {dag.py:3947} INFO - Setting next_dagrun for example_skip_dag to 2024-08-19 00:00:00+00:00, run_after=2024-08-20 00:00:00+00:00
[2024-08-20T19:54:21.097+0530] {processor.py:183} INFO - Processing /home/pranav/.local/lib/python3.12/site-packages/airflow/example_dags/example_skip_dag.py took 0.215 seconds
[2024-08-20T19:55:35.560+0530] {processor.py:161} INFO - Started process (PID=26688) to work on /home/pranav/.local/lib/python3.12/site-packages/airflow/example_dags/example_skip_dag.py
[2024-08-20T19:55:35.600+0530] {processor.py:830} INFO - Processing file /home/pranav/.local/lib/python3.12/site-packages/airflow/example_dags/example_skip_dag.py for tasks to queue
[2024-08-20T19:55:35.602+0530] {logging_mixin.py:188} INFO - [2024-08-20T19:55:35.601+0530] {dagbag.py:545} INFO - Filling up the DagBag from /home/pranav/.local/lib/python3.12/site-packages/airflow/example_dags/example_skip_dag.py
[2024-08-20T19:55:35.610+0530] {processor.py:840} INFO - DAG(s) 'example_skip_dag' retrieved from /home/pranav/.local/lib/python3.12/site-packages/airflow/example_dags/example_skip_dag.py
[2024-08-20T19:55:35.631+0530] {logging_mixin.py:188} INFO - [2024-08-20T19:55:35.630+0530] {dag.py:3089} INFO - Sync 1 DAGs
[2024-08-20T19:55:35.654+0530] {logging_mixin.py:188} INFO - [2024-08-20T19:55:35.654+0530] {dag.py:3947} INFO - Setting next_dagrun for example_skip_dag to 2024-08-19 00:00:00+00:00, run_after=2024-08-20 00:00:00+00:00
[2024-08-20T19:55:35.766+0530] {processor.py:183} INFO - Processing /home/pranav/.local/lib/python3.12/site-packages/airflow/example_dags/example_skip_dag.py took 0.212 seconds
[2024-08-20T19:56:49.770+0530] {processor.py:161} INFO - Started process (PID=27132) to work on /home/pranav/.local/lib/python3.12/site-packages/airflow/example_dags/example_skip_dag.py
[2024-08-20T19:56:49.771+0530] {processor.py:830} INFO - Processing file /home/pranav/.local/lib/python3.12/site-packages/airflow/example_dags/example_skip_dag.py for tasks to queue
[2024-08-20T19:56:49.772+0530] {logging_mixin.py:188} INFO - [2024-08-20T19:56:49.772+0530] {dagbag.py:545} INFO - Filling up the DagBag from /home/pranav/.local/lib/python3.12/site-packages/airflow/example_dags/example_skip_dag.py
[2024-08-20T19:56:49.781+0530] {processor.py:840} INFO - DAG(s) 'example_skip_dag' retrieved from /home/pranav/.local/lib/python3.12/site-packages/airflow/example_dags/example_skip_dag.py
[2024-08-20T19:56:49.801+0530] {logging_mixin.py:188} INFO - [2024-08-20T19:56:49.801+0530] {dag.py:3089} INFO - Sync 1 DAGs
[2024-08-20T19:56:49.825+0530] {logging_mixin.py:188} INFO - [2024-08-20T19:56:49.825+0530] {dag.py:3947} INFO - Setting next_dagrun for example_skip_dag to 2024-08-19 00:00:00+00:00, run_after=2024-08-20 00:00:00+00:00
[2024-08-20T19:56:50.035+0530] {processor.py:183} INFO - Processing /home/pranav/.local/lib/python3.12/site-packages/airflow/example_dags/example_skip_dag.py took 0.272 seconds
[2024-08-20T19:58:06.210+0530] {processor.py:161} INFO - Started process (PID=27575) to work on /home/pranav/.local/lib/python3.12/site-packages/airflow/example_dags/example_skip_dag.py
[2024-08-20T19:58:06.247+0530] {processor.py:830} INFO - Processing file /home/pranav/.local/lib/python3.12/site-packages/airflow/example_dags/example_skip_dag.py for tasks to queue
[2024-08-20T19:58:06.248+0530] {logging_mixin.py:188} INFO - [2024-08-20T19:58:06.248+0530] {dagbag.py:545} INFO - Filling up the DagBag from /home/pranav/.local/lib/python3.12/site-packages/airflow/example_dags/example_skip_dag.py
[2024-08-20T19:58:06.257+0530] {processor.py:840} INFO - DAG(s) 'example_skip_dag' retrieved from /home/pranav/.local/lib/python3.12/site-packages/airflow/example_dags/example_skip_dag.py
[2024-08-20T19:58:06.278+0530] {logging_mixin.py:188} INFO - [2024-08-20T19:58:06.278+0530] {dag.py:3089} INFO - Sync 1 DAGs
[2024-08-20T19:58:06.302+0530] {logging_mixin.py:188} INFO - [2024-08-20T19:58:06.302+0530] {dag.py:3947} INFO - Setting next_dagrun for example_skip_dag to 2024-08-19 00:00:00+00:00, run_after=2024-08-20 00:00:00+00:00
[2024-08-20T19:58:06.428+0530] {processor.py:183} INFO - Processing /home/pranav/.local/lib/python3.12/site-packages/airflow/example_dags/example_skip_dag.py took 0.225 seconds
