[2024-08-20T19:37:25.657+0530] {processor.py:161} INFO - Started process (PID=18577) to work on /home/pranav/.local/lib/python3.12/site-packages/airflow/example_dags/example_branch_operator_decorator.py
[2024-08-20T19:37:25.658+0530] {processor.py:830} INFO - Processing file /home/pranav/.local/lib/python3.12/site-packages/airflow/example_dags/example_branch_operator_decorator.py for tasks to queue
[2024-08-20T19:37:25.660+0530] {logging_mixin.py:188} INFO - [2024-08-20T19:37:25.659+0530] {dagbag.py:545} INFO - Filling up the DagBag from /home/pranav/.local/lib/python3.12/site-packages/airflow/example_dags/example_branch_operator_decorator.py
[2024-08-20T19:37:25.706+0530] {processor.py:840} INFO - DAG(s) 'example_branch_python_operator_decorator' retrieved from /home/pranav/.local/lib/python3.12/site-packages/airflow/example_dags/example_branch_operator_decorator.py
[2024-08-20T19:37:25.761+0530] {logging_mixin.py:188} INFO - [2024-08-20T19:37:25.760+0530] {dag.py:3089} INFO - Sync 1 DAGs
[2024-08-20T19:37:25.806+0530] {logging_mixin.py:188} INFO - [2024-08-20T19:37:25.806+0530] {dag.py:3947} INFO - Setting next_dagrun for example_branch_python_operator_decorator to 2024-08-19 00:00:00+00:00, run_after=2024-08-20 00:00:00+00:00
[2024-08-20T19:37:25.975+0530] {processor.py:183} INFO - Processing /home/pranav/.local/lib/python3.12/site-packages/airflow/example_dags/example_branch_operator_decorator.py took 0.330 seconds
[2024-08-20T19:39:01.264+0530] {processor.py:161} INFO - Started process (PID=19324) to work on /home/pranav/.local/lib/python3.12/site-packages/airflow/example_dags/example_branch_operator_decorator.py
[2024-08-20T19:39:01.266+0530] {processor.py:830} INFO - Processing file /home/pranav/.local/lib/python3.12/site-packages/airflow/example_dags/example_branch_operator_decorator.py for tasks to queue
[2024-08-20T19:39:01.268+0530] {logging_mixin.py:188} INFO - [2024-08-20T19:39:01.267+0530] {dagbag.py:545} INFO - Filling up the DagBag from /home/pranav/.local/lib/python3.12/site-packages/airflow/example_dags/example_branch_operator_decorator.py
[2024-08-20T19:39:01.325+0530] {processor.py:840} INFO - DAG(s) 'example_branch_python_operator_decorator' retrieved from /home/pranav/.local/lib/python3.12/site-packages/airflow/example_dags/example_branch_operator_decorator.py
[2024-08-20T19:39:01.379+0530] {logging_mixin.py:188} INFO - [2024-08-20T19:39:01.379+0530] {dag.py:3089} INFO - Sync 1 DAGs
[2024-08-20T19:39:01.425+0530] {logging_mixin.py:188} INFO - [2024-08-20T19:39:01.424+0530] {dag.py:3947} INFO - Setting next_dagrun for example_branch_python_operator_decorator to 2024-08-19 00:00:00+00:00, run_after=2024-08-20 00:00:00+00:00
[2024-08-20T19:39:01.640+0530] {processor.py:183} INFO - Processing /home/pranav/.local/lib/python3.12/site-packages/airflow/example_dags/example_branch_operator_decorator.py took 0.390 seconds
[2024-08-20T19:41:09.975+0530] {processor.py:161} INFO - Started process (PID=20622) to work on /home/pranav/.local/lib/python3.12/site-packages/airflow/example_dags/example_branch_operator_decorator.py
[2024-08-20T19:41:09.977+0530] {processor.py:830} INFO - Processing file /home/pranav/.local/lib/python3.12/site-packages/airflow/example_dags/example_branch_operator_decorator.py for tasks to queue
[2024-08-20T19:41:09.979+0530] {logging_mixin.py:188} INFO - [2024-08-20T19:41:09.978+0530] {dagbag.py:545} INFO - Filling up the DagBag from /home/pranav/.local/lib/python3.12/site-packages/airflow/example_dags/example_branch_operator_decorator.py
[2024-08-20T19:41:10.028+0530] {processor.py:840} INFO - DAG(s) 'example_branch_python_operator_decorator' retrieved from /home/pranav/.local/lib/python3.12/site-packages/airflow/example_dags/example_branch_operator_decorator.py
[2024-08-20T19:41:10.096+0530] {logging_mixin.py:188} INFO - [2024-08-20T19:41:10.095+0530] {dag.py:3089} INFO - Sync 1 DAGs
[2024-08-20T19:41:10.140+0530] {logging_mixin.py:188} INFO - [2024-08-20T19:41:10.139+0530] {dag.py:3947} INFO - Setting next_dagrun for example_branch_python_operator_decorator to 2024-08-19 00:00:00+00:00, run_after=2024-08-20 00:00:00+00:00
[2024-08-20T19:41:10.309+0530] {processor.py:183} INFO - Processing /home/pranav/.local/lib/python3.12/site-packages/airflow/example_dags/example_branch_operator_decorator.py took 0.346 seconds
[2024-08-20T19:42:48.883+0530] {processor.py:161} INFO - Started process (PID=21564) to work on /home/pranav/.local/lib/python3.12/site-packages/airflow/example_dags/example_branch_operator_decorator.py
[2024-08-20T19:42:48.905+0530] {processor.py:830} INFO - Processing file /home/pranav/.local/lib/python3.12/site-packages/airflow/example_dags/example_branch_operator_decorator.py for tasks to queue
[2024-08-20T19:42:48.907+0530] {logging_mixin.py:188} INFO - [2024-08-20T19:42:48.906+0530] {dagbag.py:545} INFO - Filling up the DagBag from /home/pranav/.local/lib/python3.12/site-packages/airflow/example_dags/example_branch_operator_decorator.py
[2024-08-20T19:42:48.951+0530] {processor.py:840} INFO - DAG(s) 'example_branch_python_operator_decorator' retrieved from /home/pranav/.local/lib/python3.12/site-packages/airflow/example_dags/example_branch_operator_decorator.py
[2024-08-20T19:42:49.004+0530] {logging_mixin.py:188} INFO - [2024-08-20T19:42:49.004+0530] {dag.py:3089} INFO - Sync 1 DAGs
[2024-08-20T19:42:49.050+0530] {logging_mixin.py:188} INFO - [2024-08-20T19:42:49.049+0530] {dag.py:3947} INFO - Setting next_dagrun for example_branch_python_operator_decorator to 2024-08-19 00:00:00+00:00, run_after=2024-08-20 00:00:00+00:00
[2024-08-20T19:42:49.312+0530] {processor.py:183} INFO - Processing /home/pranav/.local/lib/python3.12/site-packages/airflow/example_dags/example_branch_operator_decorator.py took 0.441 seconds
[2024-08-20T19:44:43.060+0530] {processor.py:161} INFO - Started process (PID=22432) to work on /home/pranav/.local/lib/python3.12/site-packages/airflow/example_dags/example_branch_operator_decorator.py
[2024-08-20T19:44:43.123+0530] {processor.py:830} INFO - Processing file /home/pranav/.local/lib/python3.12/site-packages/airflow/example_dags/example_branch_operator_decorator.py for tasks to queue
[2024-08-20T19:44:43.125+0530] {logging_mixin.py:188} INFO - [2024-08-20T19:44:43.124+0530] {dagbag.py:545} INFO - Filling up the DagBag from /home/pranav/.local/lib/python3.12/site-packages/airflow/example_dags/example_branch_operator_decorator.py
[2024-08-20T19:44:43.173+0530] {processor.py:840} INFO - DAG(s) 'example_branch_python_operator_decorator' retrieved from /home/pranav/.local/lib/python3.12/site-packages/airflow/example_dags/example_branch_operator_decorator.py
[2024-08-20T19:44:43.226+0530] {logging_mixin.py:188} INFO - [2024-08-20T19:44:43.225+0530] {dag.py:3089} INFO - Sync 1 DAGs
[2024-08-20T19:44:43.270+0530] {logging_mixin.py:188} INFO - [2024-08-20T19:44:43.269+0530] {dag.py:3947} INFO - Setting next_dagrun for example_branch_python_operator_decorator to 2024-08-19 00:00:00+00:00, run_after=2024-08-20 00:00:00+00:00
[2024-08-20T19:44:43.530+0530] {processor.py:183} INFO - Processing /home/pranav/.local/lib/python3.12/site-packages/airflow/example_dags/example_branch_operator_decorator.py took 0.483 seconds
[2024-08-20T19:47:01.800+0530] {processor.py:161} INFO - Started process (PID=23643) to work on /home/pranav/.local/lib/python3.12/site-packages/airflow/example_dags/example_branch_operator_decorator.py
[2024-08-20T19:47:01.853+0530] {processor.py:830} INFO - Processing file /home/pranav/.local/lib/python3.12/site-packages/airflow/example_dags/example_branch_operator_decorator.py for tasks to queue
[2024-08-20T19:47:01.856+0530] {logging_mixin.py:188} INFO - [2024-08-20T19:47:01.855+0530] {dagbag.py:545} INFO - Filling up the DagBag from /home/pranav/.local/lib/python3.12/site-packages/airflow/example_dags/example_branch_operator_decorator.py
[2024-08-20T19:47:01.926+0530] {processor.py:840} INFO - DAG(s) 'example_branch_python_operator_decorator' retrieved from /home/pranav/.local/lib/python3.12/site-packages/airflow/example_dags/example_branch_operator_decorator.py
[2024-08-20T19:47:02.039+0530] {logging_mixin.py:188} INFO - [2024-08-20T19:47:02.038+0530] {dag.py:3089} INFO - Sync 1 DAGs
[2024-08-20T19:47:02.085+0530] {logging_mixin.py:188} INFO - [2024-08-20T19:47:02.084+0530] {dag.py:3947} INFO - Setting next_dagrun for example_branch_python_operator_decorator to 2024-08-19 00:00:00+00:00, run_after=2024-08-20 00:00:00+00:00
[2024-08-20T19:47:02.475+0530] {processor.py:183} INFO - Processing /home/pranav/.local/lib/python3.12/site-packages/airflow/example_dags/example_branch_operator_decorator.py took 0.688 seconds
[2024-08-20T19:48:54.736+0530] {processor.py:161} INFO - Started process (PID=24440) to work on /home/pranav/.local/lib/python3.12/site-packages/airflow/example_dags/example_branch_operator_decorator.py
[2024-08-20T19:48:54.739+0530] {processor.py:830} INFO - Processing file /home/pranav/.local/lib/python3.12/site-packages/airflow/example_dags/example_branch_operator_decorator.py for tasks to queue
[2024-08-20T19:48:54.741+0530] {logging_mixin.py:188} INFO - [2024-08-20T19:48:54.740+0530] {dagbag.py:545} INFO - Filling up the DagBag from /home/pranav/.local/lib/python3.12/site-packages/airflow/example_dags/example_branch_operator_decorator.py
[2024-08-20T19:48:54.801+0530] {processor.py:840} INFO - DAG(s) 'example_branch_python_operator_decorator' retrieved from /home/pranav/.local/lib/python3.12/site-packages/airflow/example_dags/example_branch_operator_decorator.py
[2024-08-20T19:48:54.872+0530] {logging_mixin.py:188} INFO - [2024-08-20T19:48:54.871+0530] {dag.py:3089} INFO - Sync 1 DAGs
[2024-08-20T19:48:54.930+0530] {logging_mixin.py:188} INFO - [2024-08-20T19:48:54.929+0530] {dag.py:3947} INFO - Setting next_dagrun for example_branch_python_operator_decorator to 2024-08-19 00:00:00+00:00, run_after=2024-08-20 00:00:00+00:00
[2024-08-20T19:48:55.218+0530] {processor.py:183} INFO - Processing /home/pranav/.local/lib/python3.12/site-packages/airflow/example_dags/example_branch_operator_decorator.py took 0.504 seconds
[2024-08-20T19:50:13.770+0530] {processor.py:161} INFO - Started process (PID=24913) to work on /home/pranav/.local/lib/python3.12/site-packages/airflow/example_dags/example_branch_operator_decorator.py
[2024-08-20T19:50:13.798+0530] {processor.py:830} INFO - Processing file /home/pranav/.local/lib/python3.12/site-packages/airflow/example_dags/example_branch_operator_decorator.py for tasks to queue
[2024-08-20T19:50:13.799+0530] {logging_mixin.py:188} INFO - [2024-08-20T19:50:13.799+0530] {dagbag.py:545} INFO - Filling up the DagBag from /home/pranav/.local/lib/python3.12/site-packages/airflow/example_dags/example_branch_operator_decorator.py
[2024-08-20T19:50:13.822+0530] {processor.py:840} INFO - DAG(s) 'example_branch_python_operator_decorator' retrieved from /home/pranav/.local/lib/python3.12/site-packages/airflow/example_dags/example_branch_operator_decorator.py
[2024-08-20T19:50:13.846+0530] {logging_mixin.py:188} INFO - [2024-08-20T19:50:13.846+0530] {dag.py:3089} INFO - Sync 1 DAGs
[2024-08-20T19:50:13.867+0530] {logging_mixin.py:188} INFO - [2024-08-20T19:50:13.867+0530] {dag.py:3947} INFO - Setting next_dagrun for example_branch_python_operator_decorator to 2024-08-19 00:00:00+00:00, run_after=2024-08-20 00:00:00+00:00
[2024-08-20T19:50:14.011+0530] {processor.py:183} INFO - Processing /home/pranav/.local/lib/python3.12/site-packages/airflow/example_dags/example_branch_operator_decorator.py took 0.248 seconds
[2024-08-20T19:51:27.208+0530] {processor.py:161} INFO - Started process (PID=25328) to work on /home/pranav/.local/lib/python3.12/site-packages/airflow/example_dags/example_branch_operator_decorator.py
[2024-08-20T19:51:27.225+0530] {processor.py:830} INFO - Processing file /home/pranav/.local/lib/python3.12/site-packages/airflow/example_dags/example_branch_operator_decorator.py for tasks to queue
[2024-08-20T19:51:27.227+0530] {logging_mixin.py:188} INFO - [2024-08-20T19:51:27.226+0530] {dagbag.py:545} INFO - Filling up the DagBag from /home/pranav/.local/lib/python3.12/site-packages/airflow/example_dags/example_branch_operator_decorator.py
[2024-08-20T19:51:27.251+0530] {processor.py:840} INFO - DAG(s) 'example_branch_python_operator_decorator' retrieved from /home/pranav/.local/lib/python3.12/site-packages/airflow/example_dags/example_branch_operator_decorator.py
[2024-08-20T19:51:27.280+0530] {logging_mixin.py:188} INFO - [2024-08-20T19:51:27.279+0530] {dag.py:3089} INFO - Sync 1 DAGs
[2024-08-20T19:51:27.304+0530] {logging_mixin.py:188} INFO - [2024-08-20T19:51:27.303+0530] {dag.py:3947} INFO - Setting next_dagrun for example_branch_python_operator_decorator to 2024-08-19 00:00:00+00:00, run_after=2024-08-20 00:00:00+00:00
[2024-08-20T19:51:27.459+0530] {processor.py:183} INFO - Processing /home/pranav/.local/lib/python3.12/site-packages/airflow/example_dags/example_branch_operator_decorator.py took 0.257 seconds
[2024-08-20T19:52:45.299+0530] {processor.py:161} INFO - Started process (PID=25796) to work on /home/pranav/.local/lib/python3.12/site-packages/airflow/example_dags/example_branch_operator_decorator.py
[2024-08-20T19:52:45.358+0530] {processor.py:830} INFO - Processing file /home/pranav/.local/lib/python3.12/site-packages/airflow/example_dags/example_branch_operator_decorator.py for tasks to queue
[2024-08-20T19:52:45.360+0530] {logging_mixin.py:188} INFO - [2024-08-20T19:52:45.359+0530] {dagbag.py:545} INFO - Filling up the DagBag from /home/pranav/.local/lib/python3.12/site-packages/airflow/example_dags/example_branch_operator_decorator.py
[2024-08-20T19:52:45.386+0530] {processor.py:840} INFO - DAG(s) 'example_branch_python_operator_decorator' retrieved from /home/pranav/.local/lib/python3.12/site-packages/airflow/example_dags/example_branch_operator_decorator.py
[2024-08-20T19:52:45.415+0530] {logging_mixin.py:188} INFO - [2024-08-20T19:52:45.414+0530] {dag.py:3089} INFO - Sync 1 DAGs
[2024-08-20T19:52:45.438+0530] {logging_mixin.py:188} INFO - [2024-08-20T19:52:45.438+0530] {dag.py:3947} INFO - Setting next_dagrun for example_branch_python_operator_decorator to 2024-08-19 00:00:00+00:00, run_after=2024-08-20 00:00:00+00:00
[2024-08-20T19:52:45.583+0530] {processor.py:183} INFO - Processing /home/pranav/.local/lib/python3.12/site-packages/airflow/example_dags/example_branch_operator_decorator.py took 0.292 seconds
[2024-08-20T19:54:01.430+0530] {processor.py:161} INFO - Started process (PID=26186) to work on /home/pranav/.local/lib/python3.12/site-packages/airflow/example_dags/example_branch_operator_decorator.py
[2024-08-20T19:54:01.509+0530] {processor.py:830} INFO - Processing file /home/pranav/.local/lib/python3.12/site-packages/airflow/example_dags/example_branch_operator_decorator.py for tasks to queue
[2024-08-20T19:54:01.510+0530] {logging_mixin.py:188} INFO - [2024-08-20T19:54:01.510+0530] {dagbag.py:545} INFO - Filling up the DagBag from /home/pranav/.local/lib/python3.12/site-packages/airflow/example_dags/example_branch_operator_decorator.py
[2024-08-20T19:54:01.534+0530] {processor.py:840} INFO - DAG(s) 'example_branch_python_operator_decorator' retrieved from /home/pranav/.local/lib/python3.12/site-packages/airflow/example_dags/example_branch_operator_decorator.py
[2024-08-20T19:54:01.563+0530] {logging_mixin.py:188} INFO - [2024-08-20T19:54:01.563+0530] {dag.py:3089} INFO - Sync 1 DAGs
[2024-08-20T19:54:01.589+0530] {logging_mixin.py:188} INFO - [2024-08-20T19:54:01.589+0530] {dag.py:3947} INFO - Setting next_dagrun for example_branch_python_operator_decorator to 2024-08-19 00:00:00+00:00, run_after=2024-08-20 00:00:00+00:00
[2024-08-20T19:54:01.696+0530] {processor.py:183} INFO - Processing /home/pranav/.local/lib/python3.12/site-packages/airflow/example_dags/example_branch_operator_decorator.py took 0.272 seconds
[2024-08-20T19:55:14.914+0530] {processor.py:161} INFO - Started process (PID=26574) to work on /home/pranav/.local/lib/python3.12/site-packages/airflow/example_dags/example_branch_operator_decorator.py
[2024-08-20T19:55:14.932+0530] {processor.py:830} INFO - Processing file /home/pranav/.local/lib/python3.12/site-packages/airflow/example_dags/example_branch_operator_decorator.py for tasks to queue
[2024-08-20T19:55:14.933+0530] {logging_mixin.py:188} INFO - [2024-08-20T19:55:14.932+0530] {dagbag.py:545} INFO - Filling up the DagBag from /home/pranav/.local/lib/python3.12/site-packages/airflow/example_dags/example_branch_operator_decorator.py
[2024-08-20T19:55:14.957+0530] {processor.py:840} INFO - DAG(s) 'example_branch_python_operator_decorator' retrieved from /home/pranav/.local/lib/python3.12/site-packages/airflow/example_dags/example_branch_operator_decorator.py
[2024-08-20T19:55:14.986+0530] {logging_mixin.py:188} INFO - [2024-08-20T19:55:14.986+0530] {dag.py:3089} INFO - Sync 1 DAGs
[2024-08-20T19:55:15.012+0530] {logging_mixin.py:188} INFO - [2024-08-20T19:55:15.012+0530] {dag.py:3947} INFO - Setting next_dagrun for example_branch_python_operator_decorator to 2024-08-19 00:00:00+00:00, run_after=2024-08-20 00:00:00+00:00
[2024-08-20T19:55:15.121+0530] {processor.py:183} INFO - Processing /home/pranav/.local/lib/python3.12/site-packages/airflow/example_dags/example_branch_operator_decorator.py took 0.213 seconds
[2024-08-20T19:56:29.487+0530] {processor.py:161} INFO - Started process (PID=26971) to work on /home/pranav/.local/lib/python3.12/site-packages/airflow/example_dags/example_branch_operator_decorator.py
[2024-08-20T19:56:29.502+0530] {processor.py:830} INFO - Processing file /home/pranav/.local/lib/python3.12/site-packages/airflow/example_dags/example_branch_operator_decorator.py for tasks to queue
[2024-08-20T19:56:29.504+0530] {logging_mixin.py:188} INFO - [2024-08-20T19:56:29.503+0530] {dagbag.py:545} INFO - Filling up the DagBag from /home/pranav/.local/lib/python3.12/site-packages/airflow/example_dags/example_branch_operator_decorator.py
[2024-08-20T19:56:29.534+0530] {processor.py:840} INFO - DAG(s) 'example_branch_python_operator_decorator' retrieved from /home/pranav/.local/lib/python3.12/site-packages/airflow/example_dags/example_branch_operator_decorator.py
[2024-08-20T19:56:29.571+0530] {logging_mixin.py:188} INFO - [2024-08-20T19:56:29.571+0530] {dag.py:3089} INFO - Sync 1 DAGs
[2024-08-20T19:56:29.600+0530] {logging_mixin.py:188} INFO - [2024-08-20T19:56:29.599+0530] {dag.py:3947} INFO - Setting next_dagrun for example_branch_python_operator_decorator to 2024-08-19 00:00:00+00:00, run_after=2024-08-20 00:00:00+00:00
[2024-08-20T19:56:29.729+0530] {processor.py:183} INFO - Processing /home/pranav/.local/lib/python3.12/site-packages/airflow/example_dags/example_branch_operator_decorator.py took 0.249 seconds
[2024-08-20T19:57:44.888+0530] {processor.py:161} INFO - Started process (PID=27430) to work on /home/pranav/.local/lib/python3.12/site-packages/airflow/example_dags/example_branch_operator_decorator.py
[2024-08-20T19:57:44.922+0530] {processor.py:830} INFO - Processing file /home/pranav/.local/lib/python3.12/site-packages/airflow/example_dags/example_branch_operator_decorator.py for tasks to queue
[2024-08-20T19:57:44.923+0530] {logging_mixin.py:188} INFO - [2024-08-20T19:57:44.922+0530] {dagbag.py:545} INFO - Filling up the DagBag from /home/pranav/.local/lib/python3.12/site-packages/airflow/example_dags/example_branch_operator_decorator.py
[2024-08-20T19:57:44.948+0530] {processor.py:840} INFO - DAG(s) 'example_branch_python_operator_decorator' retrieved from /home/pranav/.local/lib/python3.12/site-packages/airflow/example_dags/example_branch_operator_decorator.py
[2024-08-20T19:57:44.977+0530] {logging_mixin.py:188} INFO - [2024-08-20T19:57:44.977+0530] {dag.py:3089} INFO - Sync 1 DAGs
[2024-08-20T19:57:45.003+0530] {logging_mixin.py:188} INFO - [2024-08-20T19:57:45.003+0530] {dag.py:3947} INFO - Setting next_dagrun for example_branch_python_operator_decorator to 2024-08-19 00:00:00+00:00, run_after=2024-08-20 00:00:00+00:00
[2024-08-20T19:57:45.116+0530] {processor.py:183} INFO - Processing /home/pranav/.local/lib/python3.12/site-packages/airflow/example_dags/example_branch_operator_decorator.py took 0.234 seconds
