[2024-08-20T19:36:04.213+0530] {processor.py:161} INFO - Started process (PID=17861) to work on /home/pranav/.local/lib/python3.12/site-packages/airflow/example_dags/example_setup_teardown.py
[2024-08-20T19:36:04.215+0530] {processor.py:830} INFO - Processing file /home/pranav/.local/lib/python3.12/site-packages/airflow/example_dags/example_setup_teardown.py for tasks to queue
[2024-08-20T19:36:04.217+0530] {logging_mixin.py:188} INFO - [2024-08-20T19:36:04.216+0530] {dagbag.py:545} INFO - Filling up the DagBag from /home/pranav/.local/lib/python3.12/site-packages/airflow/example_dags/example_setup_teardown.py
[2024-08-20T19:36:04.232+0530] {processor.py:840} INFO - DAG(s) 'example_setup_teardown' retrieved from /home/pranav/.local/lib/python3.12/site-packages/airflow/example_dags/example_setup_teardown.py
[2024-08-20T19:36:04.266+0530] {logging_mixin.py:188} INFO - [2024-08-20T19:36:04.266+0530] {dag.py:3089} INFO - Sync 1 DAGs
[2024-08-20T19:36:04.535+0530] {logging_mixin.py:188} INFO - [2024-08-20T19:36:04.535+0530] {dag.py:3947} INFO - Setting next_dagrun for example_setup_teardown to 2024-08-19 00:00:00+00:00, run_after=2024-08-20 00:00:00+00:00
[2024-08-20T19:36:04.996+0530] {processor.py:183} INFO - Processing /home/pranav/.local/lib/python3.12/site-packages/airflow/example_dags/example_setup_teardown.py took 0.794 seconds
[2024-08-20T19:37:53.953+0530] {processor.py:161} INFO - Started process (PID=18881) to work on /home/pranav/.local/lib/python3.12/site-packages/airflow/example_dags/example_setup_teardown.py
[2024-08-20T19:37:53.954+0530] {processor.py:830} INFO - Processing file /home/pranav/.local/lib/python3.12/site-packages/airflow/example_dags/example_setup_teardown.py for tasks to queue
[2024-08-20T19:37:53.956+0530] {logging_mixin.py:188} INFO - [2024-08-20T19:37:53.955+0530] {dagbag.py:545} INFO - Filling up the DagBag from /home/pranav/.local/lib/python3.12/site-packages/airflow/example_dags/example_setup_teardown.py
[2024-08-20T19:37:53.972+0530] {processor.py:840} INFO - DAG(s) 'example_setup_teardown' retrieved from /home/pranav/.local/lib/python3.12/site-packages/airflow/example_dags/example_setup_teardown.py
[2024-08-20T19:37:54.007+0530] {logging_mixin.py:188} INFO - [2024-08-20T19:37:54.007+0530] {dag.py:3089} INFO - Sync 1 DAGs
[2024-08-20T19:37:54.048+0530] {logging_mixin.py:188} INFO - [2024-08-20T19:37:54.048+0530] {dag.py:3947} INFO - Setting next_dagrun for example_setup_teardown to 2024-08-19 00:00:00+00:00, run_after=2024-08-20 00:00:00+00:00
[2024-08-20T19:37:54.309+0530] {processor.py:183} INFO - Processing /home/pranav/.local/lib/python3.12/site-packages/airflow/example_dags/example_setup_teardown.py took 0.368 seconds
[2024-08-20T19:39:32.578+0530] {processor.py:161} INFO - Started process (PID=19590) to work on /home/pranav/.local/lib/python3.12/site-packages/airflow/example_dags/example_setup_teardown.py
[2024-08-20T19:39:32.580+0530] {processor.py:830} INFO - Processing file /home/pranav/.local/lib/python3.12/site-packages/airflow/example_dags/example_setup_teardown.py for tasks to queue
[2024-08-20T19:39:32.582+0530] {logging_mixin.py:188} INFO - [2024-08-20T19:39:32.581+0530] {dagbag.py:545} INFO - Filling up the DagBag from /home/pranav/.local/lib/python3.12/site-packages/airflow/example_dags/example_setup_teardown.py
[2024-08-20T19:39:32.598+0530] {processor.py:840} INFO - DAG(s) 'example_setup_teardown' retrieved from /home/pranav/.local/lib/python3.12/site-packages/airflow/example_dags/example_setup_teardown.py
[2024-08-20T19:39:32.631+0530] {logging_mixin.py:188} INFO - [2024-08-20T19:39:32.631+0530] {dag.py:3089} INFO - Sync 1 DAGs
[2024-08-20T19:39:32.673+0530] {logging_mixin.py:188} INFO - [2024-08-20T19:39:32.672+0530] {dag.py:3947} INFO - Setting next_dagrun for example_setup_teardown to 2024-08-19 00:00:00+00:00, run_after=2024-08-20 00:00:00+00:00
[2024-08-20T19:39:32.886+0530] {processor.py:183} INFO - Processing /home/pranav/.local/lib/python3.12/site-packages/airflow/example_dags/example_setup_teardown.py took 0.319 seconds
[2024-08-20T19:40:53.266+0530] {processor.py:161} INFO - Started process (PID=20465) to work on /home/pranav/.local/lib/python3.12/site-packages/airflow/example_dags/example_setup_teardown.py
[2024-08-20T19:40:53.267+0530] {processor.py:830} INFO - Processing file /home/pranav/.local/lib/python3.12/site-packages/airflow/example_dags/example_setup_teardown.py for tasks to queue
[2024-08-20T19:40:53.269+0530] {logging_mixin.py:188} INFO - [2024-08-20T19:40:53.268+0530] {dagbag.py:545} INFO - Filling up the DagBag from /home/pranav/.local/lib/python3.12/site-packages/airflow/example_dags/example_setup_teardown.py
[2024-08-20T19:40:53.284+0530] {processor.py:840} INFO - DAG(s) 'example_setup_teardown' retrieved from /home/pranav/.local/lib/python3.12/site-packages/airflow/example_dags/example_setup_teardown.py
[2024-08-20T19:40:53.319+0530] {logging_mixin.py:188} INFO - [2024-08-20T19:40:53.319+0530] {dag.py:3089} INFO - Sync 1 DAGs
[2024-08-20T19:40:53.362+0530] {logging_mixin.py:188} INFO - [2024-08-20T19:40:53.361+0530] {dag.py:3947} INFO - Setting next_dagrun for example_setup_teardown to 2024-08-19 00:00:00+00:00, run_after=2024-08-20 00:00:00+00:00
[2024-08-20T19:40:53.537+0530] {processor.py:183} INFO - Processing /home/pranav/.local/lib/python3.12/site-packages/airflow/example_dags/example_setup_teardown.py took 0.284 seconds
[2024-08-20T19:42:32.441+0530] {processor.py:161} INFO - Started process (PID=21447) to work on /home/pranav/.local/lib/python3.12/site-packages/airflow/example_dags/example_setup_teardown.py
[2024-08-20T19:42:32.445+0530] {processor.py:830} INFO - Processing file /home/pranav/.local/lib/python3.12/site-packages/airflow/example_dags/example_setup_teardown.py for tasks to queue
[2024-08-20T19:42:32.447+0530] {logging_mixin.py:188} INFO - [2024-08-20T19:42:32.446+0530] {dagbag.py:545} INFO - Filling up the DagBag from /home/pranav/.local/lib/python3.12/site-packages/airflow/example_dags/example_setup_teardown.py
[2024-08-20T19:42:32.462+0530] {processor.py:840} INFO - DAG(s) 'example_setup_teardown' retrieved from /home/pranav/.local/lib/python3.12/site-packages/airflow/example_dags/example_setup_teardown.py
[2024-08-20T19:42:32.495+0530] {logging_mixin.py:188} INFO - [2024-08-20T19:42:32.495+0530] {dag.py:3089} INFO - Sync 1 DAGs
[2024-08-20T19:42:32.537+0530] {logging_mixin.py:188} INFO - [2024-08-20T19:42:32.537+0530] {dag.py:3947} INFO - Setting next_dagrun for example_setup_teardown to 2024-08-19 00:00:00+00:00, run_after=2024-08-20 00:00:00+00:00
[2024-08-20T19:42:32.703+0530] {processor.py:183} INFO - Processing /home/pranav/.local/lib/python3.12/site-packages/airflow/example_dags/example_setup_teardown.py took 0.273 seconds
[2024-08-20T19:44:26.498+0530] {processor.py:161} INFO - Started process (PID=22329) to work on /home/pranav/.local/lib/python3.12/site-packages/airflow/example_dags/example_setup_teardown.py
[2024-08-20T19:44:26.538+0530] {processor.py:830} INFO - Processing file /home/pranav/.local/lib/python3.12/site-packages/airflow/example_dags/example_setup_teardown.py for tasks to queue
[2024-08-20T19:44:26.540+0530] {logging_mixin.py:188} INFO - [2024-08-20T19:44:26.539+0530] {dagbag.py:545} INFO - Filling up the DagBag from /home/pranav/.local/lib/python3.12/site-packages/airflow/example_dags/example_setup_teardown.py
[2024-08-20T19:44:26.559+0530] {processor.py:840} INFO - DAG(s) 'example_setup_teardown' retrieved from /home/pranav/.local/lib/python3.12/site-packages/airflow/example_dags/example_setup_teardown.py
[2024-08-20T19:44:26.596+0530] {logging_mixin.py:188} INFO - [2024-08-20T19:44:26.595+0530] {dag.py:3089} INFO - Sync 1 DAGs
[2024-08-20T19:44:26.641+0530] {logging_mixin.py:188} INFO - [2024-08-20T19:44:26.640+0530] {dag.py:3947} INFO - Setting next_dagrun for example_setup_teardown to 2024-08-19 00:00:00+00:00, run_after=2024-08-20 00:00:00+00:00
[2024-08-20T19:44:26.856+0530] {processor.py:183} INFO - Processing /home/pranav/.local/lib/python3.12/site-packages/airflow/example_dags/example_setup_teardown.py took 0.372 seconds
[2024-08-20T19:46:42.034+0530] {processor.py:161} INFO - Started process (PID=23456) to work on /home/pranav/.local/lib/python3.12/site-packages/airflow/example_dags/example_setup_teardown.py
[2024-08-20T19:46:42.036+0530] {processor.py:830} INFO - Processing file /home/pranav/.local/lib/python3.12/site-packages/airflow/example_dags/example_setup_teardown.py for tasks to queue
[2024-08-20T19:46:42.039+0530] {logging_mixin.py:188} INFO - [2024-08-20T19:46:42.038+0530] {dagbag.py:545} INFO - Filling up the DagBag from /home/pranav/.local/lib/python3.12/site-packages/airflow/example_dags/example_setup_teardown.py
[2024-08-20T19:46:42.062+0530] {processor.py:840} INFO - DAG(s) 'example_setup_teardown' retrieved from /home/pranav/.local/lib/python3.12/site-packages/airflow/example_dags/example_setup_teardown.py
[2024-08-20T19:46:42.105+0530] {logging_mixin.py:188} INFO - [2024-08-20T19:46:42.105+0530] {dag.py:3089} INFO - Sync 1 DAGs
[2024-08-20T19:46:42.170+0530] {logging_mixin.py:188} INFO - [2024-08-20T19:46:42.169+0530] {dag.py:3947} INFO - Setting next_dagrun for example_setup_teardown to 2024-08-19 00:00:00+00:00, run_after=2024-08-20 00:00:00+00:00
[2024-08-20T19:46:42.335+0530] {processor.py:183} INFO - Processing /home/pranav/.local/lib/python3.12/site-packages/airflow/example_dags/example_setup_teardown.py took 0.316 seconds
[2024-08-20T19:48:39.596+0530] {processor.py:161} INFO - Started process (PID=24349) to work on /home/pranav/.local/lib/python3.12/site-packages/airflow/example_dags/example_setup_teardown.py
[2024-08-20T19:48:39.730+0530] {processor.py:830} INFO - Processing file /home/pranav/.local/lib/python3.12/site-packages/airflow/example_dags/example_setup_teardown.py for tasks to queue
[2024-08-20T19:48:39.733+0530] {logging_mixin.py:188} INFO - [2024-08-20T19:48:39.731+0530] {dagbag.py:545} INFO - Filling up the DagBag from /home/pranav/.local/lib/python3.12/site-packages/airflow/example_dags/example_setup_teardown.py
[2024-08-20T19:48:39.751+0530] {processor.py:840} INFO - DAG(s) 'example_setup_teardown' retrieved from /home/pranav/.local/lib/python3.12/site-packages/airflow/example_dags/example_setup_teardown.py
[2024-08-20T19:48:39.800+0530] {logging_mixin.py:188} INFO - [2024-08-20T19:48:39.800+0530] {dag.py:3089} INFO - Sync 1 DAGs
[2024-08-20T19:48:39.860+0530] {logging_mixin.py:188} INFO - [2024-08-20T19:48:39.859+0530] {dag.py:3947} INFO - Setting next_dagrun for example_setup_teardown to 2024-08-19 00:00:00+00:00, run_after=2024-08-20 00:00:00+00:00
[2024-08-20T19:48:40.120+0530] {processor.py:183} INFO - Processing /home/pranav/.local/lib/python3.12/site-packages/airflow/example_dags/example_setup_teardown.py took 0.538 seconds
[2024-08-20T19:50:01.829+0530] {processor.py:161} INFO - Started process (PID=24842) to work on /home/pranav/.local/lib/python3.12/site-packages/airflow/example_dags/example_setup_teardown.py
[2024-08-20T19:50:01.838+0530] {processor.py:830} INFO - Processing file /home/pranav/.local/lib/python3.12/site-packages/airflow/example_dags/example_setup_teardown.py for tasks to queue
[2024-08-20T19:50:01.839+0530] {logging_mixin.py:188} INFO - [2024-08-20T19:50:01.838+0530] {dagbag.py:545} INFO - Filling up the DagBag from /home/pranav/.local/lib/python3.12/site-packages/airflow/example_dags/example_setup_teardown.py
[2024-08-20T19:50:01.848+0530] {processor.py:840} INFO - DAG(s) 'example_setup_teardown' retrieved from /home/pranav/.local/lib/python3.12/site-packages/airflow/example_dags/example_setup_teardown.py
[2024-08-20T19:50:01.867+0530] {logging_mixin.py:188} INFO - [2024-08-20T19:50:01.867+0530] {dag.py:3089} INFO - Sync 1 DAGs
[2024-08-20T19:50:01.891+0530] {logging_mixin.py:188} INFO - [2024-08-20T19:50:01.891+0530] {dag.py:3947} INFO - Setting next_dagrun for example_setup_teardown to 2024-08-19 00:00:00+00:00, run_after=2024-08-20 00:00:00+00:00
[2024-08-20T19:50:02.009+0530] {processor.py:183} INFO - Processing /home/pranav/.local/lib/python3.12/site-packages/airflow/example_dags/example_setup_teardown.py took 0.188 seconds
[2024-08-20T19:51:13.387+0530] {processor.py:161} INFO - Started process (PID=25244) to work on /home/pranav/.local/lib/python3.12/site-packages/airflow/example_dags/example_setup_teardown.py
[2024-08-20T19:51:13.389+0530] {processor.py:830} INFO - Processing file /home/pranav/.local/lib/python3.12/site-packages/airflow/example_dags/example_setup_teardown.py for tasks to queue
[2024-08-20T19:51:13.390+0530] {logging_mixin.py:188} INFO - [2024-08-20T19:51:13.390+0530] {dagbag.py:545} INFO - Filling up the DagBag from /home/pranav/.local/lib/python3.12/site-packages/airflow/example_dags/example_setup_teardown.py
[2024-08-20T19:51:13.399+0530] {processor.py:840} INFO - DAG(s) 'example_setup_teardown' retrieved from /home/pranav/.local/lib/python3.12/site-packages/airflow/example_dags/example_setup_teardown.py
[2024-08-20T19:51:13.415+0530] {logging_mixin.py:188} INFO - [2024-08-20T19:51:13.415+0530] {dag.py:3089} INFO - Sync 1 DAGs
[2024-08-20T19:51:13.433+0530] {logging_mixin.py:188} INFO - [2024-08-20T19:51:13.433+0530] {dag.py:3947} INFO - Setting next_dagrun for example_setup_teardown to 2024-08-19 00:00:00+00:00, run_after=2024-08-20 00:00:00+00:00
[2024-08-20T19:51:13.580+0530] {processor.py:183} INFO - Processing /home/pranav/.local/lib/python3.12/site-packages/airflow/example_dags/example_setup_teardown.py took 0.200 seconds
[2024-08-20T19:52:31.241+0530] {processor.py:161} INFO - Started process (PID=25677) to work on /home/pranav/.local/lib/python3.12/site-packages/airflow/example_dags/example_setup_teardown.py
[2024-08-20T19:52:31.309+0530] {processor.py:830} INFO - Processing file /home/pranav/.local/lib/python3.12/site-packages/airflow/example_dags/example_setup_teardown.py for tasks to queue
[2024-08-20T19:52:31.310+0530] {logging_mixin.py:188} INFO - [2024-08-20T19:52:31.309+0530] {dagbag.py:545} INFO - Filling up the DagBag from /home/pranav/.local/lib/python3.12/site-packages/airflow/example_dags/example_setup_teardown.py
[2024-08-20T19:52:31.318+0530] {processor.py:840} INFO - DAG(s) 'example_setup_teardown' retrieved from /home/pranav/.local/lib/python3.12/site-packages/airflow/example_dags/example_setup_teardown.py
[2024-08-20T19:52:31.334+0530] {logging_mixin.py:188} INFO - [2024-08-20T19:52:31.334+0530] {dag.py:3089} INFO - Sync 1 DAGs
[2024-08-20T19:52:31.353+0530] {logging_mixin.py:188} INFO - [2024-08-20T19:52:31.352+0530] {dag.py:3947} INFO - Setting next_dagrun for example_setup_teardown to 2024-08-19 00:00:00+00:00, run_after=2024-08-20 00:00:00+00:00
[2024-08-20T19:52:31.459+0530] {processor.py:183} INFO - Processing /home/pranav/.local/lib/python3.12/site-packages/airflow/example_dags/example_setup_teardown.py took 0.224 seconds
[2024-08-20T19:53:48.702+0530] {processor.py:161} INFO - Started process (PID=26126) to work on /home/pranav/.local/lib/python3.12/site-packages/airflow/example_dags/example_setup_teardown.py
[2024-08-20T19:53:48.773+0530] {processor.py:830} INFO - Processing file /home/pranav/.local/lib/python3.12/site-packages/airflow/example_dags/example_setup_teardown.py for tasks to queue
[2024-08-20T19:53:48.774+0530] {logging_mixin.py:188} INFO - [2024-08-20T19:53:48.773+0530] {dagbag.py:545} INFO - Filling up the DagBag from /home/pranav/.local/lib/python3.12/site-packages/airflow/example_dags/example_setup_teardown.py
[2024-08-20T19:53:48.782+0530] {processor.py:840} INFO - DAG(s) 'example_setup_teardown' retrieved from /home/pranav/.local/lib/python3.12/site-packages/airflow/example_dags/example_setup_teardown.py
[2024-08-20T19:53:48.801+0530] {logging_mixin.py:188} INFO - [2024-08-20T19:53:48.801+0530] {dag.py:3089} INFO - Sync 1 DAGs
[2024-08-20T19:53:48.824+0530] {logging_mixin.py:188} INFO - [2024-08-20T19:53:48.824+0530] {dag.py:3947} INFO - Setting next_dagrun for example_setup_teardown to 2024-08-19 00:00:00+00:00, run_after=2024-08-20 00:00:00+00:00
[2024-08-20T19:53:48.928+0530] {processor.py:183} INFO - Processing /home/pranav/.local/lib/python3.12/site-packages/airflow/example_dags/example_setup_teardown.py took 0.233 seconds
[2024-08-20T19:55:01.260+0530] {processor.py:161} INFO - Started process (PID=26507) to work on /home/pranav/.local/lib/python3.12/site-packages/airflow/example_dags/example_setup_teardown.py
[2024-08-20T19:55:01.412+0530] {processor.py:830} INFO - Processing file /home/pranav/.local/lib/python3.12/site-packages/airflow/example_dags/example_setup_teardown.py for tasks to queue
[2024-08-20T19:55:01.413+0530] {logging_mixin.py:188} INFO - [2024-08-20T19:55:01.413+0530] {dagbag.py:545} INFO - Filling up the DagBag from /home/pranav/.local/lib/python3.12/site-packages/airflow/example_dags/example_setup_teardown.py
[2024-08-20T19:55:01.422+0530] {processor.py:840} INFO - DAG(s) 'example_setup_teardown' retrieved from /home/pranav/.local/lib/python3.12/site-packages/airflow/example_dags/example_setup_teardown.py
[2024-08-20T19:55:01.442+0530] {logging_mixin.py:188} INFO - [2024-08-20T19:55:01.441+0530] {dag.py:3089} INFO - Sync 1 DAGs
[2024-08-20T19:55:01.465+0530] {logging_mixin.py:188} INFO - [2024-08-20T19:55:01.465+0530] {dag.py:3947} INFO - Setting next_dagrun for example_setup_teardown to 2024-08-19 00:00:00+00:00, run_after=2024-08-20 00:00:00+00:00
[2024-08-20T19:55:01.588+0530] {processor.py:183} INFO - Processing /home/pranav/.local/lib/python3.12/site-packages/airflow/example_dags/example_setup_teardown.py took 0.334 seconds
[2024-08-20T19:56:15.000+0530] {processor.py:161} INFO - Started process (PID=26894) to work on /home/pranav/.local/lib/python3.12/site-packages/airflow/example_dags/example_setup_teardown.py
[2024-08-20T19:56:15.035+0530] {processor.py:830} INFO - Processing file /home/pranav/.local/lib/python3.12/site-packages/airflow/example_dags/example_setup_teardown.py for tasks to queue
[2024-08-20T19:56:15.036+0530] {logging_mixin.py:188} INFO - [2024-08-20T19:56:15.036+0530] {dagbag.py:545} INFO - Filling up the DagBag from /home/pranav/.local/lib/python3.12/site-packages/airflow/example_dags/example_setup_teardown.py
[2024-08-20T19:56:15.046+0530] {processor.py:840} INFO - DAG(s) 'example_setup_teardown' retrieved from /home/pranav/.local/lib/python3.12/site-packages/airflow/example_dags/example_setup_teardown.py
[2024-08-20T19:56:15.070+0530] {logging_mixin.py:188} INFO - [2024-08-20T19:56:15.070+0530] {dag.py:3089} INFO - Sync 1 DAGs
[2024-08-20T19:56:15.097+0530] {logging_mixin.py:188} INFO - [2024-08-20T19:56:15.097+0530] {dag.py:3947} INFO - Setting next_dagrun for example_setup_teardown to 2024-08-19 00:00:00+00:00, run_after=2024-08-20 00:00:00+00:00
[2024-08-20T19:56:15.280+0530] {processor.py:183} INFO - Processing /home/pranav/.local/lib/python3.12/site-packages/airflow/example_dags/example_setup_teardown.py took 0.288 seconds
[2024-08-20T19:57:31.089+0530] {processor.py:161} INFO - Started process (PID=27362) to work on /home/pranav/.local/lib/python3.12/site-packages/airflow/example_dags/example_setup_teardown.py
[2024-08-20T19:57:31.091+0530] {processor.py:830} INFO - Processing file /home/pranav/.local/lib/python3.12/site-packages/airflow/example_dags/example_setup_teardown.py for tasks to queue
[2024-08-20T19:57:31.092+0530] {logging_mixin.py:188} INFO - [2024-08-20T19:57:31.092+0530] {dagbag.py:545} INFO - Filling up the DagBag from /home/pranav/.local/lib/python3.12/site-packages/airflow/example_dags/example_setup_teardown.py
[2024-08-20T19:57:31.101+0530] {processor.py:840} INFO - DAG(s) 'example_setup_teardown' retrieved from /home/pranav/.local/lib/python3.12/site-packages/airflow/example_dags/example_setup_teardown.py
[2024-08-20T19:57:31.121+0530] {logging_mixin.py:188} INFO - [2024-08-20T19:57:31.121+0530] {dag.py:3089} INFO - Sync 1 DAGs
[2024-08-20T19:57:31.144+0530] {logging_mixin.py:188} INFO - [2024-08-20T19:57:31.144+0530] {dag.py:3947} INFO - Setting next_dagrun for example_setup_teardown to 2024-08-19 00:00:00+00:00, run_after=2024-08-20 00:00:00+00:00
[2024-08-20T19:57:31.404+0530] {processor.py:183} INFO - Processing /home/pranav/.local/lib/python3.12/site-packages/airflow/example_dags/example_setup_teardown.py took 0.322 seconds
