[2024-08-20T19:37:22.122+0530] {processor.py:161} INFO - Started process (PID=18548) to work on /home/pranav/.local/lib/python3.12/site-packages/airflow/example_dags/example_branch_day_of_week_operator.py
[2024-08-20T19:37:22.123+0530] {processor.py:830} INFO - Processing file /home/pranav/.local/lib/python3.12/site-packages/airflow/example_dags/example_branch_day_of_week_operator.py for tasks to queue
[2024-08-20T19:37:22.125+0530] {logging_mixin.py:188} INFO - [2024-08-20T19:37:22.124+0530] {dagbag.py:545} INFO - Filling up the DagBag from /home/pranav/.local/lib/python3.12/site-packages/airflow/example_dags/example_branch_day_of_week_operator.py
[2024-08-20T19:37:22.141+0530] {processor.py:840} INFO - DAG(s) 'example_weekday_branch_operator' retrieved from /home/pranav/.local/lib/python3.12/site-packages/airflow/example_dags/example_branch_day_of_week_operator.py
[2024-08-20T19:37:22.184+0530] {logging_mixin.py:188} INFO - [2024-08-20T19:37:22.183+0530] {dag.py:3089} INFO - Sync 1 DAGs
[2024-08-20T19:37:22.232+0530] {logging_mixin.py:188} INFO - [2024-08-20T19:37:22.232+0530] {dag.py:3947} INFO - Setting next_dagrun for example_weekday_branch_operator to 2024-08-19 00:00:00+00:00, run_after=2024-08-20 00:00:00+00:00
[2024-08-20T19:37:22.416+0530] {processor.py:183} INFO - Processing /home/pranav/.local/lib/python3.12/site-packages/airflow/example_dags/example_branch_day_of_week_operator.py took 0.306 seconds
[2024-08-20T19:38:57.998+0530] {processor.py:161} INFO - Started process (PID=19301) to work on /home/pranav/.local/lib/python3.12/site-packages/airflow/example_dags/example_branch_day_of_week_operator.py
[2024-08-20T19:38:57.999+0530] {processor.py:830} INFO - Processing file /home/pranav/.local/lib/python3.12/site-packages/airflow/example_dags/example_branch_day_of_week_operator.py for tasks to queue
[2024-08-20T19:38:58.001+0530] {logging_mixin.py:188} INFO - [2024-08-20T19:38:58.000+0530] {dagbag.py:545} INFO - Filling up the DagBag from /home/pranav/.local/lib/python3.12/site-packages/airflow/example_dags/example_branch_day_of_week_operator.py
[2024-08-20T19:38:58.018+0530] {processor.py:840} INFO - DAG(s) 'example_weekday_branch_operator' retrieved from /home/pranav/.local/lib/python3.12/site-packages/airflow/example_dags/example_branch_day_of_week_operator.py
[2024-08-20T19:38:58.056+0530] {logging_mixin.py:188} INFO - [2024-08-20T19:38:58.055+0530] {dag.py:3089} INFO - Sync 1 DAGs
[2024-08-20T19:38:58.101+0530] {logging_mixin.py:188} INFO - [2024-08-20T19:38:58.100+0530] {dag.py:3947} INFO - Setting next_dagrun for example_weekday_branch_operator to 2024-08-19 00:00:00+00:00, run_after=2024-08-20 00:00:00+00:00
[2024-08-20T19:38:58.339+0530] {processor.py:183} INFO - Processing /home/pranav/.local/lib/python3.12/site-packages/airflow/example_dags/example_branch_day_of_week_operator.py took 0.353 seconds
[2024-08-20T19:41:06.331+0530] {processor.py:161} INFO - Started process (PID=20597) to work on /home/pranav/.local/lib/python3.12/site-packages/airflow/example_dags/example_branch_day_of_week_operator.py
[2024-08-20T19:41:06.333+0530] {processor.py:830} INFO - Processing file /home/pranav/.local/lib/python3.12/site-packages/airflow/example_dags/example_branch_day_of_week_operator.py for tasks to queue
[2024-08-20T19:41:06.335+0530] {logging_mixin.py:188} INFO - [2024-08-20T19:41:06.334+0530] {dagbag.py:545} INFO - Filling up the DagBag from /home/pranav/.local/lib/python3.12/site-packages/airflow/example_dags/example_branch_day_of_week_operator.py
[2024-08-20T19:41:06.352+0530] {processor.py:840} INFO - DAG(s) 'example_weekday_branch_operator' retrieved from /home/pranav/.local/lib/python3.12/site-packages/airflow/example_dags/example_branch_day_of_week_operator.py
[2024-08-20T19:41:06.388+0530] {logging_mixin.py:188} INFO - [2024-08-20T19:41:06.387+0530] {dag.py:3089} INFO - Sync 1 DAGs
[2024-08-20T19:41:06.432+0530] {logging_mixin.py:188} INFO - [2024-08-20T19:41:06.431+0530] {dag.py:3947} INFO - Setting next_dagrun for example_weekday_branch_operator to 2024-08-19 00:00:00+00:00, run_after=2024-08-20 00:00:00+00:00
[2024-08-20T19:41:06.676+0530] {processor.py:183} INFO - Processing /home/pranav/.local/lib/python3.12/site-packages/airflow/example_dags/example_branch_day_of_week_operator.py took 0.357 seconds
[2024-08-20T19:42:43.492+0530] {processor.py:161} INFO - Started process (PID=21508) to work on /home/pranav/.local/lib/python3.12/site-packages/airflow/example_dags/example_branch_day_of_week_operator.py
[2024-08-20T19:42:43.494+0530] {processor.py:830} INFO - Processing file /home/pranav/.local/lib/python3.12/site-packages/airflow/example_dags/example_branch_day_of_week_operator.py for tasks to queue
[2024-08-20T19:42:43.496+0530] {logging_mixin.py:188} INFO - [2024-08-20T19:42:43.495+0530] {dagbag.py:545} INFO - Filling up the DagBag from /home/pranav/.local/lib/python3.12/site-packages/airflow/example_dags/example_branch_day_of_week_operator.py
[2024-08-20T19:42:43.512+0530] {processor.py:840} INFO - DAG(s) 'example_weekday_branch_operator' retrieved from /home/pranav/.local/lib/python3.12/site-packages/airflow/example_dags/example_branch_day_of_week_operator.py
[2024-08-20T19:42:43.551+0530] {logging_mixin.py:188} INFO - [2024-08-20T19:42:43.550+0530] {dag.py:3089} INFO - Sync 1 DAGs
[2024-08-20T19:42:43.597+0530] {logging_mixin.py:188} INFO - [2024-08-20T19:42:43.596+0530] {dag.py:3947} INFO - Setting next_dagrun for example_weekday_branch_operator to 2024-08-19 00:00:00+00:00, run_after=2024-08-20 00:00:00+00:00
[2024-08-20T19:42:43.770+0530] {processor.py:183} INFO - Processing /home/pranav/.local/lib/python3.12/site-packages/airflow/example_dags/example_branch_day_of_week_operator.py took 0.290 seconds
[2024-08-20T19:44:38.061+0530] {processor.py:161} INFO - Started process (PID=22395) to work on /home/pranav/.local/lib/python3.12/site-packages/airflow/example_dags/example_branch_day_of_week_operator.py
[2024-08-20T19:44:38.079+0530] {processor.py:830} INFO - Processing file /home/pranav/.local/lib/python3.12/site-packages/airflow/example_dags/example_branch_day_of_week_operator.py for tasks to queue
[2024-08-20T19:44:38.082+0530] {logging_mixin.py:188} INFO - [2024-08-20T19:44:38.081+0530] {dagbag.py:545} INFO - Filling up the DagBag from /home/pranav/.local/lib/python3.12/site-packages/airflow/example_dags/example_branch_day_of_week_operator.py
[2024-08-20T19:44:38.108+0530] {processor.py:840} INFO - DAG(s) 'example_weekday_branch_operator' retrieved from /home/pranav/.local/lib/python3.12/site-packages/airflow/example_dags/example_branch_day_of_week_operator.py
[2024-08-20T19:44:38.179+0530] {logging_mixin.py:188} INFO - [2024-08-20T19:44:38.177+0530] {dag.py:3089} INFO - Sync 1 DAGs
[2024-08-20T19:44:38.252+0530] {logging_mixin.py:188} INFO - [2024-08-20T19:44:38.252+0530] {dag.py:3947} INFO - Setting next_dagrun for example_weekday_branch_operator to 2024-08-19 00:00:00+00:00, run_after=2024-08-20 00:00:00+00:00
[2024-08-20T19:44:38.446+0530] {processor.py:183} INFO - Processing /home/pranav/.local/lib/python3.12/site-packages/airflow/example_dags/example_branch_day_of_week_operator.py took 0.402 seconds
[2024-08-20T19:46:56.022+0530] {processor.py:161} INFO - Started process (PID=23586) to work on /home/pranav/.local/lib/python3.12/site-packages/airflow/example_dags/example_branch_day_of_week_operator.py
[2024-08-20T19:46:56.044+0530] {processor.py:830} INFO - Processing file /home/pranav/.local/lib/python3.12/site-packages/airflow/example_dags/example_branch_day_of_week_operator.py for tasks to queue
[2024-08-20T19:46:56.056+0530] {logging_mixin.py:188} INFO - [2024-08-20T19:46:56.054+0530] {dagbag.py:545} INFO - Filling up the DagBag from /home/pranav/.local/lib/python3.12/site-packages/airflow/example_dags/example_branch_day_of_week_operator.py
[2024-08-20T19:46:56.106+0530] {processor.py:840} INFO - DAG(s) 'example_weekday_branch_operator' retrieved from /home/pranav/.local/lib/python3.12/site-packages/airflow/example_dags/example_branch_day_of_week_operator.py
[2024-08-20T19:46:56.178+0530] {logging_mixin.py:188} INFO - [2024-08-20T19:46:56.178+0530] {dag.py:3089} INFO - Sync 1 DAGs
[2024-08-20T19:46:56.255+0530] {logging_mixin.py:188} INFO - [2024-08-20T19:46:56.255+0530] {dag.py:3947} INFO - Setting next_dagrun for example_weekday_branch_operator to 2024-08-19 00:00:00+00:00, run_after=2024-08-20 00:00:00+00:00
[2024-08-20T19:46:56.702+0530] {processor.py:183} INFO - Processing /home/pranav/.local/lib/python3.12/site-packages/airflow/example_dags/example_branch_day_of_week_operator.py took 0.709 seconds
[2024-08-20T19:48:52.015+0530] {processor.py:161} INFO - Started process (PID=24429) to work on /home/pranav/.local/lib/python3.12/site-packages/airflow/example_dags/example_branch_day_of_week_operator.py
[2024-08-20T19:48:52.017+0530] {processor.py:830} INFO - Processing file /home/pranav/.local/lib/python3.12/site-packages/airflow/example_dags/example_branch_day_of_week_operator.py for tasks to queue
[2024-08-20T19:48:52.020+0530] {logging_mixin.py:188} INFO - [2024-08-20T19:48:52.019+0530] {dagbag.py:545} INFO - Filling up the DagBag from /home/pranav/.local/lib/python3.12/site-packages/airflow/example_dags/example_branch_day_of_week_operator.py
[2024-08-20T19:48:52.040+0530] {processor.py:840} INFO - DAG(s) 'example_weekday_branch_operator' retrieved from /home/pranav/.local/lib/python3.12/site-packages/airflow/example_dags/example_branch_day_of_week_operator.py
[2024-08-20T19:48:52.081+0530] {logging_mixin.py:188} INFO - [2024-08-20T19:48:52.080+0530] {dag.py:3089} INFO - Sync 1 DAGs
[2024-08-20T19:48:52.129+0530] {logging_mixin.py:188} INFO - [2024-08-20T19:48:52.129+0530] {dag.py:3947} INFO - Setting next_dagrun for example_weekday_branch_operator to 2024-08-19 00:00:00+00:00, run_after=2024-08-20 00:00:00+00:00
[2024-08-20T19:48:52.272+0530] {processor.py:183} INFO - Processing /home/pranav/.local/lib/python3.12/site-packages/airflow/example_dags/example_branch_day_of_week_operator.py took 0.272 seconds
[2024-08-20T19:50:11.517+0530] {processor.py:161} INFO - Started process (PID=24891) to work on /home/pranav/.local/lib/python3.12/site-packages/airflow/example_dags/example_branch_day_of_week_operator.py
[2024-08-20T19:50:11.625+0530] {processor.py:830} INFO - Processing file /home/pranav/.local/lib/python3.12/site-packages/airflow/example_dags/example_branch_day_of_week_operator.py for tasks to queue
[2024-08-20T19:50:11.626+0530] {logging_mixin.py:188} INFO - [2024-08-20T19:50:11.626+0530] {dagbag.py:545} INFO - Filling up the DagBag from /home/pranav/.local/lib/python3.12/site-packages/airflow/example_dags/example_branch_day_of_week_operator.py
[2024-08-20T19:50:11.635+0530] {processor.py:840} INFO - DAG(s) 'example_weekday_branch_operator' retrieved from /home/pranav/.local/lib/python3.12/site-packages/airflow/example_dags/example_branch_day_of_week_operator.py
[2024-08-20T19:50:11.652+0530] {logging_mixin.py:188} INFO - [2024-08-20T19:50:11.652+0530] {dag.py:3089} INFO - Sync 1 DAGs
[2024-08-20T19:50:11.673+0530] {logging_mixin.py:188} INFO - [2024-08-20T19:50:11.673+0530] {dag.py:3947} INFO - Setting next_dagrun for example_weekday_branch_operator to 2024-08-19 00:00:00+00:00, run_after=2024-08-20 00:00:00+00:00
[2024-08-20T19:50:11.788+0530] {processor.py:183} INFO - Processing /home/pranav/.local/lib/python3.12/site-packages/airflow/example_dags/example_branch_day_of_week_operator.py took 0.279 seconds
[2024-08-20T19:51:23.869+0530] {processor.py:161} INFO - Started process (PID=25307) to work on /home/pranav/.local/lib/python3.12/site-packages/airflow/example_dags/example_branch_day_of_week_operator.py
[2024-08-20T19:51:23.903+0530] {processor.py:830} INFO - Processing file /home/pranav/.local/lib/python3.12/site-packages/airflow/example_dags/example_branch_day_of_week_operator.py for tasks to queue
[2024-08-20T19:51:23.905+0530] {logging_mixin.py:188} INFO - [2024-08-20T19:51:23.904+0530] {dagbag.py:545} INFO - Filling up the DagBag from /home/pranav/.local/lib/python3.12/site-packages/airflow/example_dags/example_branch_day_of_week_operator.py
[2024-08-20T19:51:23.914+0530] {processor.py:840} INFO - DAG(s) 'example_weekday_branch_operator' retrieved from /home/pranav/.local/lib/python3.12/site-packages/airflow/example_dags/example_branch_day_of_week_operator.py
[2024-08-20T19:51:23.934+0530] {logging_mixin.py:188} INFO - [2024-08-20T19:51:23.934+0530] {dag.py:3089} INFO - Sync 1 DAGs
[2024-08-20T19:51:23.959+0530] {logging_mixin.py:188} INFO - [2024-08-20T19:51:23.959+0530] {dag.py:3947} INFO - Setting next_dagrun for example_weekday_branch_operator to 2024-08-19 00:00:00+00:00, run_after=2024-08-20 00:00:00+00:00
[2024-08-20T19:51:24.069+0530] {processor.py:183} INFO - Processing /home/pranav/.local/lib/python3.12/site-packages/airflow/example_dags/example_branch_day_of_week_operator.py took 0.206 seconds
[2024-08-20T19:52:41.795+0530] {processor.py:161} INFO - Started process (PID=25760) to work on /home/pranav/.local/lib/python3.12/site-packages/airflow/example_dags/example_branch_day_of_week_operator.py
[2024-08-20T19:52:41.817+0530] {processor.py:830} INFO - Processing file /home/pranav/.local/lib/python3.12/site-packages/airflow/example_dags/example_branch_day_of_week_operator.py for tasks to queue
[2024-08-20T19:52:41.818+0530] {logging_mixin.py:188} INFO - [2024-08-20T19:52:41.818+0530] {dagbag.py:545} INFO - Filling up the DagBag from /home/pranav/.local/lib/python3.12/site-packages/airflow/example_dags/example_branch_day_of_week_operator.py
[2024-08-20T19:52:41.828+0530] {processor.py:840} INFO - DAG(s) 'example_weekday_branch_operator' retrieved from /home/pranav/.local/lib/python3.12/site-packages/airflow/example_dags/example_branch_day_of_week_operator.py
[2024-08-20T19:52:41.846+0530] {logging_mixin.py:188} INFO - [2024-08-20T19:52:41.846+0530] {dag.py:3089} INFO - Sync 1 DAGs
[2024-08-20T19:52:41.867+0530] {logging_mixin.py:188} INFO - [2024-08-20T19:52:41.866+0530] {dag.py:3947} INFO - Setting next_dagrun for example_weekday_branch_operator to 2024-08-19 00:00:00+00:00, run_after=2024-08-20 00:00:00+00:00
[2024-08-20T19:52:42.005+0530] {processor.py:183} INFO - Processing /home/pranav/.local/lib/python3.12/site-packages/airflow/example_dags/example_branch_day_of_week_operator.py took 0.215 seconds
[2024-08-20T19:53:58.155+0530] {processor.py:161} INFO - Started process (PID=26173) to work on /home/pranav/.local/lib/python3.12/site-packages/airflow/example_dags/example_branch_day_of_week_operator.py
[2024-08-20T19:53:58.279+0530] {processor.py:830} INFO - Processing file /home/pranav/.local/lib/python3.12/site-packages/airflow/example_dags/example_branch_day_of_week_operator.py for tasks to queue
[2024-08-20T19:53:58.282+0530] {logging_mixin.py:188} INFO - [2024-08-20T19:53:58.280+0530] {dagbag.py:545} INFO - Filling up the DagBag from /home/pranav/.local/lib/python3.12/site-packages/airflow/example_dags/example_branch_day_of_week_operator.py
[2024-08-20T19:53:58.299+0530] {processor.py:840} INFO - DAG(s) 'example_weekday_branch_operator' retrieved from /home/pranav/.local/lib/python3.12/site-packages/airflow/example_dags/example_branch_day_of_week_operator.py
[2024-08-20T19:53:58.322+0530] {logging_mixin.py:188} INFO - [2024-08-20T19:53:58.322+0530] {dag.py:3089} INFO - Sync 1 DAGs
[2024-08-20T19:53:58.347+0530] {logging_mixin.py:188} INFO - [2024-08-20T19:53:58.347+0530] {dag.py:3947} INFO - Setting next_dagrun for example_weekday_branch_operator to 2024-08-19 00:00:00+00:00, run_after=2024-08-20 00:00:00+00:00
[2024-08-20T19:53:58.463+0530] {processor.py:183} INFO - Processing /home/pranav/.local/lib/python3.12/site-packages/airflow/example_dags/example_branch_day_of_week_operator.py took 0.315 seconds
[2024-08-20T19:55:11.570+0530] {processor.py:161} INFO - Started process (PID=26559) to work on /home/pranav/.local/lib/python3.12/site-packages/airflow/example_dags/example_branch_day_of_week_operator.py
[2024-08-20T19:55:11.604+0530] {processor.py:830} INFO - Processing file /home/pranav/.local/lib/python3.12/site-packages/airflow/example_dags/example_branch_day_of_week_operator.py for tasks to queue
[2024-08-20T19:55:11.605+0530] {logging_mixin.py:188} INFO - [2024-08-20T19:55:11.605+0530] {dagbag.py:545} INFO - Filling up the DagBag from /home/pranav/.local/lib/python3.12/site-packages/airflow/example_dags/example_branch_day_of_week_operator.py
[2024-08-20T19:55:11.615+0530] {processor.py:840} INFO - DAG(s) 'example_weekday_branch_operator' retrieved from /home/pranav/.local/lib/python3.12/site-packages/airflow/example_dags/example_branch_day_of_week_operator.py
[2024-08-20T19:55:11.637+0530] {logging_mixin.py:188} INFO - [2024-08-20T19:55:11.637+0530] {dag.py:3089} INFO - Sync 1 DAGs
[2024-08-20T19:55:11.661+0530] {logging_mixin.py:188} INFO - [2024-08-20T19:55:11.660+0530] {dag.py:3947} INFO - Setting next_dagrun for example_weekday_branch_operator to 2024-08-19 00:00:00+00:00, run_after=2024-08-20 00:00:00+00:00
[2024-08-20T19:55:11.821+0530] {processor.py:183} INFO - Processing /home/pranav/.local/lib/python3.12/site-packages/airflow/example_dags/example_branch_day_of_week_operator.py took 0.258 seconds
[2024-08-20T19:56:25.347+0530] {processor.py:161} INFO - Started process (PID=26947) to work on /home/pranav/.local/lib/python3.12/site-packages/airflow/example_dags/example_branch_day_of_week_operator.py
[2024-08-20T19:56:25.380+0530] {processor.py:830} INFO - Processing file /home/pranav/.local/lib/python3.12/site-packages/airflow/example_dags/example_branch_day_of_week_operator.py for tasks to queue
[2024-08-20T19:56:25.381+0530] {logging_mixin.py:188} INFO - [2024-08-20T19:56:25.380+0530] {dagbag.py:545} INFO - Filling up the DagBag from /home/pranav/.local/lib/python3.12/site-packages/airflow/example_dags/example_branch_day_of_week_operator.py
[2024-08-20T19:56:25.391+0530] {processor.py:840} INFO - DAG(s) 'example_weekday_branch_operator' retrieved from /home/pranav/.local/lib/python3.12/site-packages/airflow/example_dags/example_branch_day_of_week_operator.py
[2024-08-20T19:56:25.412+0530] {logging_mixin.py:188} INFO - [2024-08-20T19:56:25.412+0530] {dag.py:3089} INFO - Sync 1 DAGs
[2024-08-20T19:56:25.436+0530] {logging_mixin.py:188} INFO - [2024-08-20T19:56:25.436+0530] {dag.py:3947} INFO - Setting next_dagrun for example_weekday_branch_operator to 2024-08-19 00:00:00+00:00, run_after=2024-08-20 00:00:00+00:00
[2024-08-20T19:56:25.546+0530] {processor.py:183} INFO - Processing /home/pranav/.local/lib/python3.12/site-packages/airflow/example_dags/example_branch_day_of_week_operator.py took 0.206 seconds
[2024-08-20T19:57:40.761+0530] {processor.py:161} INFO - Started process (PID=27407) to work on /home/pranav/.local/lib/python3.12/site-packages/airflow/example_dags/example_branch_day_of_week_operator.py
[2024-08-20T19:57:40.792+0530] {processor.py:830} INFO - Processing file /home/pranav/.local/lib/python3.12/site-packages/airflow/example_dags/example_branch_day_of_week_operator.py for tasks to queue
[2024-08-20T19:57:40.793+0530] {logging_mixin.py:188} INFO - [2024-08-20T19:57:40.792+0530] {dagbag.py:545} INFO - Filling up the DagBag from /home/pranav/.local/lib/python3.12/site-packages/airflow/example_dags/example_branch_day_of_week_operator.py
[2024-08-20T19:57:40.802+0530] {processor.py:840} INFO - DAG(s) 'example_weekday_branch_operator' retrieved from /home/pranav/.local/lib/python3.12/site-packages/airflow/example_dags/example_branch_day_of_week_operator.py
[2024-08-20T19:57:40.822+0530] {logging_mixin.py:188} INFO - [2024-08-20T19:57:40.822+0530] {dag.py:3089} INFO - Sync 1 DAGs
[2024-08-20T19:57:40.847+0530] {logging_mixin.py:188} INFO - [2024-08-20T19:57:40.847+0530] {dag.py:3947} INFO - Setting next_dagrun for example_weekday_branch_operator to 2024-08-19 00:00:00+00:00, run_after=2024-08-20 00:00:00+00:00
[2024-08-20T19:57:40.983+0530] {processor.py:183} INFO - Processing /home/pranav/.local/lib/python3.12/site-packages/airflow/example_dags/example_branch_day_of_week_operator.py took 0.229 seconds
