[2024-08-20T19:37:17.802+0530] {processor.py:161} INFO - Started process (PID=18519) to work on /home/pranav/.local/lib/python3.12/site-packages/airflow/example_dags/example_branch_python_dop_operator_3.py
[2024-08-20T19:37:17.804+0530] {processor.py:830} INFO - Processing file /home/pranav/.local/lib/python3.12/site-packages/airflow/example_dags/example_branch_python_dop_operator_3.py for tasks to queue
[2024-08-20T19:37:17.806+0530] {logging_mixin.py:188} INFO - [2024-08-20T19:37:17.805+0530] {dagbag.py:545} INFO - Filling up the DagBag from /home/pranav/.local/lib/python3.12/site-packages/airflow/example_dags/example_branch_python_dop_operator_3.py
[2024-08-20T19:37:17.825+0530] {processor.py:840} INFO - DAG(s) 'example_branch_dop_operator_v3' retrieved from /home/pranav/.local/lib/python3.12/site-packages/airflow/example_dags/example_branch_python_dop_operator_3.py
[2024-08-20T19:37:17.859+0530] {logging_mixin.py:188} INFO - [2024-08-20T19:37:17.859+0530] {dag.py:3089} INFO - Sync 1 DAGs
[2024-08-20T19:37:17.909+0530] {logging_mixin.py:188} INFO - [2024-08-20T19:37:17.908+0530] {dag.py:3947} INFO - Setting next_dagrun for example_branch_dop_operator_v3 to 2024-08-20 14:06:00+00:00, run_after=2024-08-20 14:07:00+00:00
[2024-08-20T19:37:18.138+0530] {processor.py:183} INFO - Processing /home/pranav/.local/lib/python3.12/site-packages/airflow/example_dags/example_branch_python_dop_operator_3.py took 0.351 seconds
[2024-08-20T19:38:53.336+0530] {processor.py:161} INFO - Started process (PID=19272) to work on /home/pranav/.local/lib/python3.12/site-packages/airflow/example_dags/example_branch_python_dop_operator_3.py
[2024-08-20T19:38:53.338+0530] {processor.py:830} INFO - Processing file /home/pranav/.local/lib/python3.12/site-packages/airflow/example_dags/example_branch_python_dop_operator_3.py for tasks to queue
[2024-08-20T19:38:53.340+0530] {logging_mixin.py:188} INFO - [2024-08-20T19:38:53.339+0530] {dagbag.py:545} INFO - Filling up the DagBag from /home/pranav/.local/lib/python3.12/site-packages/airflow/example_dags/example_branch_python_dop_operator_3.py
[2024-08-20T19:38:53.358+0530] {processor.py:840} INFO - DAG(s) 'example_branch_dop_operator_v3' retrieved from /home/pranav/.local/lib/python3.12/site-packages/airflow/example_dags/example_branch_python_dop_operator_3.py
[2024-08-20T19:38:53.392+0530] {logging_mixin.py:188} INFO - [2024-08-20T19:38:53.392+0530] {dag.py:3089} INFO - Sync 1 DAGs
[2024-08-20T19:38:53.456+0530] {logging_mixin.py:188} INFO - [2024-08-20T19:38:53.455+0530] {dag.py:3947} INFO - Setting next_dagrun for example_branch_dop_operator_v3 to 2024-08-20 14:07:00+00:00, run_after=2024-08-20 14:08:00+00:00
[2024-08-20T19:38:53.710+0530] {processor.py:183} INFO - Processing /home/pranav/.local/lib/python3.12/site-packages/airflow/example_dags/example_branch_python_dop_operator_3.py took 0.385 seconds
[2024-08-20T19:41:01.759+0530] {processor.py:161} INFO - Started process (PID=20558) to work on /home/pranav/.local/lib/python3.12/site-packages/airflow/example_dags/example_branch_python_dop_operator_3.py
[2024-08-20T19:41:01.761+0530] {processor.py:830} INFO - Processing file /home/pranav/.local/lib/python3.12/site-packages/airflow/example_dags/example_branch_python_dop_operator_3.py for tasks to queue
[2024-08-20T19:41:01.763+0530] {logging_mixin.py:188} INFO - [2024-08-20T19:41:01.762+0530] {dagbag.py:545} INFO - Filling up the DagBag from /home/pranav/.local/lib/python3.12/site-packages/airflow/example_dags/example_branch_python_dop_operator_3.py
[2024-08-20T19:41:01.781+0530] {processor.py:840} INFO - DAG(s) 'example_branch_dop_operator_v3' retrieved from /home/pranav/.local/lib/python3.12/site-packages/airflow/example_dags/example_branch_python_dop_operator_3.py
[2024-08-20T19:41:01.815+0530] {logging_mixin.py:188} INFO - [2024-08-20T19:41:01.815+0530] {dag.py:3089} INFO - Sync 1 DAGs
[2024-08-20T19:41:01.872+0530] {logging_mixin.py:188} INFO - [2024-08-20T19:41:01.871+0530] {dag.py:3947} INFO - Setting next_dagrun for example_branch_dop_operator_v3 to 2024-08-20 14:10:00+00:00, run_after=2024-08-20 14:11:00+00:00
[2024-08-20T19:41:02.053+0530] {processor.py:183} INFO - Processing /home/pranav/.local/lib/python3.12/site-packages/airflow/example_dags/example_branch_python_dop_operator_3.py took 0.306 seconds
[2024-08-20T19:42:39.530+0530] {processor.py:161} INFO - Started process (PID=21479) to work on /home/pranav/.local/lib/python3.12/site-packages/airflow/example_dags/example_branch_python_dop_operator_3.py
[2024-08-20T19:42:39.545+0530] {processor.py:830} INFO - Processing file /home/pranav/.local/lib/python3.12/site-packages/airflow/example_dags/example_branch_python_dop_operator_3.py for tasks to queue
[2024-08-20T19:42:39.547+0530] {logging_mixin.py:188} INFO - [2024-08-20T19:42:39.546+0530] {dagbag.py:545} INFO - Filling up the DagBag from /home/pranav/.local/lib/python3.12/site-packages/airflow/example_dags/example_branch_python_dop_operator_3.py
[2024-08-20T19:42:39.565+0530] {processor.py:840} INFO - DAG(s) 'example_branch_dop_operator_v3' retrieved from /home/pranav/.local/lib/python3.12/site-packages/airflow/example_dags/example_branch_python_dop_operator_3.py
[2024-08-20T19:42:39.601+0530] {logging_mixin.py:188} INFO - [2024-08-20T19:42:39.600+0530] {dag.py:3089} INFO - Sync 1 DAGs
[2024-08-20T19:42:39.651+0530] {logging_mixin.py:188} INFO - [2024-08-20T19:42:39.650+0530] {dag.py:3947} INFO - Setting next_dagrun for example_branch_dop_operator_v3 to 2024-08-20 14:11:00+00:00, run_after=2024-08-20 14:12:00+00:00
[2024-08-20T19:42:39.813+0530] {processor.py:183} INFO - Processing /home/pranav/.local/lib/python3.12/site-packages/airflow/example_dags/example_branch_python_dop_operator_3.py took 0.295 seconds
[2024-08-20T19:44:33.155+0530] {processor.py:161} INFO - Started process (PID=22352) to work on /home/pranav/.local/lib/python3.12/site-packages/airflow/example_dags/example_branch_python_dop_operator_3.py
[2024-08-20T19:44:33.236+0530] {processor.py:830} INFO - Processing file /home/pranav/.local/lib/python3.12/site-packages/airflow/example_dags/example_branch_python_dop_operator_3.py for tasks to queue
[2024-08-20T19:44:33.238+0530] {logging_mixin.py:188} INFO - [2024-08-20T19:44:33.237+0530] {dagbag.py:545} INFO - Filling up the DagBag from /home/pranav/.local/lib/python3.12/site-packages/airflow/example_dags/example_branch_python_dop_operator_3.py
[2024-08-20T19:44:33.256+0530] {processor.py:840} INFO - DAG(s) 'example_branch_dop_operator_v3' retrieved from /home/pranav/.local/lib/python3.12/site-packages/airflow/example_dags/example_branch_python_dop_operator_3.py
[2024-08-20T19:44:33.297+0530] {logging_mixin.py:188} INFO - [2024-08-20T19:44:33.297+0530] {dag.py:3089} INFO - Sync 1 DAGs
[2024-08-20T19:44:33.352+0530] {logging_mixin.py:188} INFO - [2024-08-20T19:44:33.351+0530] {dag.py:3947} INFO - Setting next_dagrun for example_branch_dop_operator_v3 to 2024-08-20 14:13:00+00:00, run_after=2024-08-20 14:14:00+00:00
[2024-08-20T19:44:33.520+0530] {processor.py:183} INFO - Processing /home/pranav/.local/lib/python3.12/site-packages/airflow/example_dags/example_branch_python_dop_operator_3.py took 0.379 seconds
[2024-08-20T19:46:51.649+0530] {processor.py:161} INFO - Started process (PID=23532) to work on /home/pranav/.local/lib/python3.12/site-packages/airflow/example_dags/example_branch_python_dop_operator_3.py
[2024-08-20T19:46:51.653+0530] {processor.py:830} INFO - Processing file /home/pranav/.local/lib/python3.12/site-packages/airflow/example_dags/example_branch_python_dop_operator_3.py for tasks to queue
[2024-08-20T19:46:51.656+0530] {logging_mixin.py:188} INFO - [2024-08-20T19:46:51.655+0530] {dagbag.py:545} INFO - Filling up the DagBag from /home/pranav/.local/lib/python3.12/site-packages/airflow/example_dags/example_branch_python_dop_operator_3.py
[2024-08-20T19:46:51.686+0530] {processor.py:840} INFO - DAG(s) 'example_branch_dop_operator_v3' retrieved from /home/pranav/.local/lib/python3.12/site-packages/airflow/example_dags/example_branch_python_dop_operator_3.py
[2024-08-20T19:46:51.742+0530] {logging_mixin.py:188} INFO - [2024-08-20T19:46:51.741+0530] {dag.py:3089} INFO - Sync 1 DAGs
[2024-08-20T19:46:51.819+0530] {logging_mixin.py:188} INFO - [2024-08-20T19:46:51.819+0530] {dag.py:3947} INFO - Setting next_dagrun for example_branch_dop_operator_v3 to 2024-08-20 14:15:00+00:00, run_after=2024-08-20 14:16:00+00:00
[2024-08-20T19:46:52.040+0530] {processor.py:183} INFO - Processing /home/pranav/.local/lib/python3.12/site-packages/airflow/example_dags/example_branch_python_dop_operator_3.py took 0.403 seconds
[2024-08-20T19:48:48.075+0530] {processor.py:161} INFO - Started process (PID=24408) to work on /home/pranav/.local/lib/python3.12/site-packages/airflow/example_dags/example_branch_python_dop_operator_3.py
[2024-08-20T19:48:48.102+0530] {processor.py:830} INFO - Processing file /home/pranav/.local/lib/python3.12/site-packages/airflow/example_dags/example_branch_python_dop_operator_3.py for tasks to queue
[2024-08-20T19:48:48.104+0530] {logging_mixin.py:188} INFO - [2024-08-20T19:48:48.103+0530] {dagbag.py:545} INFO - Filling up the DagBag from /home/pranav/.local/lib/python3.12/site-packages/airflow/example_dags/example_branch_python_dop_operator_3.py
[2024-08-20T19:48:48.123+0530] {processor.py:840} INFO - DAG(s) 'example_branch_dop_operator_v3' retrieved from /home/pranav/.local/lib/python3.12/site-packages/airflow/example_dags/example_branch_python_dop_operator_3.py
[2024-08-20T19:48:48.161+0530] {logging_mixin.py:188} INFO - [2024-08-20T19:48:48.161+0530] {dag.py:3089} INFO - Sync 1 DAGs
[2024-08-20T19:48:48.217+0530] {logging_mixin.py:188} INFO - [2024-08-20T19:48:48.216+0530] {dag.py:3947} INFO - Setting next_dagrun for example_branch_dop_operator_v3 to 2024-08-20 14:17:00+00:00, run_after=2024-08-20 14:18:00+00:00
[2024-08-20T19:48:48.508+0530] {processor.py:183} INFO - Processing /home/pranav/.local/lib/python3.12/site-packages/airflow/example_dags/example_branch_python_dop_operator_3.py took 0.451 seconds
[2024-08-20T19:50:08.329+0530] {processor.py:161} INFO - Started process (PID=24869) to work on /home/pranav/.local/lib/python3.12/site-packages/airflow/example_dags/example_branch_python_dop_operator_3.py
[2024-08-20T19:50:08.357+0530] {processor.py:830} INFO - Processing file /home/pranav/.local/lib/python3.12/site-packages/airflow/example_dags/example_branch_python_dop_operator_3.py for tasks to queue
[2024-08-20T19:50:08.359+0530] {logging_mixin.py:188} INFO - [2024-08-20T19:50:08.358+0530] {dagbag.py:545} INFO - Filling up the DagBag from /home/pranav/.local/lib/python3.12/site-packages/airflow/example_dags/example_branch_python_dop_operator_3.py
[2024-08-20T19:50:08.371+0530] {processor.py:840} INFO - DAG(s) 'example_branch_dop_operator_v3' retrieved from /home/pranav/.local/lib/python3.12/site-packages/airflow/example_dags/example_branch_python_dop_operator_3.py
[2024-08-20T19:50:08.391+0530] {logging_mixin.py:188} INFO - [2024-08-20T19:50:08.391+0530] {dag.py:3089} INFO - Sync 1 DAGs
[2024-08-20T19:50:08.421+0530] {logging_mixin.py:188} INFO - [2024-08-20T19:50:08.421+0530] {dag.py:3947} INFO - Setting next_dagrun for example_branch_dop_operator_v3 to 2024-08-20 14:19:00+00:00, run_after=2024-08-20 14:20:00+00:00
[2024-08-20T19:50:08.569+0530] {processor.py:183} INFO - Processing /home/pranav/.local/lib/python3.12/site-packages/airflow/example_dags/example_branch_python_dop_operator_3.py took 0.246 seconds
[2024-08-20T19:51:20.416+0530] {processor.py:161} INFO - Started process (PID=25286) to work on /home/pranav/.local/lib/python3.12/site-packages/airflow/example_dags/example_branch_python_dop_operator_3.py
[2024-08-20T19:51:20.464+0530] {processor.py:830} INFO - Processing file /home/pranav/.local/lib/python3.12/site-packages/airflow/example_dags/example_branch_python_dop_operator_3.py for tasks to queue
[2024-08-20T19:51:20.465+0530] {logging_mixin.py:188} INFO - [2024-08-20T19:51:20.464+0530] {dagbag.py:545} INFO - Filling up the DagBag from /home/pranav/.local/lib/python3.12/site-packages/airflow/example_dags/example_branch_python_dop_operator_3.py
[2024-08-20T19:51:20.475+0530] {processor.py:840} INFO - DAG(s) 'example_branch_dop_operator_v3' retrieved from /home/pranav/.local/lib/python3.12/site-packages/airflow/example_dags/example_branch_python_dop_operator_3.py
[2024-08-20T19:51:20.496+0530] {logging_mixin.py:188} INFO - [2024-08-20T19:51:20.495+0530] {dag.py:3089} INFO - Sync 1 DAGs
[2024-08-20T19:51:20.523+0530] {logging_mixin.py:188} INFO - [2024-08-20T19:51:20.522+0530] {dag.py:3947} INFO - Setting next_dagrun for example_branch_dop_operator_v3 to 2024-08-20 14:20:00+00:00, run_after=2024-08-20 14:21:00+00:00
[2024-08-20T19:51:20.668+0530] {processor.py:183} INFO - Processing /home/pranav/.local/lib/python3.12/site-packages/airflow/example_dags/example_branch_python_dop_operator_3.py took 0.259 seconds
[2024-08-20T19:52:37.697+0530] {processor.py:161} INFO - Started process (PID=25710) to work on /home/pranav/.local/lib/python3.12/site-packages/airflow/example_dags/example_branch_python_dop_operator_3.py
[2024-08-20T19:52:37.817+0530] {processor.py:830} INFO - Processing file /home/pranav/.local/lib/python3.12/site-packages/airflow/example_dags/example_branch_python_dop_operator_3.py for tasks to queue
[2024-08-20T19:52:37.819+0530] {logging_mixin.py:188} INFO - [2024-08-20T19:52:37.818+0530] {dagbag.py:545} INFO - Filling up the DagBag from /home/pranav/.local/lib/python3.12/site-packages/airflow/example_dags/example_branch_python_dop_operator_3.py
[2024-08-20T19:52:37.829+0530] {processor.py:840} INFO - DAG(s) 'example_branch_dop_operator_v3' retrieved from /home/pranav/.local/lib/python3.12/site-packages/airflow/example_dags/example_branch_python_dop_operator_3.py
[2024-08-20T19:52:37.848+0530] {logging_mixin.py:188} INFO - [2024-08-20T19:52:37.847+0530] {dag.py:3089} INFO - Sync 1 DAGs
[2024-08-20T19:52:37.874+0530] {logging_mixin.py:188} INFO - [2024-08-20T19:52:37.874+0530] {dag.py:3947} INFO - Setting next_dagrun for example_branch_dop_operator_v3 to 2024-08-20 14:21:00+00:00, run_after=2024-08-20 14:22:00+00:00
[2024-08-20T19:52:38.026+0530] {processor.py:183} INFO - Processing /home/pranav/.local/lib/python3.12/site-packages/airflow/example_dags/example_branch_python_dop_operator_3.py took 0.336 seconds
[2024-08-20T19:53:55.399+0530] {processor.py:161} INFO - Started process (PID=26160) to work on /home/pranav/.local/lib/python3.12/site-packages/airflow/example_dags/example_branch_python_dop_operator_3.py
[2024-08-20T19:53:55.410+0530] {processor.py:830} INFO - Processing file /home/pranav/.local/lib/python3.12/site-packages/airflow/example_dags/example_branch_python_dop_operator_3.py for tasks to queue
[2024-08-20T19:53:55.411+0530] {logging_mixin.py:188} INFO - [2024-08-20T19:53:55.411+0530] {dagbag.py:545} INFO - Filling up the DagBag from /home/pranav/.local/lib/python3.12/site-packages/airflow/example_dags/example_branch_python_dop_operator_3.py
[2024-08-20T19:53:55.421+0530] {processor.py:840} INFO - DAG(s) 'example_branch_dop_operator_v3' retrieved from /home/pranav/.local/lib/python3.12/site-packages/airflow/example_dags/example_branch_python_dop_operator_3.py
[2024-08-20T19:53:55.440+0530] {logging_mixin.py:188} INFO - [2024-08-20T19:53:55.440+0530] {dag.py:3089} INFO - Sync 1 DAGs
[2024-08-20T19:53:55.467+0530] {logging_mixin.py:188} INFO - [2024-08-20T19:53:55.467+0530] {dag.py:3947} INFO - Setting next_dagrun for example_branch_dop_operator_v3 to 2024-08-20 14:22:00+00:00, run_after=2024-08-20 14:23:00+00:00
[2024-08-20T19:53:55.597+0530] {processor.py:183} INFO - Processing /home/pranav/.local/lib/python3.12/site-packages/airflow/example_dags/example_branch_python_dop_operator_3.py took 0.205 seconds
[2024-08-20T19:55:07.376+0530] {processor.py:161} INFO - Started process (PID=26538) to work on /home/pranav/.local/lib/python3.12/site-packages/airflow/example_dags/example_branch_python_dop_operator_3.py
[2024-08-20T19:55:07.393+0530] {processor.py:830} INFO - Processing file /home/pranav/.local/lib/python3.12/site-packages/airflow/example_dags/example_branch_python_dop_operator_3.py for tasks to queue
[2024-08-20T19:55:07.394+0530] {logging_mixin.py:188} INFO - [2024-08-20T19:55:07.393+0530] {dagbag.py:545} INFO - Filling up the DagBag from /home/pranav/.local/lib/python3.12/site-packages/airflow/example_dags/example_branch_python_dop_operator_3.py
[2024-08-20T19:55:07.404+0530] {processor.py:840} INFO - DAG(s) 'example_branch_dop_operator_v3' retrieved from /home/pranav/.local/lib/python3.12/site-packages/airflow/example_dags/example_branch_python_dop_operator_3.py
[2024-08-20T19:55:07.419+0530] {logging_mixin.py:188} INFO - [2024-08-20T19:55:07.419+0530] {dag.py:3089} INFO - Sync 1 DAGs
[2024-08-20T19:55:07.440+0530] {logging_mixin.py:188} INFO - [2024-08-20T19:55:07.439+0530] {dag.py:3947} INFO - Setting next_dagrun for example_branch_dop_operator_v3 to 2024-08-20 14:24:00+00:00, run_after=2024-08-20 14:25:00+00:00
[2024-08-20T19:55:07.588+0530] {processor.py:183} INFO - Processing /home/pranav/.local/lib/python3.12/site-packages/airflow/example_dags/example_branch_python_dop_operator_3.py took 0.218 seconds
[2024-08-20T19:56:21.272+0530] {processor.py:161} INFO - Started process (PID=26935) to work on /home/pranav/.local/lib/python3.12/site-packages/airflow/example_dags/example_branch_python_dop_operator_3.py
[2024-08-20T19:56:21.312+0530] {processor.py:830} INFO - Processing file /home/pranav/.local/lib/python3.12/site-packages/airflow/example_dags/example_branch_python_dop_operator_3.py for tasks to queue
[2024-08-20T19:56:21.314+0530] {logging_mixin.py:188} INFO - [2024-08-20T19:56:21.313+0530] {dagbag.py:545} INFO - Filling up the DagBag from /home/pranav/.local/lib/python3.12/site-packages/airflow/example_dags/example_branch_python_dop_operator_3.py
[2024-08-20T19:56:21.324+0530] {processor.py:840} INFO - DAG(s) 'example_branch_dop_operator_v3' retrieved from /home/pranav/.local/lib/python3.12/site-packages/airflow/example_dags/example_branch_python_dop_operator_3.py
[2024-08-20T19:56:21.343+0530] {logging_mixin.py:188} INFO - [2024-08-20T19:56:21.343+0530] {dag.py:3089} INFO - Sync 1 DAGs
[2024-08-20T19:56:21.369+0530] {logging_mixin.py:188} INFO - [2024-08-20T19:56:21.369+0530] {dag.py:3947} INFO - Setting next_dagrun for example_branch_dop_operator_v3 to 2024-08-20 14:25:00+00:00, run_after=2024-08-20 14:26:00+00:00
[2024-08-20T19:56:21.479+0530] {processor.py:183} INFO - Processing /home/pranav/.local/lib/python3.12/site-packages/airflow/example_dags/example_branch_python_dop_operator_3.py took 0.213 seconds
[2024-08-20T19:57:36.631+0530] {processor.py:161} INFO - Started process (PID=27385) to work on /home/pranav/.local/lib/python3.12/site-packages/airflow/example_dags/example_branch_python_dop_operator_3.py
[2024-08-20T19:57:36.663+0530] {processor.py:830} INFO - Processing file /home/pranav/.local/lib/python3.12/site-packages/airflow/example_dags/example_branch_python_dop_operator_3.py for tasks to queue
[2024-08-20T19:57:36.664+0530] {logging_mixin.py:188} INFO - [2024-08-20T19:57:36.663+0530] {dagbag.py:545} INFO - Filling up the DagBag from /home/pranav/.local/lib/python3.12/site-packages/airflow/example_dags/example_branch_python_dop_operator_3.py
[2024-08-20T19:57:36.674+0530] {processor.py:840} INFO - DAG(s) 'example_branch_dop_operator_v3' retrieved from /home/pranav/.local/lib/python3.12/site-packages/airflow/example_dags/example_branch_python_dop_operator_3.py
[2024-08-20T19:57:36.694+0530] {logging_mixin.py:188} INFO - [2024-08-20T19:57:36.694+0530] {dag.py:3089} INFO - Sync 1 DAGs
[2024-08-20T19:57:36.721+0530] {logging_mixin.py:188} INFO - [2024-08-20T19:57:36.720+0530] {dag.py:3947} INFO - Setting next_dagrun for example_branch_dop_operator_v3 to 2024-08-20 14:26:00+00:00, run_after=2024-08-20 14:27:00+00:00
[2024-08-20T19:57:36.838+0530] {processor.py:183} INFO - Processing /home/pranav/.local/lib/python3.12/site-packages/airflow/example_dags/example_branch_python_dop_operator_3.py took 0.213 seconds
