[2024-08-20T19:36:26.641+0530] {processor.py:161} INFO - Started process (PID=18118) to work on /home/pranav/.local/lib/python3.12/site-packages/airflow/example_dags/example_local_kubernetes_executor.py
[2024-08-20T19:36:26.643+0530] {processor.py:830} INFO - Processing file /home/pranav/.local/lib/python3.12/site-packages/airflow/example_dags/example_local_kubernetes_executor.py for tasks to queue
[2024-08-20T19:36:26.645+0530] {logging_mixin.py:188} INFO - [2024-08-20T19:36:26.644+0530] {dagbag.py:545} INFO - Filling up the DagBag from /home/pranav/.local/lib/python3.12/site-packages/airflow/example_dags/example_local_kubernetes_executor.py
[2024-08-20T19:36:26.651+0530] {logging_mixin.py:188} INFO - [2024-08-20T19:36:26.650+0530] {example_local_kubernetes_executor.py:40} WARNING - Could not import DAGs in example_local_kubernetes_executor.py
Traceback (most recent call last):
  File "/home/pranav/.local/lib/python3.12/site-packages/airflow/example_dags/example_local_kubernetes_executor.py", line 38, in <module>
    from kubernetes.client import models as k8s
ModuleNotFoundError: No module named 'kubernetes'
[2024-08-20T19:36:26.652+0530] {logging_mixin.py:188} INFO - [2024-08-20T19:36:26.651+0530] {example_local_kubernetes_executor.py:41} WARNING - Install Kubernetes dependencies with: pip install apache-airflow[cncf.kubernetes]
[2024-08-20T19:36:26.652+0530] {processor.py:842} WARNING - No viable dags retrieved from /home/pranav/.local/lib/python3.12/site-packages/airflow/example_dags/example_local_kubernetes_executor.py
[2024-08-20T19:36:26.673+0530] {processor.py:183} INFO - Processing /home/pranav/.local/lib/python3.12/site-packages/airflow/example_dags/example_local_kubernetes_executor.py took 0.043 seconds
[2024-08-20T19:38:10.764+0530] {processor.py:161} INFO - Started process (PID=18970) to work on /home/pranav/.local/lib/python3.12/site-packages/airflow/example_dags/example_local_kubernetes_executor.py
[2024-08-20T19:38:10.766+0530] {processor.py:830} INFO - Processing file /home/pranav/.local/lib/python3.12/site-packages/airflow/example_dags/example_local_kubernetes_executor.py for tasks to queue
[2024-08-20T19:38:10.768+0530] {logging_mixin.py:188} INFO - [2024-08-20T19:38:10.767+0530] {dagbag.py:545} INFO - Filling up the DagBag from /home/pranav/.local/lib/python3.12/site-packages/airflow/example_dags/example_local_kubernetes_executor.py
[2024-08-20T19:38:10.775+0530] {logging_mixin.py:188} INFO - [2024-08-20T19:38:10.773+0530] {example_local_kubernetes_executor.py:40} WARNING - Could not import DAGs in example_local_kubernetes_executor.py
Traceback (most recent call last):
  File "/home/pranav/.local/lib/python3.12/site-packages/airflow/example_dags/example_local_kubernetes_executor.py", line 38, in <module>
    from kubernetes.client import models as k8s
ModuleNotFoundError: No module named 'kubernetes'
[2024-08-20T19:38:10.776+0530] {logging_mixin.py:188} INFO - [2024-08-20T19:38:10.775+0530] {example_local_kubernetes_executor.py:41} WARNING - Install Kubernetes dependencies with: pip install apache-airflow[cncf.kubernetes]
[2024-08-20T19:38:10.776+0530] {processor.py:842} WARNING - No viable dags retrieved from /home/pranav/.local/lib/python3.12/site-packages/airflow/example_dags/example_local_kubernetes_executor.py
[2024-08-20T19:38:10.798+0530] {processor.py:183} INFO - Processing /home/pranav/.local/lib/python3.12/site-packages/airflow/example_dags/example_local_kubernetes_executor.py took 0.045 seconds
[2024-08-20T19:39:54.384+0530] {processor.py:161} INFO - Started process (PID=19886) to work on /home/pranav/.local/lib/python3.12/site-packages/airflow/example_dags/example_local_kubernetes_executor.py
[2024-08-20T19:39:54.386+0530] {processor.py:830} INFO - Processing file /home/pranav/.local/lib/python3.12/site-packages/airflow/example_dags/example_local_kubernetes_executor.py for tasks to queue
[2024-08-20T19:39:54.389+0530] {logging_mixin.py:188} INFO - [2024-08-20T19:39:54.387+0530] {dagbag.py:545} INFO - Filling up the DagBag from /home/pranav/.local/lib/python3.12/site-packages/airflow/example_dags/example_local_kubernetes_executor.py
[2024-08-20T19:39:54.397+0530] {logging_mixin.py:188} INFO - [2024-08-20T19:39:54.395+0530] {example_local_kubernetes_executor.py:40} WARNING - Could not import DAGs in example_local_kubernetes_executor.py
Traceback (most recent call last):
  File "/home/pranav/.local/lib/python3.12/site-packages/airflow/example_dags/example_local_kubernetes_executor.py", line 38, in <module>
    from kubernetes.client import models as k8s
ModuleNotFoundError: No module named 'kubernetes'
[2024-08-20T19:39:54.400+0530] {logging_mixin.py:188} INFO - [2024-08-20T19:39:54.399+0530] {example_local_kubernetes_executor.py:41} WARNING - Install Kubernetes dependencies with: pip install apache-airflow[cncf.kubernetes]
[2024-08-20T19:39:54.400+0530] {processor.py:842} WARNING - No viable dags retrieved from /home/pranav/.local/lib/python3.12/site-packages/airflow/example_dags/example_local_kubernetes_executor.py
[2024-08-20T19:39:54.445+0530] {processor.py:183} INFO - Processing /home/pranav/.local/lib/python3.12/site-packages/airflow/example_dags/example_local_kubernetes_executor.py took 0.075 seconds
