[2024-08-20T19:36:06.225+0530] {processor.py:161} INFO - Started process (PID=17895) to work on /home/pranav/.local/lib/python3.12/site-packages/airflow/example_dags/example_setup_teardown_taskflow.py
[2024-08-20T19:36:06.229+0530] {processor.py:830} INFO - Processing file /home/pranav/.local/lib/python3.12/site-packages/airflow/example_dags/example_setup_teardown_taskflow.py for tasks to queue
[2024-08-20T19:36:06.239+0530] {logging_mixin.py:188} INFO - [2024-08-20T19:36:06.233+0530] {dagbag.py:545} INFO - Filling up the DagBag from /home/pranav/.local/lib/python3.12/site-packages/airflow/example_dags/example_setup_teardown_taskflow.py
[2024-08-20T19:36:06.278+0530] {processor.py:840} INFO - DAG(s) 'example_setup_teardown_taskflow' retrieved from /home/pranav/.local/lib/python3.12/site-packages/airflow/example_dags/example_setup_teardown_taskflow.py
[2024-08-20T19:36:06.340+0530] {logging_mixin.py:188} INFO - [2024-08-20T19:36:06.339+0530] {dag.py:3089} INFO - Sync 1 DAGs
[2024-08-20T19:36:06.654+0530] {logging_mixin.py:188} INFO - [2024-08-20T19:36:06.653+0530] {dag.py:3947} INFO - Setting next_dagrun for example_setup_teardown_taskflow to 2024-08-19 00:00:00+00:00, run_after=2024-08-20 00:00:00+00:00
[2024-08-20T19:36:07.079+0530] {processor.py:183} INFO - Processing /home/pranav/.local/lib/python3.12/site-packages/airflow/example_dags/example_setup_teardown_taskflow.py took 0.890 seconds
[2024-08-20T19:37:55.124+0530] {processor.py:161} INFO - Started process (PID=18893) to work on /home/pranav/.local/lib/python3.12/site-packages/airflow/example_dags/example_setup_teardown_taskflow.py
[2024-08-20T19:37:55.126+0530] {processor.py:830} INFO - Processing file /home/pranav/.local/lib/python3.12/site-packages/airflow/example_dags/example_setup_teardown_taskflow.py for tasks to queue
[2024-08-20T19:37:55.128+0530] {logging_mixin.py:188} INFO - [2024-08-20T19:37:55.127+0530] {dagbag.py:545} INFO - Filling up the DagBag from /home/pranav/.local/lib/python3.12/site-packages/airflow/example_dags/example_setup_teardown_taskflow.py
[2024-08-20T19:37:55.152+0530] {processor.py:840} INFO - DAG(s) 'example_setup_teardown_taskflow' retrieved from /home/pranav/.local/lib/python3.12/site-packages/airflow/example_dags/example_setup_teardown_taskflow.py
[2024-08-20T19:37:55.191+0530] {logging_mixin.py:188} INFO - [2024-08-20T19:37:55.190+0530] {dag.py:3089} INFO - Sync 1 DAGs
[2024-08-20T19:37:55.235+0530] {logging_mixin.py:188} INFO - [2024-08-20T19:37:55.234+0530] {dag.py:3947} INFO - Setting next_dagrun for example_setup_teardown_taskflow to 2024-08-19 00:00:00+00:00, run_after=2024-08-20 00:00:00+00:00
[2024-08-20T19:37:55.445+0530] {processor.py:183} INFO - Processing /home/pranav/.local/lib/python3.12/site-packages/airflow/example_dags/example_setup_teardown_taskflow.py took 0.334 seconds
[2024-08-20T19:39:34.047+0530] {processor.py:161} INFO - Started process (PID=19591) to work on /home/pranav/.local/lib/python3.12/site-packages/airflow/example_dags/example_setup_teardown_taskflow.py
[2024-08-20T19:39:34.049+0530] {processor.py:830} INFO - Processing file /home/pranav/.local/lib/python3.12/site-packages/airflow/example_dags/example_setup_teardown_taskflow.py for tasks to queue
[2024-08-20T19:39:34.051+0530] {logging_mixin.py:188} INFO - [2024-08-20T19:39:34.050+0530] {dagbag.py:545} INFO - Filling up the DagBag from /home/pranav/.local/lib/python3.12/site-packages/airflow/example_dags/example_setup_teardown_taskflow.py
[2024-08-20T19:39:34.072+0530] {processor.py:840} INFO - DAG(s) 'example_setup_teardown_taskflow' retrieved from /home/pranav/.local/lib/python3.12/site-packages/airflow/example_dags/example_setup_teardown_taskflow.py
[2024-08-20T19:39:34.110+0530] {logging_mixin.py:188} INFO - [2024-08-20T19:39:34.109+0530] {dag.py:3089} INFO - Sync 1 DAGs
[2024-08-20T19:39:34.154+0530] {logging_mixin.py:188} INFO - [2024-08-20T19:39:34.153+0530] {dag.py:3947} INFO - Setting next_dagrun for example_setup_teardown_taskflow to 2024-08-19 00:00:00+00:00, run_after=2024-08-20 00:00:00+00:00
[2024-08-20T19:39:34.571+0530] {processor.py:183} INFO - Processing /home/pranav/.local/lib/python3.12/site-packages/airflow/example_dags/example_setup_teardown_taskflow.py took 0.536 seconds
[2024-08-20T19:40:54.656+0530] {processor.py:161} INFO - Started process (PID=20476) to work on /home/pranav/.local/lib/python3.12/site-packages/airflow/example_dags/example_setup_teardown_taskflow.py
[2024-08-20T19:40:54.677+0530] {processor.py:830} INFO - Processing file /home/pranav/.local/lib/python3.12/site-packages/airflow/example_dags/example_setup_teardown_taskflow.py for tasks to queue
[2024-08-20T19:40:54.679+0530] {logging_mixin.py:188} INFO - [2024-08-20T19:40:54.678+0530] {dagbag.py:545} INFO - Filling up the DagBag from /home/pranav/.local/lib/python3.12/site-packages/airflow/example_dags/example_setup_teardown_taskflow.py
[2024-08-20T19:40:54.701+0530] {processor.py:840} INFO - DAG(s) 'example_setup_teardown_taskflow' retrieved from /home/pranav/.local/lib/python3.12/site-packages/airflow/example_dags/example_setup_teardown_taskflow.py
[2024-08-20T19:40:54.746+0530] {logging_mixin.py:188} INFO - [2024-08-20T19:40:54.745+0530] {dag.py:3089} INFO - Sync 1 DAGs
[2024-08-20T19:40:54.787+0530] {logging_mixin.py:188} INFO - [2024-08-20T19:40:54.787+0530] {dag.py:3947} INFO - Setting next_dagrun for example_setup_teardown_taskflow to 2024-08-19 00:00:00+00:00, run_after=2024-08-20 00:00:00+00:00
[2024-08-20T19:40:54.992+0530] {processor.py:183} INFO - Processing /home/pranav/.local/lib/python3.12/site-packages/airflow/example_dags/example_setup_teardown_taskflow.py took 0.348 seconds
[2024-08-20T19:42:33.811+0530] {processor.py:161} INFO - Started process (PID=21448) to work on /home/pranav/.local/lib/python3.12/site-packages/airflow/example_dags/example_setup_teardown_taskflow.py
[2024-08-20T19:42:33.813+0530] {processor.py:830} INFO - Processing file /home/pranav/.local/lib/python3.12/site-packages/airflow/example_dags/example_setup_teardown_taskflow.py for tasks to queue
[2024-08-20T19:42:33.814+0530] {logging_mixin.py:188} INFO - [2024-08-20T19:42:33.814+0530] {dagbag.py:545} INFO - Filling up the DagBag from /home/pranav/.local/lib/python3.12/site-packages/airflow/example_dags/example_setup_teardown_taskflow.py
[2024-08-20T19:42:33.838+0530] {processor.py:840} INFO - DAG(s) 'example_setup_teardown_taskflow' retrieved from /home/pranav/.local/lib/python3.12/site-packages/airflow/example_dags/example_setup_teardown_taskflow.py
[2024-08-20T19:42:33.876+0530] {logging_mixin.py:188} INFO - [2024-08-20T19:42:33.875+0530] {dag.py:3089} INFO - Sync 1 DAGs
[2024-08-20T19:42:33.923+0530] {logging_mixin.py:188} INFO - [2024-08-20T19:42:33.922+0530] {dag.py:3947} INFO - Setting next_dagrun for example_setup_teardown_taskflow to 2024-08-19 00:00:00+00:00, run_after=2024-08-20 00:00:00+00:00
[2024-08-20T19:42:34.178+0530] {processor.py:183} INFO - Processing /home/pranav/.local/lib/python3.12/site-packages/airflow/example_dags/example_setup_teardown_taskflow.py took 0.381 seconds
[2024-08-20T19:44:27.974+0530] {processor.py:161} INFO - Started process (PID=22330) to work on /home/pranav/.local/lib/python3.12/site-packages/airflow/example_dags/example_setup_teardown_taskflow.py
[2024-08-20T19:44:27.982+0530] {processor.py:830} INFO - Processing file /home/pranav/.local/lib/python3.12/site-packages/airflow/example_dags/example_setup_teardown_taskflow.py for tasks to queue
[2024-08-20T19:44:27.985+0530] {logging_mixin.py:188} INFO - [2024-08-20T19:44:27.984+0530] {dagbag.py:545} INFO - Filling up the DagBag from /home/pranav/.local/lib/python3.12/site-packages/airflow/example_dags/example_setup_teardown_taskflow.py
[2024-08-20T19:44:28.012+0530] {processor.py:840} INFO - DAG(s) 'example_setup_teardown_taskflow' retrieved from /home/pranav/.local/lib/python3.12/site-packages/airflow/example_dags/example_setup_teardown_taskflow.py
[2024-08-20T19:44:28.054+0530] {logging_mixin.py:188} INFO - [2024-08-20T19:44:28.053+0530] {dag.py:3089} INFO - Sync 1 DAGs
[2024-08-20T19:44:28.099+0530] {logging_mixin.py:188} INFO - [2024-08-20T19:44:28.098+0530] {dag.py:3947} INFO - Setting next_dagrun for example_setup_teardown_taskflow to 2024-08-19 00:00:00+00:00, run_after=2024-08-20 00:00:00+00:00
[2024-08-20T19:44:28.289+0530] {processor.py:183} INFO - Processing /home/pranav/.local/lib/python3.12/site-packages/airflow/example_dags/example_setup_teardown_taskflow.py took 0.330 seconds
[2024-08-20T19:46:43.546+0530] {processor.py:161} INFO - Started process (PID=23473) to work on /home/pranav/.local/lib/python3.12/site-packages/airflow/example_dags/example_setup_teardown_taskflow.py
[2024-08-20T19:46:43.552+0530] {processor.py:830} INFO - Processing file /home/pranav/.local/lib/python3.12/site-packages/airflow/example_dags/example_setup_teardown_taskflow.py for tasks to queue
[2024-08-20T19:46:43.557+0530] {logging_mixin.py:188} INFO - [2024-08-20T19:46:43.555+0530] {dagbag.py:545} INFO - Filling up the DagBag from /home/pranav/.local/lib/python3.12/site-packages/airflow/example_dags/example_setup_teardown_taskflow.py
[2024-08-20T19:46:43.600+0530] {processor.py:840} INFO - DAG(s) 'example_setup_teardown_taskflow' retrieved from /home/pranav/.local/lib/python3.12/site-packages/airflow/example_dags/example_setup_teardown_taskflow.py
[2024-08-20T19:46:43.668+0530] {logging_mixin.py:188} INFO - [2024-08-20T19:46:43.667+0530] {dag.py:3089} INFO - Sync 1 DAGs
[2024-08-20T19:46:43.758+0530] {logging_mixin.py:188} INFO - [2024-08-20T19:46:43.757+0530] {dag.py:3947} INFO - Setting next_dagrun for example_setup_teardown_taskflow to 2024-08-19 00:00:00+00:00, run_after=2024-08-20 00:00:00+00:00
[2024-08-20T19:46:43.947+0530] {processor.py:183} INFO - Processing /home/pranav/.local/lib/python3.12/site-packages/airflow/example_dags/example_setup_teardown_taskflow.py took 0.419 seconds
[2024-08-20T19:48:41.267+0530] {processor.py:161} INFO - Started process (PID=24350) to work on /home/pranav/.local/lib/python3.12/site-packages/airflow/example_dags/example_setup_teardown_taskflow.py
[2024-08-20T19:48:41.375+0530] {processor.py:830} INFO - Processing file /home/pranav/.local/lib/python3.12/site-packages/airflow/example_dags/example_setup_teardown_taskflow.py for tasks to queue
[2024-08-20T19:48:41.377+0530] {logging_mixin.py:188} INFO - [2024-08-20T19:48:41.376+0530] {dagbag.py:545} INFO - Filling up the DagBag from /home/pranav/.local/lib/python3.12/site-packages/airflow/example_dags/example_setup_teardown_taskflow.py
[2024-08-20T19:48:41.401+0530] {processor.py:840} INFO - DAG(s) 'example_setup_teardown_taskflow' retrieved from /home/pranav/.local/lib/python3.12/site-packages/airflow/example_dags/example_setup_teardown_taskflow.py
[2024-08-20T19:48:41.457+0530] {logging_mixin.py:188} INFO - [2024-08-20T19:48:41.456+0530] {dag.py:3089} INFO - Sync 1 DAGs
[2024-08-20T19:48:41.510+0530] {logging_mixin.py:188} INFO - [2024-08-20T19:48:41.509+0530] {dag.py:3947} INFO - Setting next_dagrun for example_setup_teardown_taskflow to 2024-08-19 00:00:00+00:00, run_after=2024-08-20 00:00:00+00:00
[2024-08-20T19:48:41.682+0530] {processor.py:183} INFO - Processing /home/pranav/.local/lib/python3.12/site-packages/airflow/example_dags/example_setup_teardown_taskflow.py took 0.427 seconds
[2024-08-20T19:50:03.203+0530] {processor.py:161} INFO - Started process (PID=24843) to work on /home/pranav/.local/lib/python3.12/site-packages/airflow/example_dags/example_setup_teardown_taskflow.py
[2024-08-20T19:50:03.271+0530] {processor.py:830} INFO - Processing file /home/pranav/.local/lib/python3.12/site-packages/airflow/example_dags/example_setup_teardown_taskflow.py for tasks to queue
[2024-08-20T19:50:03.273+0530] {logging_mixin.py:188} INFO - [2024-08-20T19:50:03.272+0530] {dagbag.py:545} INFO - Filling up the DagBag from /home/pranav/.local/lib/python3.12/site-packages/airflow/example_dags/example_setup_teardown_taskflow.py
[2024-08-20T19:50:03.285+0530] {processor.py:840} INFO - DAG(s) 'example_setup_teardown_taskflow' retrieved from /home/pranav/.local/lib/python3.12/site-packages/airflow/example_dags/example_setup_teardown_taskflow.py
[2024-08-20T19:50:03.306+0530] {logging_mixin.py:188} INFO - [2024-08-20T19:50:03.306+0530] {dag.py:3089} INFO - Sync 1 DAGs
[2024-08-20T19:50:03.331+0530] {logging_mixin.py:188} INFO - [2024-08-20T19:50:03.331+0530] {dag.py:3947} INFO - Setting next_dagrun for example_setup_teardown_taskflow to 2024-08-19 00:00:00+00:00, run_after=2024-08-20 00:00:00+00:00
[2024-08-20T19:50:03.498+0530] {processor.py:183} INFO - Processing /home/pranav/.local/lib/python3.12/site-packages/airflow/example_dags/example_setup_teardown_taskflow.py took 0.302 seconds
[2024-08-20T19:51:14.962+0530] {processor.py:161} INFO - Started process (PID=25261) to work on /home/pranav/.local/lib/python3.12/site-packages/airflow/example_dags/example_setup_teardown_taskflow.py
[2024-08-20T19:51:14.993+0530] {processor.py:830} INFO - Processing file /home/pranav/.local/lib/python3.12/site-packages/airflow/example_dags/example_setup_teardown_taskflow.py for tasks to queue
[2024-08-20T19:51:14.995+0530] {logging_mixin.py:188} INFO - [2024-08-20T19:51:14.994+0530] {dagbag.py:545} INFO - Filling up the DagBag from /home/pranav/.local/lib/python3.12/site-packages/airflow/example_dags/example_setup_teardown_taskflow.py
[2024-08-20T19:51:15.008+0530] {processor.py:840} INFO - DAG(s) 'example_setup_teardown_taskflow' retrieved from /home/pranav/.local/lib/python3.12/site-packages/airflow/example_dags/example_setup_teardown_taskflow.py
[2024-08-20T19:51:15.028+0530] {logging_mixin.py:188} INFO - [2024-08-20T19:51:15.027+0530] {dag.py:3089} INFO - Sync 1 DAGs
[2024-08-20T19:51:15.052+0530] {logging_mixin.py:188} INFO - [2024-08-20T19:51:15.052+0530] {dag.py:3947} INFO - Setting next_dagrun for example_setup_teardown_taskflow to 2024-08-19 00:00:00+00:00, run_after=2024-08-20 00:00:00+00:00
[2024-08-20T19:51:15.245+0530] {processor.py:183} INFO - Processing /home/pranav/.local/lib/python3.12/site-packages/airflow/example_dags/example_setup_teardown_taskflow.py took 0.291 seconds
[2024-08-20T19:52:32.583+0530] {processor.py:161} INFO - Started process (PID=25688) to work on /home/pranav/.local/lib/python3.12/site-packages/airflow/example_dags/example_setup_teardown_taskflow.py
[2024-08-20T19:52:32.686+0530] {processor.py:830} INFO - Processing file /home/pranav/.local/lib/python3.12/site-packages/airflow/example_dags/example_setup_teardown_taskflow.py for tasks to queue
[2024-08-20T19:52:32.688+0530] {logging_mixin.py:188} INFO - [2024-08-20T19:52:32.687+0530] {dagbag.py:545} INFO - Filling up the DagBag from /home/pranav/.local/lib/python3.12/site-packages/airflow/example_dags/example_setup_teardown_taskflow.py
[2024-08-20T19:52:32.699+0530] {processor.py:840} INFO - DAG(s) 'example_setup_teardown_taskflow' retrieved from /home/pranav/.local/lib/python3.12/site-packages/airflow/example_dags/example_setup_teardown_taskflow.py
[2024-08-20T19:52:32.716+0530] {logging_mixin.py:188} INFO - [2024-08-20T19:52:32.716+0530] {dag.py:3089} INFO - Sync 1 DAGs
[2024-08-20T19:52:32.734+0530] {logging_mixin.py:188} INFO - [2024-08-20T19:52:32.734+0530] {dag.py:3947} INFO - Setting next_dagrun for example_setup_teardown_taskflow to 2024-08-19 00:00:00+00:00, run_after=2024-08-20 00:00:00+00:00
[2024-08-20T19:52:32.837+0530] {processor.py:183} INFO - Processing /home/pranav/.local/lib/python3.12/site-packages/airflow/example_dags/example_setup_teardown_taskflow.py took 0.261 seconds
[2024-08-20T19:53:50.045+0530] {processor.py:161} INFO - Started process (PID=26137) to work on /home/pranav/.local/lib/python3.12/site-packages/airflow/example_dags/example_setup_teardown_taskflow.py
[2024-08-20T19:53:50.103+0530] {processor.py:830} INFO - Processing file /home/pranav/.local/lib/python3.12/site-packages/airflow/example_dags/example_setup_teardown_taskflow.py for tasks to queue
[2024-08-20T19:53:50.105+0530] {logging_mixin.py:188} INFO - [2024-08-20T19:53:50.104+0530] {dagbag.py:545} INFO - Filling up the DagBag from /home/pranav/.local/lib/python3.12/site-packages/airflow/example_dags/example_setup_teardown_taskflow.py
[2024-08-20T19:53:50.117+0530] {processor.py:840} INFO - DAG(s) 'example_setup_teardown_taskflow' retrieved from /home/pranav/.local/lib/python3.12/site-packages/airflow/example_dags/example_setup_teardown_taskflow.py
[2024-08-20T19:53:50.138+0530] {logging_mixin.py:188} INFO - [2024-08-20T19:53:50.137+0530] {dag.py:3089} INFO - Sync 1 DAGs
[2024-08-20T19:53:50.161+0530] {logging_mixin.py:188} INFO - [2024-08-20T19:53:50.161+0530] {dag.py:3947} INFO - Setting next_dagrun for example_setup_teardown_taskflow to 2024-08-19 00:00:00+00:00, run_after=2024-08-20 00:00:00+00:00
[2024-08-20T19:53:50.307+0530] {processor.py:183} INFO - Processing /home/pranav/.local/lib/python3.12/site-packages/airflow/example_dags/example_setup_teardown_taskflow.py took 0.269 seconds
[2024-08-20T19:55:02.711+0530] {processor.py:161} INFO - Started process (PID=26516) to work on /home/pranav/.local/lib/python3.12/site-packages/airflow/example_dags/example_setup_teardown_taskflow.py
[2024-08-20T19:55:02.737+0530] {processor.py:830} INFO - Processing file /home/pranav/.local/lib/python3.12/site-packages/airflow/example_dags/example_setup_teardown_taskflow.py for tasks to queue
[2024-08-20T19:55:02.738+0530] {logging_mixin.py:188} INFO - [2024-08-20T19:55:02.737+0530] {dagbag.py:545} INFO - Filling up the DagBag from /home/pranav/.local/lib/python3.12/site-packages/airflow/example_dags/example_setup_teardown_taskflow.py
[2024-08-20T19:55:02.750+0530] {processor.py:840} INFO - DAG(s) 'example_setup_teardown_taskflow' retrieved from /home/pranav/.local/lib/python3.12/site-packages/airflow/example_dags/example_setup_teardown_taskflow.py
[2024-08-20T19:55:02.771+0530] {logging_mixin.py:188} INFO - [2024-08-20T19:55:02.771+0530] {dag.py:3089} INFO - Sync 1 DAGs
[2024-08-20T19:55:02.795+0530] {logging_mixin.py:188} INFO - [2024-08-20T19:55:02.795+0530] {dag.py:3947} INFO - Setting next_dagrun for example_setup_teardown_taskflow to 2024-08-19 00:00:00+00:00, run_after=2024-08-20 00:00:00+00:00
[2024-08-20T19:55:02.932+0530] {processor.py:183} INFO - Processing /home/pranav/.local/lib/python3.12/site-packages/airflow/example_dags/example_setup_teardown_taskflow.py took 0.228 seconds
[2024-08-20T19:56:15.794+0530] {processor.py:161} INFO - Started process (PID=26903) to work on /home/pranav/.local/lib/python3.12/site-packages/airflow/example_dags/example_setup_teardown_taskflow.py
[2024-08-20T19:56:15.831+0530] {processor.py:830} INFO - Processing file /home/pranav/.local/lib/python3.12/site-packages/airflow/example_dags/example_setup_teardown_taskflow.py for tasks to queue
[2024-08-20T19:56:15.832+0530] {logging_mixin.py:188} INFO - [2024-08-20T19:56:15.832+0530] {dagbag.py:545} INFO - Filling up the DagBag from /home/pranav/.local/lib/python3.12/site-packages/airflow/example_dags/example_setup_teardown_taskflow.py
[2024-08-20T19:56:15.845+0530] {processor.py:840} INFO - DAG(s) 'example_setup_teardown_taskflow' retrieved from /home/pranav/.local/lib/python3.12/site-packages/airflow/example_dags/example_setup_teardown_taskflow.py
[2024-08-20T19:56:15.867+0530] {logging_mixin.py:188} INFO - [2024-08-20T19:56:15.867+0530] {dag.py:3089} INFO - Sync 1 DAGs
[2024-08-20T19:56:15.891+0530] {logging_mixin.py:188} INFO - [2024-08-20T19:56:15.891+0530] {dag.py:3947} INFO - Setting next_dagrun for example_setup_teardown_taskflow to 2024-08-19 00:00:00+00:00, run_after=2024-08-20 00:00:00+00:00
[2024-08-20T19:56:16.024+0530] {processor.py:183} INFO - Processing /home/pranav/.local/lib/python3.12/site-packages/airflow/example_dags/example_setup_teardown_taskflow.py took 0.237 seconds
[2024-08-20T19:57:32.631+0530] {processor.py:161} INFO - Started process (PID=27363) to work on /home/pranav/.local/lib/python3.12/site-packages/airflow/example_dags/example_setup_teardown_taskflow.py
[2024-08-20T19:57:32.632+0530] {processor.py:830} INFO - Processing file /home/pranav/.local/lib/python3.12/site-packages/airflow/example_dags/example_setup_teardown_taskflow.py for tasks to queue
[2024-08-20T19:57:32.633+0530] {logging_mixin.py:188} INFO - [2024-08-20T19:57:32.632+0530] {dagbag.py:545} INFO - Filling up the DagBag from /home/pranav/.local/lib/python3.12/site-packages/airflow/example_dags/example_setup_teardown_taskflow.py
[2024-08-20T19:57:32.645+0530] {processor.py:840} INFO - DAG(s) 'example_setup_teardown_taskflow' retrieved from /home/pranav/.local/lib/python3.12/site-packages/airflow/example_dags/example_setup_teardown_taskflow.py
[2024-08-20T19:57:32.666+0530] {logging_mixin.py:188} INFO - [2024-08-20T19:57:32.666+0530] {dag.py:3089} INFO - Sync 1 DAGs
[2024-08-20T19:57:32.690+0530] {logging_mixin.py:188} INFO - [2024-08-20T19:57:32.690+0530] {dag.py:3947} INFO - Setting next_dagrun for example_setup_teardown_taskflow to 2024-08-19 00:00:00+00:00, run_after=2024-08-20 00:00:00+00:00
[2024-08-20T19:57:32.804+0530] {processor.py:183} INFO - Processing /home/pranav/.local/lib/python3.12/site-packages/airflow/example_dags/example_setup_teardown_taskflow.py took 0.180 seconds
