[2024-08-20T19:36:30.567+0530] {processor.py:161} INFO - Started process (PID=18142) to work on /home/pranav/.local/lib/python3.12/site-packages/airflow/example_dags/example_dynamic_task_mapping_with_no_taskflow_operators.py
[2024-08-20T19:36:30.569+0530] {processor.py:830} INFO - Processing file /home/pranav/.local/lib/python3.12/site-packages/airflow/example_dags/example_dynamic_task_mapping_with_no_taskflow_operators.py for tasks to queue
[2024-08-20T19:36:30.571+0530] {logging_mixin.py:188} INFO - [2024-08-20T19:36:30.570+0530] {dagbag.py:545} INFO - Filling up the DagBag from /home/pranav/.local/lib/python3.12/site-packages/airflow/example_dags/example_dynamic_task_mapping_with_no_taskflow_operators.py
[2024-08-20T19:36:30.826+0530] {processor.py:840} INFO - DAG(s) 'example_dynamic_task_mapping_with_no_taskflow_operators' retrieved from /home/pranav/.local/lib/python3.12/site-packages/airflow/example_dags/example_dynamic_task_mapping_with_no_taskflow_operators.py
[2024-08-20T19:36:30.851+0530] {logging_mixin.py:188} INFO - [2024-08-20T19:36:30.850+0530] {dag.py:3089} INFO - Sync 1 DAGs
[2024-08-20T19:36:30.892+0530] {logging_mixin.py:188} INFO - [2024-08-20T19:36:30.892+0530] {dag.py:3947} INFO - Setting next_dagrun for example_dynamic_task_mapping_with_no_taskflow_operators to 2024-08-19 00:00:00+00:00, run_after=2024-08-20 00:00:00+00:00
[2024-08-20T19:36:31.066+0530] {processor.py:183} INFO - Processing /home/pranav/.local/lib/python3.12/site-packages/airflow/example_dags/example_dynamic_task_mapping_with_no_taskflow_operators.py took 0.511 seconds
[2024-08-20T19:38:13.842+0530] {processor.py:161} INFO - Started process (PID=18994) to work on /home/pranav/.local/lib/python3.12/site-packages/airflow/example_dags/example_dynamic_task_mapping_with_no_taskflow_operators.py
[2024-08-20T19:38:13.844+0530] {processor.py:830} INFO - Processing file /home/pranav/.local/lib/python3.12/site-packages/airflow/example_dags/example_dynamic_task_mapping_with_no_taskflow_operators.py for tasks to queue
[2024-08-20T19:38:13.846+0530] {logging_mixin.py:188} INFO - [2024-08-20T19:38:13.845+0530] {dagbag.py:545} INFO - Filling up the DagBag from /home/pranav/.local/lib/python3.12/site-packages/airflow/example_dags/example_dynamic_task_mapping_with_no_taskflow_operators.py
[2024-08-20T19:38:13.883+0530] {processor.py:840} INFO - DAG(s) 'example_dynamic_task_mapping_with_no_taskflow_operators' retrieved from /home/pranav/.local/lib/python3.12/site-packages/airflow/example_dags/example_dynamic_task_mapping_with_no_taskflow_operators.py
[2024-08-20T19:38:13.918+0530] {logging_mixin.py:188} INFO - [2024-08-20T19:38:13.917+0530] {dag.py:3089} INFO - Sync 1 DAGs
[2024-08-20T19:38:13.960+0530] {logging_mixin.py:188} INFO - [2024-08-20T19:38:13.960+0530] {dag.py:3947} INFO - Setting next_dagrun for example_dynamic_task_mapping_with_no_taskflow_operators to 2024-08-19 00:00:00+00:00, run_after=2024-08-20 00:00:00+00:00
[2024-08-20T19:38:14.264+0530] {processor.py:183} INFO - Processing /home/pranav/.local/lib/python3.12/site-packages/airflow/example_dags/example_dynamic_task_mapping_with_no_taskflow_operators.py took 0.434 seconds
[2024-08-20T19:40:00.286+0530] {processor.py:161} INFO - Started process (PID=19986) to work on /home/pranav/.local/lib/python3.12/site-packages/airflow/example_dags/example_dynamic_task_mapping_with_no_taskflow_operators.py
[2024-08-20T19:40:00.289+0530] {processor.py:830} INFO - Processing file /home/pranav/.local/lib/python3.12/site-packages/airflow/example_dags/example_dynamic_task_mapping_with_no_taskflow_operators.py for tasks to queue
[2024-08-20T19:40:00.292+0530] {logging_mixin.py:188} INFO - [2024-08-20T19:40:00.291+0530] {dagbag.py:545} INFO - Filling up the DagBag from /home/pranav/.local/lib/python3.12/site-packages/airflow/example_dags/example_dynamic_task_mapping_with_no_taskflow_operators.py
[2024-08-20T19:40:00.318+0530] {processor.py:840} INFO - DAG(s) 'example_dynamic_task_mapping_with_no_taskflow_operators' retrieved from /home/pranav/.local/lib/python3.12/site-packages/airflow/example_dags/example_dynamic_task_mapping_with_no_taskflow_operators.py
[2024-08-20T19:40:00.385+0530] {logging_mixin.py:188} INFO - [2024-08-20T19:40:00.384+0530] {dag.py:3089} INFO - Sync 1 DAGs
[2024-08-20T19:40:00.460+0530] {logging_mixin.py:188} INFO - [2024-08-20T19:40:00.459+0530] {dag.py:3947} INFO - Setting next_dagrun for example_dynamic_task_mapping_with_no_taskflow_operators to 2024-08-19 00:00:00+00:00, run_after=2024-08-20 00:00:00+00:00
[2024-08-20T19:40:01.560+0530] {processor.py:183} INFO - Processing /home/pranav/.local/lib/python3.12/site-packages/airflow/example_dags/example_dynamic_task_mapping_with_no_taskflow_operators.py took 1.294 seconds
