[2024-08-20T19:36:34.543+0530] {processor.py:161} INFO - Started process (PID=18168) to work on /home/pranav/.local/lib/python3.12/site-packages/airflow/example_dags/example_kubernetes_executor.py
[2024-08-20T19:36:34.546+0530] {processor.py:830} INFO - Processing file /home/pranav/.local/lib/python3.12/site-packages/airflow/example_dags/example_kubernetes_executor.py for tasks to queue
[2024-08-20T19:36:34.551+0530] {logging_mixin.py:188} INFO - [2024-08-20T19:36:34.548+0530] {dagbag.py:545} INFO - Filling up the DagBag from /home/pranav/.local/lib/python3.12/site-packages/airflow/example_dags/example_kubernetes_executor.py
[2024-08-20T19:36:34.561+0530] {logging_mixin.py:188} INFO - [2024-08-20T19:36:34.561+0530] {example_kubernetes_executor.py:39} WARNING - The example_kubernetes_executor example DAG requires the kubernetes provider. Please install it with: pip install apache-airflow[cncf.kubernetes]
[2024-08-20T19:36:34.562+0530] {processor.py:842} WARNING - No viable dags retrieved from /home/pranav/.local/lib/python3.12/site-packages/airflow/example_dags/example_kubernetes_executor.py
[2024-08-20T19:36:34.611+0530] {processor.py:183} INFO - Processing /home/pranav/.local/lib/python3.12/site-packages/airflow/example_dags/example_kubernetes_executor.py took 0.084 seconds
[2024-08-20T19:38:16.408+0530] {processor.py:161} INFO - Started process (PID=19037) to work on /home/pranav/.local/lib/python3.12/site-packages/airflow/example_dags/example_kubernetes_executor.py
[2024-08-20T19:38:16.410+0530] {processor.py:830} INFO - Processing file /home/pranav/.local/lib/python3.12/site-packages/airflow/example_dags/example_kubernetes_executor.py for tasks to queue
[2024-08-20T19:38:16.412+0530] {logging_mixin.py:188} INFO - [2024-08-20T19:38:16.411+0530] {dagbag.py:545} INFO - Filling up the DagBag from /home/pranav/.local/lib/python3.12/site-packages/airflow/example_dags/example_kubernetes_executor.py
[2024-08-20T19:38:16.417+0530] {logging_mixin.py:188} INFO - [2024-08-20T19:38:16.417+0530] {example_kubernetes_executor.py:39} WARNING - The example_kubernetes_executor example DAG requires the kubernetes provider. Please install it with: pip install apache-airflow[cncf.kubernetes]
[2024-08-20T19:38:16.418+0530] {processor.py:842} WARNING - No viable dags retrieved from /home/pranav/.local/lib/python3.12/site-packages/airflow/example_dags/example_kubernetes_executor.py
[2024-08-20T19:38:16.440+0530] {processor.py:183} INFO - Processing /home/pranav/.local/lib/python3.12/site-packages/airflow/example_dags/example_kubernetes_executor.py took 0.043 seconds
[2024-08-20T19:40:04.007+0530] {processor.py:161} INFO - Started process (PID=20038) to work on /home/pranav/.local/lib/python3.12/site-packages/airflow/example_dags/example_kubernetes_executor.py
[2024-08-20T19:40:04.009+0530] {processor.py:830} INFO - Processing file /home/pranav/.local/lib/python3.12/site-packages/airflow/example_dags/example_kubernetes_executor.py for tasks to queue
[2024-08-20T19:40:04.014+0530] {logging_mixin.py:188} INFO - [2024-08-20T19:40:04.011+0530] {dagbag.py:545} INFO - Filling up the DagBag from /home/pranav/.local/lib/python3.12/site-packages/airflow/example_dags/example_kubernetes_executor.py
[2024-08-20T19:40:04.043+0530] {logging_mixin.py:188} INFO - [2024-08-20T19:40:04.043+0530] {example_kubernetes_executor.py:39} WARNING - The example_kubernetes_executor example DAG requires the kubernetes provider. Please install it with: pip install apache-airflow[cncf.kubernetes]
[2024-08-20T19:40:04.045+0530] {processor.py:842} WARNING - No viable dags retrieved from /home/pranav/.local/lib/python3.12/site-packages/airflow/example_dags/example_kubernetes_executor.py
[2024-08-20T19:40:04.075+0530] {processor.py:183} INFO - Processing /home/pranav/.local/lib/python3.12/site-packages/airflow/example_dags/example_kubernetes_executor.py took 0.094 seconds
[2024-08-20T19:42:03.647+0530] {processor.py:161} INFO - Started process (PID=21119) to work on /home/pranav/.local/lib/python3.12/site-packages/airflow/example_dags/example_kubernetes_executor.py
[2024-08-20T19:42:03.649+0530] {processor.py:830} INFO - Processing file /home/pranav/.local/lib/python3.12/site-packages/airflow/example_dags/example_kubernetes_executor.py for tasks to queue
[2024-08-20T19:42:03.651+0530] {logging_mixin.py:188} INFO - [2024-08-20T19:42:03.650+0530] {dagbag.py:545} INFO - Filling up the DagBag from /home/pranav/.local/lib/python3.12/site-packages/airflow/example_dags/example_kubernetes_executor.py
[2024-08-20T19:42:03.656+0530] {logging_mixin.py:188} INFO - [2024-08-20T19:42:03.655+0530] {example_kubernetes_executor.py:39} WARNING - The example_kubernetes_executor example DAG requires the kubernetes provider. Please install it with: pip install apache-airflow[cncf.kubernetes]
[2024-08-20T19:42:03.657+0530] {processor.py:842} WARNING - No viable dags retrieved from /home/pranav/.local/lib/python3.12/site-packages/airflow/example_dags/example_kubernetes_executor.py
[2024-08-20T19:42:03.681+0530] {processor.py:183} INFO - Processing /home/pranav/.local/lib/python3.12/site-packages/airflow/example_dags/example_kubernetes_executor.py took 0.046 seconds
[2024-08-20T19:43:52.745+0530] {processor.py:161} INFO - Started process (PID=22130) to work on /home/pranav/.local/lib/python3.12/site-packages/airflow/example_dags/example_kubernetes_executor.py
[2024-08-20T19:43:52.756+0530] {processor.py:830} INFO - Processing file /home/pranav/.local/lib/python3.12/site-packages/airflow/example_dags/example_kubernetes_executor.py for tasks to queue
[2024-08-20T19:43:52.758+0530] {logging_mixin.py:188} INFO - [2024-08-20T19:43:52.757+0530] {dagbag.py:545} INFO - Filling up the DagBag from /home/pranav/.local/lib/python3.12/site-packages/airflow/example_dags/example_kubernetes_executor.py
[2024-08-20T19:43:52.783+0530] {logging_mixin.py:188} INFO - [2024-08-20T19:43:52.783+0530] {example_kubernetes_executor.py:39} WARNING - The example_kubernetes_executor example DAG requires the kubernetes provider. Please install it with: pip install apache-airflow[cncf.kubernetes]
[2024-08-20T19:43:52.784+0530] {processor.py:842} WARNING - No viable dags retrieved from /home/pranav/.local/lib/python3.12/site-packages/airflow/example_dags/example_kubernetes_executor.py
[2024-08-20T19:43:52.807+0530] {processor.py:183} INFO - Processing /home/pranav/.local/lib/python3.12/site-packages/airflow/example_dags/example_kubernetes_executor.py took 0.075 seconds
[2024-08-20T19:45:46.890+0530] {processor.py:161} INFO - Started process (PID=23095) to work on /home/pranav/.local/lib/python3.12/site-packages/airflow/example_dags/example_kubernetes_executor.py
[2024-08-20T19:45:46.895+0530] {processor.py:830} INFO - Processing file /home/pranav/.local/lib/python3.12/site-packages/airflow/example_dags/example_kubernetes_executor.py for tasks to queue
[2024-08-20T19:45:46.898+0530] {logging_mixin.py:188} INFO - [2024-08-20T19:45:46.897+0530] {dagbag.py:545} INFO - Filling up the DagBag from /home/pranav/.local/lib/python3.12/site-packages/airflow/example_dags/example_kubernetes_executor.py
[2024-08-20T19:45:46.932+0530] {logging_mixin.py:188} INFO - [2024-08-20T19:45:46.932+0530] {example_kubernetes_executor.py:39} WARNING - The example_kubernetes_executor example DAG requires the kubernetes provider. Please install it with: pip install apache-airflow[cncf.kubernetes]
[2024-08-20T19:45:46.933+0530] {processor.py:842} WARNING - No viable dags retrieved from /home/pranav/.local/lib/python3.12/site-packages/airflow/example_dags/example_kubernetes_executor.py
[2024-08-20T19:45:46.963+0530] {processor.py:183} INFO - Processing /home/pranav/.local/lib/python3.12/site-packages/airflow/example_dags/example_kubernetes_executor.py took 0.089 seconds
[2024-08-20T19:48:06.718+0530] {processor.py:161} INFO - Started process (PID=24145) to work on /home/pranav/.local/lib/python3.12/site-packages/airflow/example_dags/example_kubernetes_executor.py
[2024-08-20T19:48:06.749+0530] {processor.py:830} INFO - Processing file /home/pranav/.local/lib/python3.12/site-packages/airflow/example_dags/example_kubernetes_executor.py for tasks to queue
[2024-08-20T19:48:06.755+0530] {logging_mixin.py:188} INFO - [2024-08-20T19:48:06.752+0530] {dagbag.py:545} INFO - Filling up the DagBag from /home/pranav/.local/lib/python3.12/site-packages/airflow/example_dags/example_kubernetes_executor.py
[2024-08-20T19:48:06.767+0530] {logging_mixin.py:188} INFO - [2024-08-20T19:48:06.766+0530] {example_kubernetes_executor.py:39} WARNING - The example_kubernetes_executor example DAG requires the kubernetes provider. Please install it with: pip install apache-airflow[cncf.kubernetes]
[2024-08-20T19:48:06.769+0530] {processor.py:842} WARNING - No viable dags retrieved from /home/pranav/.local/lib/python3.12/site-packages/airflow/example_dags/example_kubernetes_executor.py
[2024-08-20T19:48:06.820+0530] {processor.py:183} INFO - Processing /home/pranav/.local/lib/python3.12/site-packages/airflow/example_dags/example_kubernetes_executor.py took 0.122 seconds
[2024-08-20T19:49:40.669+0530] {processor.py:161} INFO - Started process (PID=24723) to work on /home/pranav/.local/lib/python3.12/site-packages/airflow/example_dags/example_kubernetes_executor.py
[2024-08-20T19:49:40.712+0530] {processor.py:830} INFO - Processing file /home/pranav/.local/lib/python3.12/site-packages/airflow/example_dags/example_kubernetes_executor.py for tasks to queue
[2024-08-20T19:49:40.714+0530] {logging_mixin.py:188} INFO - [2024-08-20T19:49:40.713+0530] {dagbag.py:545} INFO - Filling up the DagBag from /home/pranav/.local/lib/python3.12/site-packages/airflow/example_dags/example_kubernetes_executor.py
[2024-08-20T19:49:40.717+0530] {logging_mixin.py:188} INFO - [2024-08-20T19:49:40.717+0530] {example_kubernetes_executor.py:39} WARNING - The example_kubernetes_executor example DAG requires the kubernetes provider. Please install it with: pip install apache-airflow[cncf.kubernetes]
[2024-08-20T19:49:40.717+0530] {processor.py:842} WARNING - No viable dags retrieved from /home/pranav/.local/lib/python3.12/site-packages/airflow/example_dags/example_kubernetes_executor.py
[2024-08-20T19:49:40.729+0530] {processor.py:183} INFO - Processing /home/pranav/.local/lib/python3.12/site-packages/airflow/example_dags/example_kubernetes_executor.py took 0.067 seconds
[2024-08-20T19:50:51.011+0530] {processor.py:161} INFO - Started process (PID=25097) to work on /home/pranav/.local/lib/python3.12/site-packages/airflow/example_dags/example_kubernetes_executor.py
[2024-08-20T19:50:51.116+0530] {processor.py:830} INFO - Processing file /home/pranav/.local/lib/python3.12/site-packages/airflow/example_dags/example_kubernetes_executor.py for tasks to queue
[2024-08-20T19:50:51.119+0530] {logging_mixin.py:188} INFO - [2024-08-20T19:50:51.118+0530] {dagbag.py:545} INFO - Filling up the DagBag from /home/pranav/.local/lib/python3.12/site-packages/airflow/example_dags/example_kubernetes_executor.py
[2024-08-20T19:50:51.125+0530] {logging_mixin.py:188} INFO - [2024-08-20T19:50:51.124+0530] {example_kubernetes_executor.py:39} WARNING - The example_kubernetes_executor example DAG requires the kubernetes provider. Please install it with: pip install apache-airflow[cncf.kubernetes]
[2024-08-20T19:50:51.126+0530] {processor.py:842} WARNING - No viable dags retrieved from /home/pranav/.local/lib/python3.12/site-packages/airflow/example_dags/example_kubernetes_executor.py
[2024-08-20T19:50:51.144+0530] {processor.py:183} INFO - Processing /home/pranav/.local/lib/python3.12/site-packages/airflow/example_dags/example_kubernetes_executor.py took 0.142 seconds
[2024-08-20T19:52:08.865+0530] {processor.py:161} INFO - Started process (PID=25536) to work on /home/pranav/.local/lib/python3.12/site-packages/airflow/example_dags/example_kubernetes_executor.py
[2024-08-20T19:52:08.947+0530] {processor.py:830} INFO - Processing file /home/pranav/.local/lib/python3.12/site-packages/airflow/example_dags/example_kubernetes_executor.py for tasks to queue
[2024-08-20T19:52:08.948+0530] {logging_mixin.py:188} INFO - [2024-08-20T19:52:08.947+0530] {dagbag.py:545} INFO - Filling up the DagBag from /home/pranav/.local/lib/python3.12/site-packages/airflow/example_dags/example_kubernetes_executor.py
[2024-08-20T19:52:08.951+0530] {logging_mixin.py:188} INFO - [2024-08-20T19:52:08.951+0530] {example_kubernetes_executor.py:39} WARNING - The example_kubernetes_executor example DAG requires the kubernetes provider. Please install it with: pip install apache-airflow[cncf.kubernetes]
[2024-08-20T19:52:08.951+0530] {processor.py:842} WARNING - No viable dags retrieved from /home/pranav/.local/lib/python3.12/site-packages/airflow/example_dags/example_kubernetes_executor.py
[2024-08-20T19:52:08.963+0530] {processor.py:183} INFO - Processing /home/pranav/.local/lib/python3.12/site-packages/airflow/example_dags/example_kubernetes_executor.py took 0.105 seconds
[2024-08-20T19:53:26.984+0530] {processor.py:161} INFO - Started process (PID=26002) to work on /home/pranav/.local/lib/python3.12/site-packages/airflow/example_dags/example_kubernetes_executor.py
[2024-08-20T19:53:26.987+0530] {processor.py:830} INFO - Processing file /home/pranav/.local/lib/python3.12/site-packages/airflow/example_dags/example_kubernetes_executor.py for tasks to queue
[2024-08-20T19:53:26.988+0530] {logging_mixin.py:188} INFO - [2024-08-20T19:53:26.987+0530] {dagbag.py:545} INFO - Filling up the DagBag from /home/pranav/.local/lib/python3.12/site-packages/airflow/example_dags/example_kubernetes_executor.py
[2024-08-20T19:53:26.991+0530] {logging_mixin.py:188} INFO - [2024-08-20T19:53:26.990+0530] {example_kubernetes_executor.py:39} WARNING - The example_kubernetes_executor example DAG requires the kubernetes provider. Please install it with: pip install apache-airflow[cncf.kubernetes]
[2024-08-20T19:53:26.991+0530] {processor.py:842} WARNING - No viable dags retrieved from /home/pranav/.local/lib/python3.12/site-packages/airflow/example_dags/example_kubernetes_executor.py
[2024-08-20T19:53:27.003+0530] {processor.py:183} INFO - Processing /home/pranav/.local/lib/python3.12/site-packages/airflow/example_dags/example_kubernetes_executor.py took 0.025 seconds
[2024-08-20T19:54:40.769+0530] {processor.py:161} INFO - Started process (PID=26398) to work on /home/pranav/.local/lib/python3.12/site-packages/airflow/example_dags/example_kubernetes_executor.py
[2024-08-20T19:54:40.813+0530] {processor.py:830} INFO - Processing file /home/pranav/.local/lib/python3.12/site-packages/airflow/example_dags/example_kubernetes_executor.py for tasks to queue
[2024-08-20T19:54:40.814+0530] {logging_mixin.py:188} INFO - [2024-08-20T19:54:40.813+0530] {dagbag.py:545} INFO - Filling up the DagBag from /home/pranav/.local/lib/python3.12/site-packages/airflow/example_dags/example_kubernetes_executor.py
[2024-08-20T19:54:40.817+0530] {logging_mixin.py:188} INFO - [2024-08-20T19:54:40.817+0530] {example_kubernetes_executor.py:39} WARNING - The example_kubernetes_executor example DAG requires the kubernetes provider. Please install it with: pip install apache-airflow[cncf.kubernetes]
[2024-08-20T19:54:40.817+0530] {processor.py:842} WARNING - No viable dags retrieved from /home/pranav/.local/lib/python3.12/site-packages/airflow/example_dags/example_kubernetes_executor.py
[2024-08-20T19:54:40.830+0530] {processor.py:183} INFO - Processing /home/pranav/.local/lib/python3.12/site-packages/airflow/example_dags/example_kubernetes_executor.py took 0.067 seconds
[2024-08-20T19:55:54.706+0530] {processor.py:161} INFO - Started process (PID=26785) to work on /home/pranav/.local/lib/python3.12/site-packages/airflow/example_dags/example_kubernetes_executor.py
[2024-08-20T19:55:54.745+0530] {processor.py:830} INFO - Processing file /home/pranav/.local/lib/python3.12/site-packages/airflow/example_dags/example_kubernetes_executor.py for tasks to queue
[2024-08-20T19:55:54.746+0530] {logging_mixin.py:188} INFO - [2024-08-20T19:55:54.746+0530] {dagbag.py:545} INFO - Filling up the DagBag from /home/pranav/.local/lib/python3.12/site-packages/airflow/example_dags/example_kubernetes_executor.py
[2024-08-20T19:55:54.750+0530] {logging_mixin.py:188} INFO - [2024-08-20T19:55:54.749+0530] {example_kubernetes_executor.py:39} WARNING - The example_kubernetes_executor example DAG requires the kubernetes provider. Please install it with: pip install apache-airflow[cncf.kubernetes]
[2024-08-20T19:55:54.750+0530] {processor.py:842} WARNING - No viable dags retrieved from /home/pranav/.local/lib/python3.12/site-packages/airflow/example_dags/example_kubernetes_executor.py
[2024-08-20T19:55:54.762+0530] {processor.py:183} INFO - Processing /home/pranav/.local/lib/python3.12/site-packages/airflow/example_dags/example_kubernetes_executor.py took 0.062 seconds
[2024-08-20T19:57:09.664+0530] {processor.py:161} INFO - Started process (PID=27240) to work on /home/pranav/.local/lib/python3.12/site-packages/airflow/example_dags/example_kubernetes_executor.py
[2024-08-20T19:57:09.672+0530] {processor.py:830} INFO - Processing file /home/pranav/.local/lib/python3.12/site-packages/airflow/example_dags/example_kubernetes_executor.py for tasks to queue
[2024-08-20T19:57:09.674+0530] {logging_mixin.py:188} INFO - [2024-08-20T19:57:09.673+0530] {dagbag.py:545} INFO - Filling up the DagBag from /home/pranav/.local/lib/python3.12/site-packages/airflow/example_dags/example_kubernetes_executor.py
[2024-08-20T19:57:09.677+0530] {logging_mixin.py:188} INFO - [2024-08-20T19:57:09.676+0530] {example_kubernetes_executor.py:39} WARNING - The example_kubernetes_executor example DAG requires the kubernetes provider. Please install it with: pip install apache-airflow[cncf.kubernetes]
[2024-08-20T19:57:09.677+0530] {processor.py:842} WARNING - No viable dags retrieved from /home/pranav/.local/lib/python3.12/site-packages/airflow/example_dags/example_kubernetes_executor.py
[2024-08-20T19:57:09.689+0530] {processor.py:183} INFO - Processing /home/pranav/.local/lib/python3.12/site-packages/airflow/example_dags/example_kubernetes_executor.py took 0.032 seconds
