[2024-08-20T19:36:08.313+0530] {processor.py:161} INFO - Started process (PID=17896) to work on /home/pranav/.local/lib/python3.12/site-packages/airflow/example_dags/example_short_circuit_decorator.py
[2024-08-20T19:36:08.315+0530] {processor.py:830} INFO - Processing file /home/pranav/.local/lib/python3.12/site-packages/airflow/example_dags/example_short_circuit_decorator.py for tasks to queue
[2024-08-20T19:36:08.317+0530] {logging_mixin.py:188} INFO - [2024-08-20T19:36:08.316+0530] {dagbag.py:545} INFO - Filling up the DagBag from /home/pranav/.local/lib/python3.12/site-packages/airflow/example_dags/example_short_circuit_decorator.py
[2024-08-20T19:36:08.343+0530] {processor.py:840} INFO - DAG(s) 'example_short_circuit_decorator' retrieved from /home/pranav/.local/lib/python3.12/site-packages/airflow/example_dags/example_short_circuit_decorator.py
[2024-08-20T19:36:08.396+0530] {logging_mixin.py:188} INFO - [2024-08-20T19:36:08.395+0530] {dag.py:3089} INFO - Sync 1 DAGs
[2024-08-20T19:36:08.688+0530] {logging_mixin.py:188} INFO - [2024-08-20T19:36:08.687+0530] {dag.py:3947} INFO - Setting next_dagrun for example_short_circuit_decorator to 2024-08-19 00:00:00+00:00, run_after=2024-08-20 00:00:00+00:00
[2024-08-20T19:36:09.409+0530] {processor.py:183} INFO - Processing /home/pranav/.local/lib/python3.12/site-packages/airflow/example_dags/example_short_circuit_decorator.py took 1.111 seconds
[2024-08-20T19:37:56.877+0530] {processor.py:161} INFO - Started process (PID=18904) to work on /home/pranav/.local/lib/python3.12/site-packages/airflow/example_dags/example_short_circuit_decorator.py
[2024-08-20T19:37:56.879+0530] {processor.py:830} INFO - Processing file /home/pranav/.local/lib/python3.12/site-packages/airflow/example_dags/example_short_circuit_decorator.py for tasks to queue
[2024-08-20T19:37:56.881+0530] {logging_mixin.py:188} INFO - [2024-08-20T19:37:56.880+0530] {dagbag.py:545} INFO - Filling up the DagBag from /home/pranav/.local/lib/python3.12/site-packages/airflow/example_dags/example_short_circuit_decorator.py
[2024-08-20T19:37:56.901+0530] {processor.py:840} INFO - DAG(s) 'example_short_circuit_decorator' retrieved from /home/pranav/.local/lib/python3.12/site-packages/airflow/example_dags/example_short_circuit_decorator.py
[2024-08-20T19:37:56.944+0530] {logging_mixin.py:188} INFO - [2024-08-20T19:37:56.944+0530] {dag.py:3089} INFO - Sync 1 DAGs
[2024-08-20T19:37:56.987+0530] {logging_mixin.py:188} INFO - [2024-08-20T19:37:56.986+0530] {dag.py:3947} INFO - Setting next_dagrun for example_short_circuit_decorator to 2024-08-19 00:00:00+00:00, run_after=2024-08-20 00:00:00+00:00
[2024-08-20T19:37:57.272+0530] {processor.py:183} INFO - Processing /home/pranav/.local/lib/python3.12/site-packages/airflow/example_dags/example_short_circuit_decorator.py took 0.406 seconds
[2024-08-20T19:39:35.106+0530] {processor.py:161} INFO - Started process (PID=19612) to work on /home/pranav/.local/lib/python3.12/site-packages/airflow/example_dags/example_short_circuit_decorator.py
[2024-08-20T19:39:35.109+0530] {processor.py:830} INFO - Processing file /home/pranav/.local/lib/python3.12/site-packages/airflow/example_dags/example_short_circuit_decorator.py for tasks to queue
[2024-08-20T19:39:35.111+0530] {logging_mixin.py:188} INFO - [2024-08-20T19:39:35.110+0530] {dagbag.py:545} INFO - Filling up the DagBag from /home/pranav/.local/lib/python3.12/site-packages/airflow/example_dags/example_short_circuit_decorator.py
[2024-08-20T19:39:35.139+0530] {processor.py:840} INFO - DAG(s) 'example_short_circuit_decorator' retrieved from /home/pranav/.local/lib/python3.12/site-packages/airflow/example_dags/example_short_circuit_decorator.py
[2024-08-20T19:39:35.195+0530] {logging_mixin.py:188} INFO - [2024-08-20T19:39:35.194+0530] {dag.py:3089} INFO - Sync 1 DAGs
[2024-08-20T19:39:35.245+0530] {logging_mixin.py:188} INFO - [2024-08-20T19:39:35.245+0530] {dag.py:3947} INFO - Setting next_dagrun for example_short_circuit_decorator to 2024-08-19 00:00:00+00:00, run_after=2024-08-20 00:00:00+00:00
[2024-08-20T19:39:35.439+0530] {processor.py:183} INFO - Processing /home/pranav/.local/lib/python3.12/site-packages/airflow/example_dags/example_short_circuit_decorator.py took 0.356 seconds
[2024-08-20T19:41:42.862+0530] {processor.py:161} INFO - Started process (PID=20928) to work on /home/pranav/.local/lib/python3.12/site-packages/airflow/example_dags/example_short_circuit_decorator.py
[2024-08-20T19:41:42.890+0530] {processor.py:830} INFO - Processing file /home/pranav/.local/lib/python3.12/site-packages/airflow/example_dags/example_short_circuit_decorator.py for tasks to queue
[2024-08-20T19:41:42.892+0530] {logging_mixin.py:188} INFO - [2024-08-20T19:41:42.891+0530] {dagbag.py:545} INFO - Filling up the DagBag from /home/pranav/.local/lib/python3.12/site-packages/airflow/example_dags/example_short_circuit_decorator.py
[2024-08-20T19:41:42.912+0530] {processor.py:840} INFO - DAG(s) 'example_short_circuit_decorator' retrieved from /home/pranav/.local/lib/python3.12/site-packages/airflow/example_dags/example_short_circuit_decorator.py
[2024-08-20T19:41:42.952+0530] {logging_mixin.py:188} INFO - [2024-08-20T19:41:42.952+0530] {dag.py:3089} INFO - Sync 1 DAGs
[2024-08-20T19:41:42.996+0530] {logging_mixin.py:188} INFO - [2024-08-20T19:41:42.995+0530] {dag.py:3947} INFO - Setting next_dagrun for example_short_circuit_decorator to 2024-08-19 00:00:00+00:00, run_after=2024-08-20 00:00:00+00:00
[2024-08-20T19:41:43.167+0530] {processor.py:183} INFO - Processing /home/pranav/.local/lib/python3.12/site-packages/airflow/example_dags/example_short_circuit_decorator.py took 0.317 seconds
[2024-08-20T19:43:29.326+0530] {processor.py:161} INFO - Started process (PID=21961) to work on /home/pranav/.local/lib/python3.12/site-packages/airflow/example_dags/example_short_circuit_decorator.py
[2024-08-20T19:43:29.391+0530] {processor.py:830} INFO - Processing file /home/pranav/.local/lib/python3.12/site-packages/airflow/example_dags/example_short_circuit_decorator.py for tasks to queue
[2024-08-20T19:43:29.394+0530] {logging_mixin.py:188} INFO - [2024-08-20T19:43:29.393+0530] {dagbag.py:545} INFO - Filling up the DagBag from /home/pranav/.local/lib/python3.12/site-packages/airflow/example_dags/example_short_circuit_decorator.py
[2024-08-20T19:43:29.422+0530] {processor.py:840} INFO - DAG(s) 'example_short_circuit_decorator' retrieved from /home/pranav/.local/lib/python3.12/site-packages/airflow/example_dags/example_short_circuit_decorator.py
[2024-08-20T19:43:29.493+0530] {logging_mixin.py:188} INFO - [2024-08-20T19:43:29.492+0530] {dag.py:3089} INFO - Sync 1 DAGs
[2024-08-20T19:43:29.548+0530] {logging_mixin.py:188} INFO - [2024-08-20T19:43:29.548+0530] {dag.py:3947} INFO - Setting next_dagrun for example_short_circuit_decorator to 2024-08-19 00:00:00+00:00, run_after=2024-08-20 00:00:00+00:00
[2024-08-20T19:43:29.750+0530] {processor.py:183} INFO - Processing /home/pranav/.local/lib/python3.12/site-packages/airflow/example_dags/example_short_circuit_decorator.py took 0.441 seconds
[2024-08-20T19:45:19.228+0530] {processor.py:161} INFO - Started process (PID=22841) to work on /home/pranav/.local/lib/python3.12/site-packages/airflow/example_dags/example_short_circuit_decorator.py
[2024-08-20T19:45:19.255+0530] {processor.py:830} INFO - Processing file /home/pranav/.local/lib/python3.12/site-packages/airflow/example_dags/example_short_circuit_decorator.py for tasks to queue
[2024-08-20T19:45:19.266+0530] {logging_mixin.py:188} INFO - [2024-08-20T19:45:19.260+0530] {dagbag.py:545} INFO - Filling up the DagBag from /home/pranav/.local/lib/python3.12/site-packages/airflow/example_dags/example_short_circuit_decorator.py
[2024-08-20T19:45:19.369+0530] {processor.py:840} INFO - DAG(s) 'example_short_circuit_decorator' retrieved from /home/pranav/.local/lib/python3.12/site-packages/airflow/example_dags/example_short_circuit_decorator.py
[2024-08-20T19:45:19.557+0530] {logging_mixin.py:188} INFO - [2024-08-20T19:45:19.556+0530] {dag.py:3089} INFO - Sync 1 DAGs
[2024-08-20T19:45:19.747+0530] {logging_mixin.py:188} INFO - [2024-08-20T19:45:19.744+0530] {dag.py:3947} INFO - Setting next_dagrun for example_short_circuit_decorator to 2024-08-19 00:00:00+00:00, run_after=2024-08-20 00:00:00+00:00
[2024-08-20T19:45:20.512+0530] {processor.py:183} INFO - Processing /home/pranav/.local/lib/python3.12/site-packages/airflow/example_dags/example_short_circuit_decorator.py took 1.350 seconds
[2024-08-20T19:47:43.437+0530] {processor.py:161} INFO - Started process (PID=24005) to work on /home/pranav/.local/lib/python3.12/site-packages/airflow/example_dags/example_short_circuit_decorator.py
[2024-08-20T19:47:43.472+0530] {processor.py:830} INFO - Processing file /home/pranav/.local/lib/python3.12/site-packages/airflow/example_dags/example_short_circuit_decorator.py for tasks to queue
[2024-08-20T19:47:43.475+0530] {logging_mixin.py:188} INFO - [2024-08-20T19:47:43.474+0530] {dagbag.py:545} INFO - Filling up the DagBag from /home/pranav/.local/lib/python3.12/site-packages/airflow/example_dags/example_short_circuit_decorator.py
[2024-08-20T19:47:43.512+0530] {processor.py:840} INFO - DAG(s) 'example_short_circuit_decorator' retrieved from /home/pranav/.local/lib/python3.12/site-packages/airflow/example_dags/example_short_circuit_decorator.py
[2024-08-20T19:47:43.574+0530] {logging_mixin.py:188} INFO - [2024-08-20T19:47:43.573+0530] {dag.py:3089} INFO - Sync 1 DAGs
[2024-08-20T19:47:43.672+0530] {logging_mixin.py:188} INFO - [2024-08-20T19:47:43.671+0530] {dag.py:3947} INFO - Setting next_dagrun for example_short_circuit_decorator to 2024-08-19 00:00:00+00:00, run_after=2024-08-20 00:00:00+00:00
[2024-08-20T19:47:43.945+0530] {processor.py:183} INFO - Processing /home/pranav/.local/lib/python3.12/site-packages/airflow/example_dags/example_short_circuit_decorator.py took 0.570 seconds
[2024-08-20T19:49:22.392+0530] {processor.py:161} INFO - Started process (PID=24636) to work on /home/pranav/.local/lib/python3.12/site-packages/airflow/example_dags/example_short_circuit_decorator.py
[2024-08-20T19:49:22.414+0530] {processor.py:830} INFO - Processing file /home/pranav/.local/lib/python3.12/site-packages/airflow/example_dags/example_short_circuit_decorator.py for tasks to queue
[2024-08-20T19:49:22.415+0530] {logging_mixin.py:188} INFO - [2024-08-20T19:49:22.414+0530] {dagbag.py:545} INFO - Filling up the DagBag from /home/pranav/.local/lib/python3.12/site-packages/airflow/example_dags/example_short_circuit_decorator.py
[2024-08-20T19:49:22.428+0530] {processor.py:840} INFO - DAG(s) 'example_short_circuit_decorator' retrieved from /home/pranav/.local/lib/python3.12/site-packages/airflow/example_dags/example_short_circuit_decorator.py
[2024-08-20T19:49:22.455+0530] {logging_mixin.py:188} INFO - [2024-08-20T19:49:22.455+0530] {dag.py:3089} INFO - Sync 1 DAGs
[2024-08-20T19:49:22.478+0530] {logging_mixin.py:188} INFO - [2024-08-20T19:49:22.477+0530] {dag.py:3947} INFO - Setting next_dagrun for example_short_circuit_decorator to 2024-08-19 00:00:00+00:00, run_after=2024-08-20 00:00:00+00:00
[2024-08-20T19:49:22.643+0530] {processor.py:183} INFO - Processing /home/pranav/.local/lib/python3.12/site-packages/airflow/example_dags/example_short_circuit_decorator.py took 0.258 seconds
[2024-08-20T19:50:33.606+0530] {processor.py:161} INFO - Started process (PID=25007) to work on /home/pranav/.local/lib/python3.12/site-packages/airflow/example_dags/example_short_circuit_decorator.py
[2024-08-20T19:50:33.685+0530] {processor.py:830} INFO - Processing file /home/pranav/.local/lib/python3.12/site-packages/airflow/example_dags/example_short_circuit_decorator.py for tasks to queue
[2024-08-20T19:50:33.686+0530] {logging_mixin.py:188} INFO - [2024-08-20T19:50:33.685+0530] {dagbag.py:545} INFO - Filling up the DagBag from /home/pranav/.local/lib/python3.12/site-packages/airflow/example_dags/example_short_circuit_decorator.py
[2024-08-20T19:50:33.698+0530] {processor.py:840} INFO - DAG(s) 'example_short_circuit_decorator' retrieved from /home/pranav/.local/lib/python3.12/site-packages/airflow/example_dags/example_short_circuit_decorator.py
[2024-08-20T19:50:33.720+0530] {logging_mixin.py:188} INFO - [2024-08-20T19:50:33.720+0530] {dag.py:3089} INFO - Sync 1 DAGs
[2024-08-20T19:50:33.745+0530] {logging_mixin.py:188} INFO - [2024-08-20T19:50:33.745+0530] {dag.py:3947} INFO - Setting next_dagrun for example_short_circuit_decorator to 2024-08-19 00:00:00+00:00, run_after=2024-08-20 00:00:00+00:00
[2024-08-20T19:50:33.899+0530] {processor.py:183} INFO - Processing /home/pranav/.local/lib/python3.12/site-packages/airflow/example_dags/example_short_circuit_decorator.py took 0.300 seconds
[2024-08-20T19:51:50.101+0530] {processor.py:161} INFO - Started process (PID=25445) to work on /home/pranav/.local/lib/python3.12/site-packages/airflow/example_dags/example_short_circuit_decorator.py
[2024-08-20T19:51:50.151+0530] {processor.py:830} INFO - Processing file /home/pranav/.local/lib/python3.12/site-packages/airflow/example_dags/example_short_circuit_decorator.py for tasks to queue
[2024-08-20T19:51:50.152+0530] {logging_mixin.py:188} INFO - [2024-08-20T19:51:50.151+0530] {dagbag.py:545} INFO - Filling up the DagBag from /home/pranav/.local/lib/python3.12/site-packages/airflow/example_dags/example_short_circuit_decorator.py
[2024-08-20T19:51:50.163+0530] {processor.py:840} INFO - DAG(s) 'example_short_circuit_decorator' retrieved from /home/pranav/.local/lib/python3.12/site-packages/airflow/example_dags/example_short_circuit_decorator.py
[2024-08-20T19:51:50.186+0530] {logging_mixin.py:188} INFO - [2024-08-20T19:51:50.186+0530] {dag.py:3089} INFO - Sync 1 DAGs
[2024-08-20T19:51:50.209+0530] {logging_mixin.py:188} INFO - [2024-08-20T19:51:50.209+0530] {dag.py:3947} INFO - Setting next_dagrun for example_short_circuit_decorator to 2024-08-19 00:00:00+00:00, run_after=2024-08-20 00:00:00+00:00
[2024-08-20T19:51:50.369+0530] {processor.py:183} INFO - Processing /home/pranav/.local/lib/python3.12/site-packages/airflow/example_dags/example_short_circuit_decorator.py took 0.275 seconds
[2024-08-20T19:53:08.642+0530] {processor.py:161} INFO - Started process (PID=25914) to work on /home/pranav/.local/lib/python3.12/site-packages/airflow/example_dags/example_short_circuit_decorator.py
[2024-08-20T19:53:08.643+0530] {processor.py:830} INFO - Processing file /home/pranav/.local/lib/python3.12/site-packages/airflow/example_dags/example_short_circuit_decorator.py for tasks to queue
[2024-08-20T19:53:08.643+0530] {logging_mixin.py:188} INFO - [2024-08-20T19:53:08.643+0530] {dagbag.py:545} INFO - Filling up the DagBag from /home/pranav/.local/lib/python3.12/site-packages/airflow/example_dags/example_short_circuit_decorator.py
[2024-08-20T19:53:08.653+0530] {processor.py:840} INFO - DAG(s) 'example_short_circuit_decorator' retrieved from /home/pranav/.local/lib/python3.12/site-packages/airflow/example_dags/example_short_circuit_decorator.py
[2024-08-20T19:53:08.670+0530] {logging_mixin.py:188} INFO - [2024-08-20T19:53:08.670+0530] {dag.py:3089} INFO - Sync 1 DAGs
[2024-08-20T19:53:08.688+0530] {logging_mixin.py:188} INFO - [2024-08-20T19:53:08.688+0530] {dag.py:3947} INFO - Setting next_dagrun for example_short_circuit_decorator to 2024-08-19 00:00:00+00:00, run_after=2024-08-20 00:00:00+00:00
[2024-08-20T19:53:08.850+0530] {processor.py:183} INFO - Processing /home/pranav/.local/lib/python3.12/site-packages/airflow/example_dags/example_short_circuit_decorator.py took 0.215 seconds
[2024-08-20T19:54:22.391+0530] {processor.py:161} INFO - Started process (PID=26303) to work on /home/pranav/.local/lib/python3.12/site-packages/airflow/example_dags/example_short_circuit_decorator.py
[2024-08-20T19:54:22.403+0530] {processor.py:830} INFO - Processing file /home/pranav/.local/lib/python3.12/site-packages/airflow/example_dags/example_short_circuit_decorator.py for tasks to queue
[2024-08-20T19:54:22.405+0530] {logging_mixin.py:188} INFO - [2024-08-20T19:54:22.404+0530] {dagbag.py:545} INFO - Filling up the DagBag from /home/pranav/.local/lib/python3.12/site-packages/airflow/example_dags/example_short_circuit_decorator.py
[2024-08-20T19:54:22.416+0530] {processor.py:840} INFO - DAG(s) 'example_short_circuit_decorator' retrieved from /home/pranav/.local/lib/python3.12/site-packages/airflow/example_dags/example_short_circuit_decorator.py
[2024-08-20T19:54:22.439+0530] {logging_mixin.py:188} INFO - [2024-08-20T19:54:22.439+0530] {dag.py:3089} INFO - Sync 1 DAGs
[2024-08-20T19:54:22.462+0530] {logging_mixin.py:188} INFO - [2024-08-20T19:54:22.461+0530] {dag.py:3947} INFO - Setting next_dagrun for example_short_circuit_decorator to 2024-08-19 00:00:00+00:00, run_after=2024-08-20 00:00:00+00:00
[2024-08-20T19:54:22.588+0530] {processor.py:183} INFO - Processing /home/pranav/.local/lib/python3.12/site-packages/airflow/example_dags/example_short_circuit_decorator.py took 0.204 seconds
[2024-08-20T19:55:36.904+0530] {processor.py:161} INFO - Started process (PID=26697) to work on /home/pranav/.local/lib/python3.12/site-packages/airflow/example_dags/example_short_circuit_decorator.py
[2024-08-20T19:55:36.934+0530] {processor.py:830} INFO - Processing file /home/pranav/.local/lib/python3.12/site-packages/airflow/example_dags/example_short_circuit_decorator.py for tasks to queue
[2024-08-20T19:55:36.935+0530] {logging_mixin.py:188} INFO - [2024-08-20T19:55:36.934+0530] {dagbag.py:545} INFO - Filling up the DagBag from /home/pranav/.local/lib/python3.12/site-packages/airflow/example_dags/example_short_circuit_decorator.py
[2024-08-20T19:55:36.946+0530] {processor.py:840} INFO - DAG(s) 'example_short_circuit_decorator' retrieved from /home/pranav/.local/lib/python3.12/site-packages/airflow/example_dags/example_short_circuit_decorator.py
[2024-08-20T19:55:36.969+0530] {logging_mixin.py:188} INFO - [2024-08-20T19:55:36.969+0530] {dag.py:3089} INFO - Sync 1 DAGs
[2024-08-20T19:55:36.992+0530] {logging_mixin.py:188} INFO - [2024-08-20T19:55:36.992+0530] {dag.py:3947} INFO - Setting next_dagrun for example_short_circuit_decorator to 2024-08-19 00:00:00+00:00, run_after=2024-08-20 00:00:00+00:00
[2024-08-20T19:55:37.111+0530] {processor.py:183} INFO - Processing /home/pranav/.local/lib/python3.12/site-packages/airflow/example_dags/example_short_circuit_decorator.py took 0.213 seconds
[2024-08-20T19:56:51.116+0530] {processor.py:161} INFO - Started process (PID=27141) to work on /home/pranav/.local/lib/python3.12/site-packages/airflow/example_dags/example_short_circuit_decorator.py
[2024-08-20T19:56:51.118+0530] {processor.py:830} INFO - Processing file /home/pranav/.local/lib/python3.12/site-packages/airflow/example_dags/example_short_circuit_decorator.py for tasks to queue
[2024-08-20T19:56:51.119+0530] {logging_mixin.py:188} INFO - [2024-08-20T19:56:51.119+0530] {dagbag.py:545} INFO - Filling up the DagBag from /home/pranav/.local/lib/python3.12/site-packages/airflow/example_dags/example_short_circuit_decorator.py
[2024-08-20T19:56:51.131+0530] {processor.py:840} INFO - DAG(s) 'example_short_circuit_decorator' retrieved from /home/pranav/.local/lib/python3.12/site-packages/airflow/example_dags/example_short_circuit_decorator.py
[2024-08-20T19:56:51.154+0530] {logging_mixin.py:188} INFO - [2024-08-20T19:56:51.153+0530] {dag.py:3089} INFO - Sync 1 DAGs
[2024-08-20T19:56:51.177+0530] {logging_mixin.py:188} INFO - [2024-08-20T19:56:51.177+0530] {dag.py:3947} INFO - Setting next_dagrun for example_short_circuit_decorator to 2024-08-19 00:00:00+00:00, run_after=2024-08-20 00:00:00+00:00
[2024-08-20T19:56:51.327+0530] {processor.py:183} INFO - Processing /home/pranav/.local/lib/python3.12/site-packages/airflow/example_dags/example_short_circuit_decorator.py took 0.218 seconds
[2024-08-20T19:58:06.838+0530] {processor.py:161} INFO - Started process (PID=27576) to work on /home/pranav/.local/lib/python3.12/site-packages/airflow/example_dags/example_short_circuit_decorator.py
[2024-08-20T19:58:06.847+0530] {processor.py:830} INFO - Processing file /home/pranav/.local/lib/python3.12/site-packages/airflow/example_dags/example_short_circuit_decorator.py for tasks to queue
[2024-08-20T19:58:06.849+0530] {logging_mixin.py:188} INFO - [2024-08-20T19:58:06.848+0530] {dagbag.py:545} INFO - Filling up the DagBag from /home/pranav/.local/lib/python3.12/site-packages/airflow/example_dags/example_short_circuit_decorator.py
[2024-08-20T19:58:06.862+0530] {processor.py:840} INFO - DAG(s) 'example_short_circuit_decorator' retrieved from /home/pranav/.local/lib/python3.12/site-packages/airflow/example_dags/example_short_circuit_decorator.py
[2024-08-20T19:58:06.924+0530] {logging_mixin.py:188} INFO - [2024-08-20T19:58:06.924+0530] {dag.py:3089} INFO - Sync 1 DAGs
[2024-08-20T19:58:06.949+0530] {logging_mixin.py:188} INFO - [2024-08-20T19:58:06.949+0530] {dag.py:3947} INFO - Setting next_dagrun for example_short_circuit_decorator to 2024-08-19 00:00:00+00:00, run_after=2024-08-20 00:00:00+00:00
[2024-08-20T19:58:08.150+0530] {processor.py:183} INFO - Processing /home/pranav/.local/lib/python3.12/site-packages/airflow/example_dags/example_short_circuit_decorator.py took 1.320 seconds
