[2024-08-20T19:36:13.728+0530] {processor.py:161} INFO - Started process (PID=17918) to work on /home/pranav/.local/lib/python3.12/site-packages/airflow/example_dags/example_python_decorator.py
[2024-08-20T19:36:13.730+0530] {processor.py:830} INFO - Processing file /home/pranav/.local/lib/python3.12/site-packages/airflow/example_dags/example_python_decorator.py for tasks to queue
[2024-08-20T19:36:13.733+0530] {logging_mixin.py:188} INFO - [2024-08-20T19:36:13.732+0530] {dagbag.py:545} INFO - Filling up the DagBag from /home/pranav/.local/lib/python3.12/site-packages/airflow/example_dags/example_python_decorator.py
[2024-08-20T19:36:13.785+0530] {processor.py:840} INFO - DAG(s) 'example_python_decorator' retrieved from /home/pranav/.local/lib/python3.12/site-packages/airflow/example_dags/example_python_decorator.py
[2024-08-20T19:36:14.158+0530] {logging_mixin.py:188} INFO - [2024-08-20T19:36:14.157+0530] {dag.py:3089} INFO - Sync 1 DAGs
[2024-08-20T19:36:14.180+0530] {logging_mixin.py:188} INFO - [2024-08-20T19:36:14.180+0530] {dag.py:3947} INFO - Setting next_dagrun for example_python_decorator to None, run_after=None
[2024-08-20T19:36:14.445+0530] {processor.py:183} INFO - Processing /home/pranav/.local/lib/python3.12/site-packages/airflow/example_dags/example_python_decorator.py took 0.737 seconds
[2024-08-20T19:38:00.682+0530] {processor.py:161} INFO - Started process (PID=18927) to work on /home/pranav/.local/lib/python3.12/site-packages/airflow/example_dags/example_python_decorator.py
[2024-08-20T19:38:00.684+0530] {processor.py:830} INFO - Processing file /home/pranav/.local/lib/python3.12/site-packages/airflow/example_dags/example_python_decorator.py for tasks to queue
[2024-08-20T19:38:00.686+0530] {logging_mixin.py:188} INFO - [2024-08-20T19:38:00.685+0530] {dagbag.py:545} INFO - Filling up the DagBag from /home/pranav/.local/lib/python3.12/site-packages/airflow/example_dags/example_python_decorator.py
[2024-08-20T19:38:00.716+0530] {processor.py:840} INFO - DAG(s) 'example_python_decorator' retrieved from /home/pranav/.local/lib/python3.12/site-packages/airflow/example_dags/example_python_decorator.py
[2024-08-20T19:38:00.755+0530] {logging_mixin.py:188} INFO - [2024-08-20T19:38:00.755+0530] {dag.py:3089} INFO - Sync 1 DAGs
[2024-08-20T19:38:00.782+0530] {logging_mixin.py:188} INFO - [2024-08-20T19:38:00.781+0530] {dag.py:3947} INFO - Setting next_dagrun for example_python_decorator to None, run_after=None
[2024-08-20T19:38:01.010+0530] {processor.py:183} INFO - Processing /home/pranav/.local/lib/python3.12/site-packages/airflow/example_dags/example_python_decorator.py took 0.339 seconds
[2024-08-20T19:39:40.109+0530] {processor.py:161} INFO - Started process (PID=19661) to work on /home/pranav/.local/lib/python3.12/site-packages/airflow/example_dags/example_python_decorator.py
[2024-08-20T19:39:40.113+0530] {processor.py:830} INFO - Processing file /home/pranav/.local/lib/python3.12/site-packages/airflow/example_dags/example_python_decorator.py for tasks to queue
[2024-08-20T19:39:40.117+0530] {logging_mixin.py:188} INFO - [2024-08-20T19:39:40.116+0530] {dagbag.py:545} INFO - Filling up the DagBag from /home/pranav/.local/lib/python3.12/site-packages/airflow/example_dags/example_python_decorator.py
[2024-08-20T19:39:40.166+0530] {processor.py:840} INFO - DAG(s) 'example_python_decorator' retrieved from /home/pranav/.local/lib/python3.12/site-packages/airflow/example_dags/example_python_decorator.py
[2024-08-20T19:39:40.228+0530] {logging_mixin.py:188} INFO - [2024-08-20T19:39:40.227+0530] {dag.py:3089} INFO - Sync 1 DAGs
[2024-08-20T19:39:40.277+0530] {logging_mixin.py:188} INFO - [2024-08-20T19:39:40.276+0530] {dag.py:3947} INFO - Setting next_dagrun for example_python_decorator to None, run_after=None
[2024-08-20T19:39:40.826+0530] {processor.py:183} INFO - Processing /home/pranav/.local/lib/python3.12/site-packages/airflow/example_dags/example_python_decorator.py took 0.736 seconds
