[2024-08-20T19:37:07.045+0530] {processor.py:161} INFO - Started process (PID=18440) to work on /home/pranav/.local/lib/python3.12/site-packages/airflow/example_dags/example_sla_dag.py
[2024-08-20T19:37:07.047+0530] {processor.py:830} INFO - Processing file /home/pranav/.local/lib/python3.12/site-packages/airflow/example_dags/example_sla_dag.py for tasks to queue
[2024-08-20T19:37:07.049+0530] {logging_mixin.py:188} INFO - [2024-08-20T19:37:07.048+0530] {dagbag.py:545} INFO - Filling up the DagBag from /home/pranav/.local/lib/python3.12/site-packages/airflow/example_dags/example_sla_dag.py
[2024-08-20T19:37:07.067+0530] {processor.py:840} INFO - DAG(s) 'example_sla_dag' retrieved from /home/pranav/.local/lib/python3.12/site-packages/airflow/example_dags/example_sla_dag.py
[2024-08-20T19:37:07.100+0530] {logging_mixin.py:188} INFO - [2024-08-20T19:37:07.100+0530] {dag.py:3089} INFO - Sync 1 DAGs
[2024-08-20T19:37:07.146+0530] {logging_mixin.py:188} INFO - [2024-08-20T19:37:07.146+0530] {dag.py:3947} INFO - Setting next_dagrun for example_sla_dag to 2024-08-20 14:04:00+00:00, run_after=2024-08-20 14:06:00+00:00
[2024-08-20T19:37:07.377+0530] {processor.py:183} INFO - Processing /home/pranav/.local/lib/python3.12/site-packages/airflow/example_dags/example_sla_dag.py took 0.343 seconds
[2024-08-20T19:38:43.327+0530] {processor.py:161} INFO - Started process (PID=19212) to work on /home/pranav/.local/lib/python3.12/site-packages/airflow/example_dags/example_sla_dag.py
[2024-08-20T19:38:43.329+0530] {processor.py:830} INFO - Processing file /home/pranav/.local/lib/python3.12/site-packages/airflow/example_dags/example_sla_dag.py for tasks to queue
[2024-08-20T19:38:43.331+0530] {logging_mixin.py:188} INFO - [2024-08-20T19:38:43.330+0530] {dagbag.py:545} INFO - Filling up the DagBag from /home/pranav/.local/lib/python3.12/site-packages/airflow/example_dags/example_sla_dag.py
[2024-08-20T19:38:43.356+0530] {processor.py:840} INFO - DAG(s) 'example_sla_dag' retrieved from /home/pranav/.local/lib/python3.12/site-packages/airflow/example_dags/example_sla_dag.py
[2024-08-20T19:38:43.398+0530] {logging_mixin.py:188} INFO - [2024-08-20T19:38:43.397+0530] {dag.py:3089} INFO - Sync 1 DAGs
[2024-08-20T19:38:43.462+0530] {logging_mixin.py:188} INFO - [2024-08-20T19:38:43.461+0530] {dag.py:3947} INFO - Setting next_dagrun for example_sla_dag to 2024-08-20 14:06:00+00:00, run_after=2024-08-20 14:08:00+00:00
[2024-08-20T19:38:43.685+0530] {processor.py:183} INFO - Processing /home/pranav/.local/lib/python3.12/site-packages/airflow/example_dags/example_sla_dag.py took 0.374 seconds
[2024-08-20T19:40:47.735+0530] {processor.py:161} INFO - Started process (PID=20434) to work on /home/pranav/.local/lib/python3.12/site-packages/airflow/example_dags/example_sla_dag.py
[2024-08-20T19:40:47.737+0530] {processor.py:830} INFO - Processing file /home/pranav/.local/lib/python3.12/site-packages/airflow/example_dags/example_sla_dag.py for tasks to queue
[2024-08-20T19:40:47.738+0530] {logging_mixin.py:188} INFO - [2024-08-20T19:40:47.738+0530] {dagbag.py:545} INFO - Filling up the DagBag from /home/pranav/.local/lib/python3.12/site-packages/airflow/example_dags/example_sla_dag.py
[2024-08-20T19:40:47.757+0530] {processor.py:840} INFO - DAG(s) 'example_sla_dag' retrieved from /home/pranav/.local/lib/python3.12/site-packages/airflow/example_dags/example_sla_dag.py
[2024-08-20T19:40:47.806+0530] {logging_mixin.py:188} INFO - [2024-08-20T19:40:47.805+0530] {dag.py:3089} INFO - Sync 1 DAGs
[2024-08-20T19:40:47.859+0530] {logging_mixin.py:188} INFO - [2024-08-20T19:40:47.859+0530] {dag.py:3947} INFO - Setting next_dagrun for example_sla_dag to 2024-08-20 14:08:00+00:00, run_after=2024-08-20 14:10:00+00:00
[2024-08-20T19:40:48.131+0530] {processor.py:183} INFO - Processing /home/pranav/.local/lib/python3.12/site-packages/airflow/example_dags/example_sla_dag.py took 0.407 seconds
[2024-08-20T19:42:26.991+0530] {processor.py:161} INFO - Started process (PID=21399) to work on /home/pranav/.local/lib/python3.12/site-packages/airflow/example_dags/example_sla_dag.py
[2024-08-20T19:42:26.993+0530] {processor.py:830} INFO - Processing file /home/pranav/.local/lib/python3.12/site-packages/airflow/example_dags/example_sla_dag.py for tasks to queue
[2024-08-20T19:42:26.995+0530] {logging_mixin.py:188} INFO - [2024-08-20T19:42:26.994+0530] {dagbag.py:545} INFO - Filling up the DagBag from /home/pranav/.local/lib/python3.12/site-packages/airflow/example_dags/example_sla_dag.py
[2024-08-20T19:42:27.013+0530] {processor.py:840} INFO - DAG(s) 'example_sla_dag' retrieved from /home/pranav/.local/lib/python3.12/site-packages/airflow/example_dags/example_sla_dag.py
[2024-08-20T19:42:27.046+0530] {logging_mixin.py:188} INFO - [2024-08-20T19:42:27.046+0530] {dag.py:3089} INFO - Sync 1 DAGs
[2024-08-20T19:42:27.093+0530] {logging_mixin.py:188} INFO - [2024-08-20T19:42:27.093+0530] {dag.py:3947} INFO - Setting next_dagrun for example_sla_dag to 2024-08-20 14:10:00+00:00, run_after=2024-08-20 14:12:00+00:00
[2024-08-20T19:42:27.424+0530] {processor.py:183} INFO - Processing /home/pranav/.local/lib/python3.12/site-packages/airflow/example_dags/example_sla_dag.py took 0.444 seconds
[2024-08-20T19:44:20.877+0530] {processor.py:161} INFO - Started process (PID=22297) to work on /home/pranav/.local/lib/python3.12/site-packages/airflow/example_dags/example_sla_dag.py
[2024-08-20T19:44:20.881+0530] {processor.py:830} INFO - Processing file /home/pranav/.local/lib/python3.12/site-packages/airflow/example_dags/example_sla_dag.py for tasks to queue
[2024-08-20T19:44:20.883+0530] {logging_mixin.py:188} INFO - [2024-08-20T19:44:20.883+0530] {dagbag.py:545} INFO - Filling up the DagBag from /home/pranav/.local/lib/python3.12/site-packages/airflow/example_dags/example_sla_dag.py
[2024-08-20T19:44:20.902+0530] {processor.py:840} INFO - DAG(s) 'example_sla_dag' retrieved from /home/pranav/.local/lib/python3.12/site-packages/airflow/example_dags/example_sla_dag.py
[2024-08-20T19:44:20.936+0530] {logging_mixin.py:188} INFO - [2024-08-20T19:44:20.935+0530] {dag.py:3089} INFO - Sync 1 DAGs
[2024-08-20T19:44:20.993+0530] {logging_mixin.py:188} INFO - [2024-08-20T19:44:20.993+0530] {dag.py:3947} INFO - Setting next_dagrun for example_sla_dag to 2024-08-20 14:12:00+00:00, run_after=2024-08-20 14:14:00+00:00
[2024-08-20T19:44:21.183+0530] {processor.py:183} INFO - Processing /home/pranav/.local/lib/python3.12/site-packages/airflow/example_dags/example_sla_dag.py took 0.319 seconds
[2024-08-20T19:46:37.125+0530] {processor.py:161} INFO - Started process (PID=23427) to work on /home/pranav/.local/lib/python3.12/site-packages/airflow/example_dags/example_sla_dag.py
[2024-08-20T19:46:37.159+0530] {processor.py:830} INFO - Processing file /home/pranav/.local/lib/python3.12/site-packages/airflow/example_dags/example_sla_dag.py for tasks to queue
[2024-08-20T19:46:37.161+0530] {logging_mixin.py:188} INFO - [2024-08-20T19:46:37.160+0530] {dagbag.py:545} INFO - Filling up the DagBag from /home/pranav/.local/lib/python3.12/site-packages/airflow/example_dags/example_sla_dag.py
[2024-08-20T19:46:37.185+0530] {processor.py:840} INFO - DAG(s) 'example_sla_dag' retrieved from /home/pranav/.local/lib/python3.12/site-packages/airflow/example_dags/example_sla_dag.py
[2024-08-20T19:46:37.236+0530] {logging_mixin.py:188} INFO - [2024-08-20T19:46:37.235+0530] {dag.py:3089} INFO - Sync 1 DAGs
[2024-08-20T19:46:37.294+0530] {logging_mixin.py:188} INFO - [2024-08-20T19:46:37.294+0530] {dag.py:3947} INFO - Setting next_dagrun for example_sla_dag to 2024-08-20 14:14:00+00:00, run_after=2024-08-20 14:16:00+00:00
[2024-08-20T19:46:37.475+0530] {processor.py:183} INFO - Processing /home/pranav/.local/lib/python3.12/site-packages/airflow/example_dags/example_sla_dag.py took 0.365 seconds
[2024-08-20T19:48:33.835+0530] {processor.py:161} INFO - Started process (PID=24323) to work on /home/pranav/.local/lib/python3.12/site-packages/airflow/example_dags/example_sla_dag.py
[2024-08-20T19:48:33.897+0530] {processor.py:830} INFO - Processing file /home/pranav/.local/lib/python3.12/site-packages/airflow/example_dags/example_sla_dag.py for tasks to queue
[2024-08-20T19:48:33.900+0530] {logging_mixin.py:188} INFO - [2024-08-20T19:48:33.899+0530] {dagbag.py:545} INFO - Filling up the DagBag from /home/pranav/.local/lib/python3.12/site-packages/airflow/example_dags/example_sla_dag.py
[2024-08-20T19:48:33.925+0530] {processor.py:840} INFO - DAG(s) 'example_sla_dag' retrieved from /home/pranav/.local/lib/python3.12/site-packages/airflow/example_dags/example_sla_dag.py
[2024-08-20T19:48:33.967+0530] {logging_mixin.py:188} INFO - [2024-08-20T19:48:33.967+0530] {dag.py:3089} INFO - Sync 1 DAGs
[2024-08-20T19:48:34.037+0530] {logging_mixin.py:188} INFO - [2024-08-20T19:48:34.037+0530] {dag.py:3947} INFO - Setting next_dagrun for example_sla_dag to 2024-08-20 14:16:00+00:00, run_after=2024-08-20 14:18:00+00:00
[2024-08-20T19:48:34.339+0530] {processor.py:183} INFO - Processing /home/pranav/.local/lib/python3.12/site-packages/airflow/example_dags/example_sla_dag.py took 0.521 seconds
[2024-08-20T19:49:56.350+0530] {processor.py:161} INFO - Started process (PID=24806) to work on /home/pranav/.local/lib/python3.12/site-packages/airflow/example_dags/example_sla_dag.py
[2024-08-20T19:49:56.352+0530] {processor.py:830} INFO - Processing file /home/pranav/.local/lib/python3.12/site-packages/airflow/example_dags/example_sla_dag.py for tasks to queue
[2024-08-20T19:49:56.353+0530] {logging_mixin.py:188} INFO - [2024-08-20T19:49:56.352+0530] {dagbag.py:545} INFO - Filling up the DagBag from /home/pranav/.local/lib/python3.12/site-packages/airflow/example_dags/example_sla_dag.py
[2024-08-20T19:49:56.361+0530] {processor.py:840} INFO - DAG(s) 'example_sla_dag' retrieved from /home/pranav/.local/lib/python3.12/site-packages/airflow/example_dags/example_sla_dag.py
[2024-08-20T19:49:56.377+0530] {logging_mixin.py:188} INFO - [2024-08-20T19:49:56.377+0530] {dag.py:3089} INFO - Sync 1 DAGs
[2024-08-20T19:49:56.404+0530] {logging_mixin.py:188} INFO - [2024-08-20T19:49:56.404+0530] {dag.py:3947} INFO - Setting next_dagrun for example_sla_dag to 2024-08-20 14:16:00+00:00, run_after=2024-08-20 14:18:00+00:00
[2024-08-20T19:49:56.553+0530] {processor.py:183} INFO - Processing /home/pranav/.local/lib/python3.12/site-packages/airflow/example_dags/example_sla_dag.py took 0.210 seconds
[2024-08-20T19:51:08.026+0530] {processor.py:161} INFO - Started process (PID=25195) to work on /home/pranav/.local/lib/python3.12/site-packages/airflow/example_dags/example_sla_dag.py
[2024-08-20T19:51:08.028+0530] {processor.py:830} INFO - Processing file /home/pranav/.local/lib/python3.12/site-packages/airflow/example_dags/example_sla_dag.py for tasks to queue
[2024-08-20T19:51:08.029+0530] {logging_mixin.py:188} INFO - [2024-08-20T19:51:08.028+0530] {dagbag.py:545} INFO - Filling up the DagBag from /home/pranav/.local/lib/python3.12/site-packages/airflow/example_dags/example_sla_dag.py
[2024-08-20T19:51:08.037+0530] {processor.py:840} INFO - DAG(s) 'example_sla_dag' retrieved from /home/pranav/.local/lib/python3.12/site-packages/airflow/example_dags/example_sla_dag.py
[2024-08-20T19:51:08.052+0530] {logging_mixin.py:188} INFO - [2024-08-20T19:51:08.052+0530] {dag.py:3089} INFO - Sync 1 DAGs
[2024-08-20T19:51:08.073+0530] {logging_mixin.py:188} INFO - [2024-08-20T19:51:08.073+0530] {dag.py:3947} INFO - Setting next_dagrun for example_sla_dag to 2024-08-20 14:18:00+00:00, run_after=2024-08-20 14:20:00+00:00
[2024-08-20T19:51:08.201+0530] {processor.py:183} INFO - Processing /home/pranav/.local/lib/python3.12/site-packages/airflow/example_dags/example_sla_dag.py took 0.182 seconds
[2024-08-20T19:52:25.766+0530] {processor.py:161} INFO - Started process (PID=25647) to work on /home/pranav/.local/lib/python3.12/site-packages/airflow/example_dags/example_sla_dag.py
[2024-08-20T19:52:25.852+0530] {processor.py:830} INFO - Processing file /home/pranav/.local/lib/python3.12/site-packages/airflow/example_dags/example_sla_dag.py for tasks to queue
[2024-08-20T19:52:25.854+0530] {logging_mixin.py:188} INFO - [2024-08-20T19:52:25.853+0530] {dagbag.py:545} INFO - Filling up the DagBag from /home/pranav/.local/lib/python3.12/site-packages/airflow/example_dags/example_sla_dag.py
[2024-08-20T19:52:25.864+0530] {processor.py:840} INFO - DAG(s) 'example_sla_dag' retrieved from /home/pranav/.local/lib/python3.12/site-packages/airflow/example_dags/example_sla_dag.py
[2024-08-20T19:52:25.879+0530] {logging_mixin.py:188} INFO - [2024-08-20T19:52:25.879+0530] {dag.py:3089} INFO - Sync 1 DAGs
[2024-08-20T19:52:25.900+0530] {logging_mixin.py:188} INFO - [2024-08-20T19:52:25.900+0530] {dag.py:3947} INFO - Setting next_dagrun for example_sla_dag to 2024-08-20 14:20:00+00:00, run_after=2024-08-20 14:22:00+00:00
[2024-08-20T19:52:26.037+0530] {processor.py:183} INFO - Processing /home/pranav/.local/lib/python3.12/site-packages/airflow/example_dags/example_sla_dag.py took 0.278 seconds
[2024-08-20T19:53:43.398+0530] {processor.py:161} INFO - Started process (PID=26096) to work on /home/pranav/.local/lib/python3.12/site-packages/airflow/example_dags/example_sla_dag.py
[2024-08-20T19:53:43.407+0530] {processor.py:830} INFO - Processing file /home/pranav/.local/lib/python3.12/site-packages/airflow/example_dags/example_sla_dag.py for tasks to queue
[2024-08-20T19:53:43.408+0530] {logging_mixin.py:188} INFO - [2024-08-20T19:53:43.407+0530] {dagbag.py:545} INFO - Filling up the DagBag from /home/pranav/.local/lib/python3.12/site-packages/airflow/example_dags/example_sla_dag.py
[2024-08-20T19:53:43.418+0530] {processor.py:840} INFO - DAG(s) 'example_sla_dag' retrieved from /home/pranav/.local/lib/python3.12/site-packages/airflow/example_dags/example_sla_dag.py
[2024-08-20T19:53:43.433+0530] {logging_mixin.py:188} INFO - [2024-08-20T19:53:43.433+0530] {dag.py:3089} INFO - Sync 1 DAGs
[2024-08-20T19:53:43.453+0530] {logging_mixin.py:188} INFO - [2024-08-20T19:53:43.453+0530] {dag.py:3947} INFO - Setting next_dagrun for example_sla_dag to 2024-08-20 14:20:00+00:00, run_after=2024-08-20 14:22:00+00:00
[2024-08-20T19:53:43.562+0530] {processor.py:183} INFO - Processing /home/pranav/.local/lib/python3.12/site-packages/airflow/example_dags/example_sla_dag.py took 0.170 seconds
[2024-08-20T19:54:56.393+0530] {processor.py:161} INFO - Started process (PID=26483) to work on /home/pranav/.local/lib/python3.12/site-packages/airflow/example_dags/example_sla_dag.py
[2024-08-20T19:54:56.443+0530] {processor.py:830} INFO - Processing file /home/pranav/.local/lib/python3.12/site-packages/airflow/example_dags/example_sla_dag.py for tasks to queue
[2024-08-20T19:54:56.444+0530] {logging_mixin.py:188} INFO - [2024-08-20T19:54:56.443+0530] {dagbag.py:545} INFO - Filling up the DagBag from /home/pranav/.local/lib/python3.12/site-packages/airflow/example_dags/example_sla_dag.py
[2024-08-20T19:54:56.455+0530] {processor.py:840} INFO - DAG(s) 'example_sla_dag' retrieved from /home/pranav/.local/lib/python3.12/site-packages/airflow/example_dags/example_sla_dag.py
[2024-08-20T19:54:56.474+0530] {logging_mixin.py:188} INFO - [2024-08-20T19:54:56.473+0530] {dag.py:3089} INFO - Sync 1 DAGs
[2024-08-20T19:54:56.500+0530] {logging_mixin.py:188} INFO - [2024-08-20T19:54:56.500+0530] {dag.py:3947} INFO - Setting next_dagrun for example_sla_dag to 2024-08-20 14:22:00+00:00, run_after=2024-08-20 14:24:00+00:00
[2024-08-20T19:54:56.621+0530] {processor.py:183} INFO - Processing /home/pranav/.local/lib/python3.12/site-packages/airflow/example_dags/example_sla_dag.py took 0.234 seconds
[2024-08-20T19:56:10.327+0530] {processor.py:161} INFO - Started process (PID=26870) to work on /home/pranav/.local/lib/python3.12/site-packages/airflow/example_dags/example_sla_dag.py
[2024-08-20T19:56:10.360+0530] {processor.py:830} INFO - Processing file /home/pranav/.local/lib/python3.12/site-packages/airflow/example_dags/example_sla_dag.py for tasks to queue
[2024-08-20T19:56:10.361+0530] {logging_mixin.py:188} INFO - [2024-08-20T19:56:10.361+0530] {dagbag.py:545} INFO - Filling up the DagBag from /home/pranav/.local/lib/python3.12/site-packages/airflow/example_dags/example_sla_dag.py
[2024-08-20T19:56:10.371+0530] {processor.py:840} INFO - DAG(s) 'example_sla_dag' retrieved from /home/pranav/.local/lib/python3.12/site-packages/airflow/example_dags/example_sla_dag.py
[2024-08-20T19:56:10.387+0530] {logging_mixin.py:188} INFO - [2024-08-20T19:56:10.386+0530] {dag.py:3089} INFO - Sync 1 DAGs
[2024-08-20T19:56:10.407+0530] {logging_mixin.py:188} INFO - [2024-08-20T19:56:10.407+0530] {dag.py:3947} INFO - Setting next_dagrun for example_sla_dag to 2024-08-20 14:24:00+00:00, run_after=2024-08-20 14:26:00+00:00
[2024-08-20T19:56:10.601+0530] {processor.py:183} INFO - Processing /home/pranav/.local/lib/python3.12/site-packages/airflow/example_dags/example_sla_dag.py took 0.280 seconds
[2024-08-20T19:57:25.626+0530] {processor.py:161} INFO - Started process (PID=27330) to work on /home/pranav/.local/lib/python3.12/site-packages/airflow/example_dags/example_sla_dag.py
[2024-08-20T19:57:25.664+0530] {processor.py:830} INFO - Processing file /home/pranav/.local/lib/python3.12/site-packages/airflow/example_dags/example_sla_dag.py for tasks to queue
[2024-08-20T19:57:25.665+0530] {logging_mixin.py:188} INFO - [2024-08-20T19:57:25.665+0530] {dagbag.py:545} INFO - Filling up the DagBag from /home/pranav/.local/lib/python3.12/site-packages/airflow/example_dags/example_sla_dag.py
[2024-08-20T19:57:25.675+0530] {processor.py:840} INFO - DAG(s) 'example_sla_dag' retrieved from /home/pranav/.local/lib/python3.12/site-packages/airflow/example_dags/example_sla_dag.py
[2024-08-20T19:57:25.694+0530] {logging_mixin.py:188} INFO - [2024-08-20T19:57:25.693+0530] {dag.py:3089} INFO - Sync 1 DAGs
[2024-08-20T19:57:25.719+0530] {logging_mixin.py:188} INFO - [2024-08-20T19:57:25.719+0530] {dag.py:3947} INFO - Setting next_dagrun for example_sla_dag to 2024-08-20 14:24:00+00:00, run_after=2024-08-20 14:26:00+00:00
[2024-08-20T19:57:25.882+0530] {processor.py:183} INFO - Processing /home/pranav/.local/lib/python3.12/site-packages/airflow/example_dags/example_sla_dag.py took 0.263 seconds
