[2024-08-20T19:37:14.723+0530] {processor.py:161} INFO - Started process (PID=18496) to work on /home/pranav/.local/lib/python3.12/site-packages/airflow/example_dags/example_datasets.py
[2024-08-20T19:37:14.726+0530] {processor.py:830} INFO - Processing file /home/pranav/.local/lib/python3.12/site-packages/airflow/example_dags/example_datasets.py for tasks to queue
[2024-08-20T19:37:14.728+0530] {logging_mixin.py:188} INFO - [2024-08-20T19:37:14.727+0530] {dagbag.py:545} INFO - Filling up the DagBag from /home/pranav/.local/lib/python3.12/site-packages/airflow/example_dags/example_datasets.py
[2024-08-20T19:37:14.760+0530] {processor.py:840} INFO - DAG(s) 'dataset_consumes_unknown_never_scheduled', 'dataset_produces_2', 'consume_1_or_2_with_dataset_expressions', 'dataset_consumes_1_and_2', 'consume_1_and_2_with_dataset_expressions', 'consume_1_or_both_2_and_3_with_dataset_expressions', 'dataset_consumes_1_never_scheduled', 'dataset_consumes_1', 'conditional_dataset_and_time_based_timetable', 'dataset_produces_1' retrieved from /home/pranav/.local/lib/python3.12/site-packages/airflow/example_dags/example_datasets.py
[2024-08-20T19:37:14.864+0530] {logging_mixin.py:188} INFO - [2024-08-20T19:37:14.863+0530] {dag.py:3089} INFO - Sync 10 DAGs
[2024-08-20T19:37:14.934+0530] {logging_mixin.py:188} INFO - [2024-08-20T19:37:14.933+0530] {dag.py:3947} INFO - Setting next_dagrun for conditional_dataset_and_time_based_timetable to 2024-08-14 01:00:00+00:00, run_after=2024-08-14 01:00:00+00:00
[2024-08-20T19:37:14.944+0530] {logging_mixin.py:188} INFO - [2024-08-20T19:37:14.943+0530] {dag.py:3947} INFO - Setting next_dagrun for consume_1_and_2_with_dataset_expressions to None, run_after=None
[2024-08-20T19:37:14.947+0530] {logging_mixin.py:188} INFO - [2024-08-20T19:37:14.947+0530] {dag.py:3947} INFO - Setting next_dagrun for consume_1_or_2_with_dataset_expressions to None, run_after=None
[2024-08-20T19:37:14.950+0530] {logging_mixin.py:188} INFO - [2024-08-20T19:37:14.949+0530] {dag.py:3947} INFO - Setting next_dagrun for consume_1_or_both_2_and_3_with_dataset_expressions to None, run_after=None
[2024-08-20T19:37:14.951+0530] {logging_mixin.py:188} INFO - [2024-08-20T19:37:14.951+0530] {dag.py:3947} INFO - Setting next_dagrun for dataset_consumes_1 to None, run_after=None
[2024-08-20T19:37:14.953+0530] {logging_mixin.py:188} INFO - [2024-08-20T19:37:14.953+0530] {dag.py:3947} INFO - Setting next_dagrun for dataset_consumes_1_and_2 to None, run_after=None
[2024-08-20T19:37:14.955+0530] {logging_mixin.py:188} INFO - [2024-08-20T19:37:14.955+0530] {dag.py:3947} INFO - Setting next_dagrun for dataset_consumes_1_never_scheduled to None, run_after=None
[2024-08-20T19:37:14.957+0530] {logging_mixin.py:188} INFO - [2024-08-20T19:37:14.957+0530] {dag.py:3947} INFO - Setting next_dagrun for dataset_consumes_unknown_never_scheduled to None, run_after=None
[2024-08-20T19:37:14.962+0530] {logging_mixin.py:188} INFO - [2024-08-20T19:37:14.962+0530] {dag.py:3947} INFO - Setting next_dagrun for dataset_produces_1 to 2024-08-19 00:00:00+00:00, run_after=2024-08-20 00:00:00+00:00
[2024-08-20T19:37:14.964+0530] {logging_mixin.py:188} INFO - [2024-08-20T19:37:14.964+0530] {dag.py:3947} INFO - Setting next_dagrun for dataset_produces_2 to None, run_after=None
[2024-08-20T19:37:15.167+0530] {processor.py:183} INFO - Processing /home/pranav/.local/lib/python3.12/site-packages/airflow/example_dags/example_datasets.py took 0.458 seconds
[2024-08-20T19:38:51.111+0530] {processor.py:161} INFO - Started process (PID=19246) to work on /home/pranav/.local/lib/python3.12/site-packages/airflow/example_dags/example_datasets.py
[2024-08-20T19:38:51.113+0530] {processor.py:830} INFO - Processing file /home/pranav/.local/lib/python3.12/site-packages/airflow/example_dags/example_datasets.py for tasks to queue
[2024-08-20T19:38:51.115+0530] {logging_mixin.py:188} INFO - [2024-08-20T19:38:51.114+0530] {dagbag.py:545} INFO - Filling up the DagBag from /home/pranav/.local/lib/python3.12/site-packages/airflow/example_dags/example_datasets.py
[2024-08-20T19:38:51.146+0530] {processor.py:840} INFO - DAG(s) 'consume_1_or_both_2_and_3_with_dataset_expressions', 'dataset_consumes_1', 'consume_1_or_2_with_dataset_expressions', 'dataset_consumes_unknown_never_scheduled', 'consume_1_and_2_with_dataset_expressions', 'dataset_produces_1', 'dataset_consumes_1_never_scheduled', 'dataset_produces_2', 'dataset_consumes_1_and_2', 'conditional_dataset_and_time_based_timetable' retrieved from /home/pranav/.local/lib/python3.12/site-packages/airflow/example_dags/example_datasets.py
[2024-08-20T19:38:51.233+0530] {logging_mixin.py:188} INFO - [2024-08-20T19:38:51.233+0530] {dag.py:3089} INFO - Sync 10 DAGs
[2024-08-20T19:38:51.286+0530] {logging_mixin.py:188} INFO - [2024-08-20T19:38:51.285+0530] {dag.py:3947} INFO - Setting next_dagrun for conditional_dataset_and_time_based_timetable to 2024-08-14 01:00:00+00:00, run_after=2024-08-14 01:00:00+00:00
[2024-08-20T19:38:51.294+0530] {logging_mixin.py:188} INFO - [2024-08-20T19:38:51.294+0530] {dag.py:3947} INFO - Setting next_dagrun for consume_1_and_2_with_dataset_expressions to None, run_after=None
[2024-08-20T19:38:51.296+0530] {logging_mixin.py:188} INFO - [2024-08-20T19:38:51.296+0530] {dag.py:3947} INFO - Setting next_dagrun for consume_1_or_2_with_dataset_expressions to None, run_after=None
[2024-08-20T19:38:51.299+0530] {logging_mixin.py:188} INFO - [2024-08-20T19:38:51.299+0530] {dag.py:3947} INFO - Setting next_dagrun for consume_1_or_both_2_and_3_with_dataset_expressions to None, run_after=None
[2024-08-20T19:38:51.301+0530] {logging_mixin.py:188} INFO - [2024-08-20T19:38:51.301+0530] {dag.py:3947} INFO - Setting next_dagrun for dataset_consumes_1 to None, run_after=None
[2024-08-20T19:38:51.303+0530] {logging_mixin.py:188} INFO - [2024-08-20T19:38:51.303+0530] {dag.py:3947} INFO - Setting next_dagrun for dataset_consumes_1_and_2 to None, run_after=None
[2024-08-20T19:38:51.305+0530] {logging_mixin.py:188} INFO - [2024-08-20T19:38:51.304+0530] {dag.py:3947} INFO - Setting next_dagrun for dataset_consumes_1_never_scheduled to None, run_after=None
[2024-08-20T19:38:51.308+0530] {logging_mixin.py:188} INFO - [2024-08-20T19:38:51.307+0530] {dag.py:3947} INFO - Setting next_dagrun for dataset_consumes_unknown_never_scheduled to None, run_after=None
[2024-08-20T19:38:51.314+0530] {logging_mixin.py:188} INFO - [2024-08-20T19:38:51.313+0530] {dag.py:3947} INFO - Setting next_dagrun for dataset_produces_1 to 2024-08-19 00:00:00+00:00, run_after=2024-08-20 00:00:00+00:00
[2024-08-20T19:38:51.316+0530] {logging_mixin.py:188} INFO - [2024-08-20T19:38:51.316+0530] {dag.py:3947} INFO - Setting next_dagrun for dataset_produces_2 to None, run_after=None
[2024-08-20T19:38:51.585+0530] {processor.py:183} INFO - Processing /home/pranav/.local/lib/python3.12/site-packages/airflow/example_dags/example_datasets.py took 0.487 seconds
[2024-08-20T19:40:59.236+0530] {processor.py:161} INFO - Started process (PID=20534) to work on /home/pranav/.local/lib/python3.12/site-packages/airflow/example_dags/example_datasets.py
[2024-08-20T19:40:59.258+0530] {processor.py:830} INFO - Processing file /home/pranav/.local/lib/python3.12/site-packages/airflow/example_dags/example_datasets.py for tasks to queue
[2024-08-20T19:40:59.260+0530] {logging_mixin.py:188} INFO - [2024-08-20T19:40:59.260+0530] {dagbag.py:545} INFO - Filling up the DagBag from /home/pranav/.local/lib/python3.12/site-packages/airflow/example_dags/example_datasets.py
[2024-08-20T19:40:59.317+0530] {processor.py:840} INFO - DAG(s) 'dataset_consumes_1', 'dataset_consumes_unknown_never_scheduled', 'conditional_dataset_and_time_based_timetable', 'dataset_consumes_1_and_2', 'consume_1_and_2_with_dataset_expressions', 'consume_1_or_both_2_and_3_with_dataset_expressions', 'consume_1_or_2_with_dataset_expressions', 'dataset_produces_2', 'dataset_consumes_1_never_scheduled', 'dataset_produces_1' retrieved from /home/pranav/.local/lib/python3.12/site-packages/airflow/example_dags/example_datasets.py
[2024-08-20T19:40:59.418+0530] {logging_mixin.py:188} INFO - [2024-08-20T19:40:59.417+0530] {dag.py:3089} INFO - Sync 10 DAGs
[2024-08-20T19:40:59.474+0530] {logging_mixin.py:188} INFO - [2024-08-20T19:40:59.473+0530] {dag.py:3947} INFO - Setting next_dagrun for conditional_dataset_and_time_based_timetable to 2024-08-14 01:00:00+00:00, run_after=2024-08-14 01:00:00+00:00
[2024-08-20T19:40:59.486+0530] {logging_mixin.py:188} INFO - [2024-08-20T19:40:59.485+0530] {dag.py:3947} INFO - Setting next_dagrun for consume_1_and_2_with_dataset_expressions to None, run_after=None
[2024-08-20T19:40:59.491+0530] {logging_mixin.py:188} INFO - [2024-08-20T19:40:59.490+0530] {dag.py:3947} INFO - Setting next_dagrun for consume_1_or_2_with_dataset_expressions to None, run_after=None
[2024-08-20T19:40:59.495+0530] {logging_mixin.py:188} INFO - [2024-08-20T19:40:59.495+0530] {dag.py:3947} INFO - Setting next_dagrun for consume_1_or_both_2_and_3_with_dataset_expressions to None, run_after=None
[2024-08-20T19:40:59.500+0530] {logging_mixin.py:188} INFO - [2024-08-20T19:40:59.500+0530] {dag.py:3947} INFO - Setting next_dagrun for dataset_consumes_1 to None, run_after=None
[2024-08-20T19:40:59.505+0530] {logging_mixin.py:188} INFO - [2024-08-20T19:40:59.504+0530] {dag.py:3947} INFO - Setting next_dagrun for dataset_consumes_1_and_2 to None, run_after=None
[2024-08-20T19:40:59.509+0530] {logging_mixin.py:188} INFO - [2024-08-20T19:40:59.508+0530] {dag.py:3947} INFO - Setting next_dagrun for dataset_consumes_1_never_scheduled to None, run_after=None
[2024-08-20T19:40:59.513+0530] {logging_mixin.py:188} INFO - [2024-08-20T19:40:59.513+0530] {dag.py:3947} INFO - Setting next_dagrun for dataset_consumes_unknown_never_scheduled to None, run_after=None
[2024-08-20T19:40:59.522+0530] {logging_mixin.py:188} INFO - [2024-08-20T19:40:59.521+0530] {dag.py:3947} INFO - Setting next_dagrun for dataset_produces_1 to 2024-08-19 00:00:00+00:00, run_after=2024-08-20 00:00:00+00:00
[2024-08-20T19:40:59.526+0530] {logging_mixin.py:188} INFO - [2024-08-20T19:40:59.526+0530] {dag.py:3947} INFO - Setting next_dagrun for dataset_produces_2 to None, run_after=None
[2024-08-20T19:40:59.754+0530] {processor.py:183} INFO - Processing /home/pranav/.local/lib/python3.12/site-packages/airflow/example_dags/example_datasets.py took 0.530 seconds
