[2024-08-20T19:37:01.498+0530] {processor.py:161} INFO - Started process (PID=18406) to work on /home/pranav/.local/lib/python3.12/site-packages/airflow/example_dags/example_time_delta_sensor_async.py
[2024-08-20T19:37:01.499+0530] {processor.py:830} INFO - Processing file /home/pranav/.local/lib/python3.12/site-packages/airflow/example_dags/example_time_delta_sensor_async.py for tasks to queue
[2024-08-20T19:37:01.501+0530] {logging_mixin.py:188} INFO - [2024-08-20T19:37:01.500+0530] {dagbag.py:545} INFO - Filling up the DagBag from /home/pranav/.local/lib/python3.12/site-packages/airflow/example_dags/example_time_delta_sensor_async.py
[2024-08-20T19:37:01.510+0530] {processor.py:840} INFO - DAG(s) 'example_time_delta_sensor_async' retrieved from /home/pranav/.local/lib/python3.12/site-packages/airflow/example_dags/example_time_delta_sensor_async.py
[2024-08-20T19:37:01.546+0530] {logging_mixin.py:188} INFO - [2024-08-20T19:37:01.546+0530] {dag.py:3089} INFO - Sync 1 DAGs
[2024-08-20T19:37:01.572+0530] {logging_mixin.py:188} INFO - [2024-08-20T19:37:01.571+0530] {dag.py:3947} INFO - Setting next_dagrun for example_time_delta_sensor_async to None, run_after=None
[2024-08-20T19:37:01.758+0530] {processor.py:183} INFO - Processing /home/pranav/.local/lib/python3.12/site-packages/airflow/example_dags/example_time_delta_sensor_async.py took 0.274 seconds
[2024-08-20T19:38:37.277+0530] {processor.py:161} INFO - Started process (PID=19177) to work on /home/pranav/.local/lib/python3.12/site-packages/airflow/example_dags/example_time_delta_sensor_async.py
[2024-08-20T19:38:37.281+0530] {processor.py:830} INFO - Processing file /home/pranav/.local/lib/python3.12/site-packages/airflow/example_dags/example_time_delta_sensor_async.py for tasks to queue
[2024-08-20T19:38:37.285+0530] {logging_mixin.py:188} INFO - [2024-08-20T19:38:37.283+0530] {dagbag.py:545} INFO - Filling up the DagBag from /home/pranav/.local/lib/python3.12/site-packages/airflow/example_dags/example_time_delta_sensor_async.py
[2024-08-20T19:38:37.310+0530] {processor.py:840} INFO - DAG(s) 'example_time_delta_sensor_async' retrieved from /home/pranav/.local/lib/python3.12/site-packages/airflow/example_dags/example_time_delta_sensor_async.py
[2024-08-20T19:38:37.376+0530] {logging_mixin.py:188} INFO - [2024-08-20T19:38:37.372+0530] {dag.py:3089} INFO - Sync 1 DAGs
[2024-08-20T19:38:37.424+0530] {logging_mixin.py:188} INFO - [2024-08-20T19:38:37.423+0530] {dag.py:3947} INFO - Setting next_dagrun for example_time_delta_sensor_async to None, run_after=None
[2024-08-20T19:38:37.640+0530] {processor.py:183} INFO - Processing /home/pranav/.local/lib/python3.12/site-packages/airflow/example_dags/example_time_delta_sensor_async.py took 0.403 seconds
[2024-08-20T19:40:42.226+0530] {processor.py:161} INFO - Started process (PID=20380) to work on /home/pranav/.local/lib/python3.12/site-packages/airflow/example_dags/example_time_delta_sensor_async.py
[2024-08-20T19:40:42.228+0530] {processor.py:830} INFO - Processing file /home/pranav/.local/lib/python3.12/site-packages/airflow/example_dags/example_time_delta_sensor_async.py for tasks to queue
[2024-08-20T19:40:42.230+0530] {logging_mixin.py:188} INFO - [2024-08-20T19:40:42.229+0530] {dagbag.py:545} INFO - Filling up the DagBag from /home/pranav/.local/lib/python3.12/site-packages/airflow/example_dags/example_time_delta_sensor_async.py
[2024-08-20T19:40:42.240+0530] {processor.py:840} INFO - DAG(s) 'example_time_delta_sensor_async' retrieved from /home/pranav/.local/lib/python3.12/site-packages/airflow/example_dags/example_time_delta_sensor_async.py
[2024-08-20T19:40:42.277+0530] {logging_mixin.py:188} INFO - [2024-08-20T19:40:42.276+0530] {dag.py:3089} INFO - Sync 1 DAGs
[2024-08-20T19:40:42.314+0530] {logging_mixin.py:188} INFO - [2024-08-20T19:40:42.313+0530] {dag.py:3947} INFO - Setting next_dagrun for example_time_delta_sensor_async to None, run_after=None
[2024-08-20T19:40:42.490+0530] {processor.py:183} INFO - Processing /home/pranav/.local/lib/python3.12/site-packages/airflow/example_dags/example_time_delta_sensor_async.py took 0.275 seconds
[2024-08-20T19:41:40.643+0530] {processor.py:161} INFO - Started process (PID=20925) to work on /home/pranav/.local/lib/python3.12/site-packages/airflow/example_dags/example_time_delta_sensor_async.py
[2024-08-20T19:41:40.660+0530] {processor.py:830} INFO - Processing file /home/pranav/.local/lib/python3.12/site-packages/airflow/example_dags/example_time_delta_sensor_async.py for tasks to queue
[2024-08-20T19:41:40.663+0530] {logging_mixin.py:188} INFO - [2024-08-20T19:41:40.662+0530] {dagbag.py:545} INFO - Filling up the DagBag from /home/pranav/.local/lib/python3.12/site-packages/airflow/example_dags/example_time_delta_sensor_async.py
[2024-08-20T19:41:40.673+0530] {processor.py:840} INFO - DAG(s) 'example_time_delta_sensor_async' retrieved from /home/pranav/.local/lib/python3.12/site-packages/airflow/example_dags/example_time_delta_sensor_async.py
[2024-08-20T19:41:40.707+0530] {logging_mixin.py:188} INFO - [2024-08-20T19:41:40.707+0530] {dag.py:3089} INFO - Sync 1 DAGs
[2024-08-20T19:41:40.733+0530] {logging_mixin.py:188} INFO - [2024-08-20T19:41:40.732+0530] {dag.py:3947} INFO - Setting next_dagrun for example_time_delta_sensor_async to None, run_after=None
[2024-08-20T19:41:40.901+0530] {processor.py:183} INFO - Processing /home/pranav/.local/lib/python3.12/site-packages/airflow/example_dags/example_time_delta_sensor_async.py took 0.269 seconds
[2024-08-20T19:43:25.407+0530] {processor.py:161} INFO - Started process (PID=21940) to work on /home/pranav/.local/lib/python3.12/site-packages/airflow/example_dags/example_time_delta_sensor_async.py
[2024-08-20T19:43:25.435+0530] {processor.py:830} INFO - Processing file /home/pranav/.local/lib/python3.12/site-packages/airflow/example_dags/example_time_delta_sensor_async.py for tasks to queue
[2024-08-20T19:43:25.437+0530] {logging_mixin.py:188} INFO - [2024-08-20T19:43:25.436+0530] {dagbag.py:545} INFO - Filling up the DagBag from /home/pranav/.local/lib/python3.12/site-packages/airflow/example_dags/example_time_delta_sensor_async.py
[2024-08-20T19:43:25.446+0530] {processor.py:840} INFO - DAG(s) 'example_time_delta_sensor_async' retrieved from /home/pranav/.local/lib/python3.12/site-packages/airflow/example_dags/example_time_delta_sensor_async.py
[2024-08-20T19:43:25.489+0530] {logging_mixin.py:188} INFO - [2024-08-20T19:43:25.488+0530] {dag.py:3089} INFO - Sync 1 DAGs
[2024-08-20T19:43:25.515+0530] {logging_mixin.py:188} INFO - [2024-08-20T19:43:25.514+0530] {dag.py:3947} INFO - Setting next_dagrun for example_time_delta_sensor_async to None, run_after=None
[2024-08-20T19:43:25.704+0530] {processor.py:183} INFO - Processing /home/pranav/.local/lib/python3.12/site-packages/airflow/example_dags/example_time_delta_sensor_async.py took 0.309 seconds
[2024-08-20T19:45:13.460+0530] {processor.py:161} INFO - Started process (PID=22798) to work on /home/pranav/.local/lib/python3.12/site-packages/airflow/example_dags/example_time_delta_sensor_async.py
[2024-08-20T19:45:13.499+0530] {processor.py:830} INFO - Processing file /home/pranav/.local/lib/python3.12/site-packages/airflow/example_dags/example_time_delta_sensor_async.py for tasks to queue
[2024-08-20T19:45:13.524+0530] {logging_mixin.py:188} INFO - [2024-08-20T19:45:13.516+0530] {dagbag.py:545} INFO - Filling up the DagBag from /home/pranav/.local/lib/python3.12/site-packages/airflow/example_dags/example_time_delta_sensor_async.py
[2024-08-20T19:45:13.607+0530] {processor.py:840} INFO - DAG(s) 'example_time_delta_sensor_async' retrieved from /home/pranav/.local/lib/python3.12/site-packages/airflow/example_dags/example_time_delta_sensor_async.py
[2024-08-20T19:45:13.763+0530] {logging_mixin.py:188} INFO - [2024-08-20T19:45:13.762+0530] {dag.py:3089} INFO - Sync 1 DAGs
[2024-08-20T19:45:13.891+0530] {logging_mixin.py:188} INFO - [2024-08-20T19:45:13.887+0530] {dag.py:3947} INFO - Setting next_dagrun for example_time_delta_sensor_async to None, run_after=None
[2024-08-20T19:45:14.421+0530] {processor.py:183} INFO - Processing /home/pranav/.local/lib/python3.12/site-packages/airflow/example_dags/example_time_delta_sensor_async.py took 1.025 seconds
[2024-08-20T19:46:31.541+0530] {processor.py:161} INFO - Started process (PID=23398) to work on /home/pranav/.local/lib/python3.12/site-packages/airflow/example_dags/example_time_delta_sensor_async.py
[2024-08-20T19:46:31.545+0530] {processor.py:830} INFO - Processing file /home/pranav/.local/lib/python3.12/site-packages/airflow/example_dags/example_time_delta_sensor_async.py for tasks to queue
[2024-08-20T19:46:31.549+0530] {logging_mixin.py:188} INFO - [2024-08-20T19:46:31.548+0530] {dagbag.py:545} INFO - Filling up the DagBag from /home/pranav/.local/lib/python3.12/site-packages/airflow/example_dags/example_time_delta_sensor_async.py
[2024-08-20T19:46:31.566+0530] {processor.py:840} INFO - DAG(s) 'example_time_delta_sensor_async' retrieved from /home/pranav/.local/lib/python3.12/site-packages/airflow/example_dags/example_time_delta_sensor_async.py
[2024-08-20T19:46:31.618+0530] {logging_mixin.py:188} INFO - [2024-08-20T19:46:31.617+0530] {dag.py:3089} INFO - Sync 1 DAGs
[2024-08-20T19:46:31.663+0530] {logging_mixin.py:188} INFO - [2024-08-20T19:46:31.662+0530] {dag.py:3947} INFO - Setting next_dagrun for example_time_delta_sensor_async to None, run_after=None
[2024-08-20T19:46:31.830+0530] {processor.py:183} INFO - Processing /home/pranav/.local/lib/python3.12/site-packages/airflow/example_dags/example_time_delta_sensor_async.py took 0.308 seconds
[2024-08-20T19:47:37.412+0530] {processor.py:161} INFO - Started process (PID=23956) to work on /home/pranav/.local/lib/python3.12/site-packages/airflow/example_dags/example_time_delta_sensor_async.py
[2024-08-20T19:47:37.527+0530] {processor.py:830} INFO - Processing file /home/pranav/.local/lib/python3.12/site-packages/airflow/example_dags/example_time_delta_sensor_async.py for tasks to queue
[2024-08-20T19:47:37.530+0530] {logging_mixin.py:188} INFO - [2024-08-20T19:47:37.529+0530] {dagbag.py:545} INFO - Filling up the DagBag from /home/pranav/.local/lib/python3.12/site-packages/airflow/example_dags/example_time_delta_sensor_async.py
[2024-08-20T19:47:37.541+0530] {processor.py:840} INFO - DAG(s) 'example_time_delta_sensor_async' retrieved from /home/pranav/.local/lib/python3.12/site-packages/airflow/example_dags/example_time_delta_sensor_async.py
[2024-08-20T19:47:37.581+0530] {logging_mixin.py:188} INFO - [2024-08-20T19:47:37.581+0530] {dag.py:3089} INFO - Sync 1 DAGs
[2024-08-20T19:47:37.613+0530] {logging_mixin.py:188} INFO - [2024-08-20T19:47:37.613+0530] {dag.py:3947} INFO - Setting next_dagrun for example_time_delta_sensor_async to None, run_after=None
[2024-08-20T19:47:37.748+0530] {processor.py:183} INFO - Processing /home/pranav/.local/lib/python3.12/site-packages/airflow/example_dags/example_time_delta_sensor_async.py took 0.349 seconds
[2024-08-20T19:49:17.573+0530] {processor.py:161} INFO - Started process (PID=24593) to work on /home/pranav/.local/lib/python3.12/site-packages/airflow/example_dags/example_time_delta_sensor_async.py
[2024-08-20T19:49:17.652+0530] {processor.py:830} INFO - Processing file /home/pranav/.local/lib/python3.12/site-packages/airflow/example_dags/example_time_delta_sensor_async.py for tasks to queue
[2024-08-20T19:49:17.653+0530] {logging_mixin.py:188} INFO - [2024-08-20T19:49:17.653+0530] {dagbag.py:545} INFO - Filling up the DagBag from /home/pranav/.local/lib/python3.12/site-packages/airflow/example_dags/example_time_delta_sensor_async.py
[2024-08-20T19:49:17.659+0530] {processor.py:840} INFO - DAG(s) 'example_time_delta_sensor_async' retrieved from /home/pranav/.local/lib/python3.12/site-packages/airflow/example_dags/example_time_delta_sensor_async.py
[2024-08-20T19:49:17.682+0530] {logging_mixin.py:188} INFO - [2024-08-20T19:49:17.682+0530] {dag.py:3089} INFO - Sync 1 DAGs
[2024-08-20T19:49:17.697+0530] {logging_mixin.py:188} INFO - [2024-08-20T19:49:17.697+0530] {dag.py:3947} INFO - Setting next_dagrun for example_time_delta_sensor_async to None, run_after=None
[2024-08-20T19:49:17.842+0530] {processor.py:183} INFO - Processing /home/pranav/.local/lib/python3.12/site-packages/airflow/example_dags/example_time_delta_sensor_async.py took 0.276 seconds
[2024-08-20T19:50:28.567+0530] {processor.py:161} INFO - Started process (PID=24985) to work on /home/pranav/.local/lib/python3.12/site-packages/airflow/example_dags/example_time_delta_sensor_async.py
[2024-08-20T19:50:28.629+0530] {processor.py:830} INFO - Processing file /home/pranav/.local/lib/python3.12/site-packages/airflow/example_dags/example_time_delta_sensor_async.py for tasks to queue
[2024-08-20T19:50:28.631+0530] {logging_mixin.py:188} INFO - [2024-08-20T19:50:28.630+0530] {dagbag.py:545} INFO - Filling up the DagBag from /home/pranav/.local/lib/python3.12/site-packages/airflow/example_dags/example_time_delta_sensor_async.py
[2024-08-20T19:50:28.636+0530] {processor.py:840} INFO - DAG(s) 'example_time_delta_sensor_async' retrieved from /home/pranav/.local/lib/python3.12/site-packages/airflow/example_dags/example_time_delta_sensor_async.py
[2024-08-20T19:50:28.655+0530] {logging_mixin.py:188} INFO - [2024-08-20T19:50:28.655+0530] {dag.py:3089} INFO - Sync 1 DAGs
[2024-08-20T19:50:28.672+0530] {logging_mixin.py:188} INFO - [2024-08-20T19:50:28.671+0530] {dag.py:3947} INFO - Setting next_dagrun for example_time_delta_sensor_async to None, run_after=None
[2024-08-20T19:50:28.811+0530] {processor.py:183} INFO - Processing /home/pranav/.local/lib/python3.12/site-packages/airflow/example_dags/example_time_delta_sensor_async.py took 0.251 seconds
[2024-08-20T19:51:45.652+0530] {processor.py:161} INFO - Started process (PID=25423) to work on /home/pranav/.local/lib/python3.12/site-packages/airflow/example_dags/example_time_delta_sensor_async.py
[2024-08-20T19:51:45.655+0530] {processor.py:830} INFO - Processing file /home/pranav/.local/lib/python3.12/site-packages/airflow/example_dags/example_time_delta_sensor_async.py for tasks to queue
[2024-08-20T19:51:45.656+0530] {logging_mixin.py:188} INFO - [2024-08-20T19:51:45.656+0530] {dagbag.py:545} INFO - Filling up the DagBag from /home/pranav/.local/lib/python3.12/site-packages/airflow/example_dags/example_time_delta_sensor_async.py
[2024-08-20T19:51:45.662+0530] {processor.py:840} INFO - DAG(s) 'example_time_delta_sensor_async' retrieved from /home/pranav/.local/lib/python3.12/site-packages/airflow/example_dags/example_time_delta_sensor_async.py
[2024-08-20T19:51:45.682+0530] {logging_mixin.py:188} INFO - [2024-08-20T19:51:45.681+0530] {dag.py:3089} INFO - Sync 1 DAGs
[2024-08-20T19:51:45.696+0530] {logging_mixin.py:188} INFO - [2024-08-20T19:51:45.696+0530] {dag.py:3947} INFO - Setting next_dagrun for example_time_delta_sensor_async to None, run_after=None
[2024-08-20T19:51:45.880+0530] {processor.py:183} INFO - Processing /home/pranav/.local/lib/python3.12/site-packages/airflow/example_dags/example_time_delta_sensor_async.py took 0.235 seconds
[2024-08-20T19:53:03.300+0530] {processor.py:161} INFO - Started process (PID=25892) to work on /home/pranav/.local/lib/python3.12/site-packages/airflow/example_dags/example_time_delta_sensor_async.py
[2024-08-20T19:53:03.302+0530] {processor.py:830} INFO - Processing file /home/pranav/.local/lib/python3.12/site-packages/airflow/example_dags/example_time_delta_sensor_async.py for tasks to queue
[2024-08-20T19:53:03.303+0530] {logging_mixin.py:188} INFO - [2024-08-20T19:53:03.302+0530] {dagbag.py:545} INFO - Filling up the DagBag from /home/pranav/.local/lib/python3.12/site-packages/airflow/example_dags/example_time_delta_sensor_async.py
[2024-08-20T19:53:03.308+0530] {processor.py:840} INFO - DAG(s) 'example_time_delta_sensor_async' retrieved from /home/pranav/.local/lib/python3.12/site-packages/airflow/example_dags/example_time_delta_sensor_async.py
[2024-08-20T19:53:03.328+0530] {logging_mixin.py:188} INFO - [2024-08-20T19:53:03.328+0530] {dag.py:3089} INFO - Sync 1 DAGs
[2024-08-20T19:53:03.342+0530] {logging_mixin.py:188} INFO - [2024-08-20T19:53:03.342+0530] {dag.py:3947} INFO - Setting next_dagrun for example_time_delta_sensor_async to None, run_after=None
[2024-08-20T19:53:03.485+0530] {processor.py:183} INFO - Processing /home/pranav/.local/lib/python3.12/site-packages/airflow/example_dags/example_time_delta_sensor_async.py took 0.191 seconds
[2024-08-20T19:54:18.238+0530] {processor.py:161} INFO - Started process (PID=26281) to work on /home/pranav/.local/lib/python3.12/site-packages/airflow/example_dags/example_time_delta_sensor_async.py
[2024-08-20T19:54:18.240+0530] {processor.py:830} INFO - Processing file /home/pranav/.local/lib/python3.12/site-packages/airflow/example_dags/example_time_delta_sensor_async.py for tasks to queue
[2024-08-20T19:54:18.241+0530] {logging_mixin.py:188} INFO - [2024-08-20T19:54:18.240+0530] {dagbag.py:545} INFO - Filling up the DagBag from /home/pranav/.local/lib/python3.12/site-packages/airflow/example_dags/example_time_delta_sensor_async.py
[2024-08-20T19:54:18.246+0530] {processor.py:840} INFO - DAG(s) 'example_time_delta_sensor_async' retrieved from /home/pranav/.local/lib/python3.12/site-packages/airflow/example_dags/example_time_delta_sensor_async.py
[2024-08-20T19:54:18.266+0530] {logging_mixin.py:188} INFO - [2024-08-20T19:54:18.265+0530] {dag.py:3089} INFO - Sync 1 DAGs
[2024-08-20T19:54:18.280+0530] {logging_mixin.py:188} INFO - [2024-08-20T19:54:18.279+0530] {dag.py:3947} INFO - Setting next_dagrun for example_time_delta_sensor_async to None, run_after=None
[2024-08-20T19:54:18.453+0530] {processor.py:183} INFO - Processing /home/pranav/.local/lib/python3.12/site-packages/airflow/example_dags/example_time_delta_sensor_async.py took 0.221 seconds
[2024-08-20T19:55:32.063+0530] {processor.py:161} INFO - Started process (PID=26667) to work on /home/pranav/.local/lib/python3.12/site-packages/airflow/example_dags/example_time_delta_sensor_async.py
[2024-08-20T19:55:32.077+0530] {processor.py:830} INFO - Processing file /home/pranav/.local/lib/python3.12/site-packages/airflow/example_dags/example_time_delta_sensor_async.py for tasks to queue
[2024-08-20T19:55:32.079+0530] {logging_mixin.py:188} INFO - [2024-08-20T19:55:32.078+0530] {dagbag.py:545} INFO - Filling up the DagBag from /home/pranav/.local/lib/python3.12/site-packages/airflow/example_dags/example_time_delta_sensor_async.py
[2024-08-20T19:55:32.084+0530] {processor.py:840} INFO - DAG(s) 'example_time_delta_sensor_async' retrieved from /home/pranav/.local/lib/python3.12/site-packages/airflow/example_dags/example_time_delta_sensor_async.py
[2024-08-20T19:55:32.103+0530] {logging_mixin.py:188} INFO - [2024-08-20T19:55:32.103+0530] {dag.py:3089} INFO - Sync 1 DAGs
[2024-08-20T19:55:32.117+0530] {logging_mixin.py:188} INFO - [2024-08-20T19:55:32.117+0530] {dag.py:3947} INFO - Setting next_dagrun for example_time_delta_sensor_async to None, run_after=None
[2024-08-20T19:55:32.244+0530] {processor.py:183} INFO - Processing /home/pranav/.local/lib/python3.12/site-packages/airflow/example_dags/example_time_delta_sensor_async.py took 0.187 seconds
[2024-08-20T19:56:47.460+0530] {processor.py:161} INFO - Started process (PID=27129) to work on /home/pranav/.local/lib/python3.12/site-packages/airflow/example_dags/example_time_delta_sensor_async.py
[2024-08-20T19:56:47.472+0530] {processor.py:830} INFO - Processing file /home/pranav/.local/lib/python3.12/site-packages/airflow/example_dags/example_time_delta_sensor_async.py for tasks to queue
[2024-08-20T19:56:47.473+0530] {logging_mixin.py:188} INFO - [2024-08-20T19:56:47.473+0530] {dagbag.py:545} INFO - Filling up the DagBag from /home/pranav/.local/lib/python3.12/site-packages/airflow/example_dags/example_time_delta_sensor_async.py
[2024-08-20T19:56:47.478+0530] {processor.py:840} INFO - DAG(s) 'example_time_delta_sensor_async' retrieved from /home/pranav/.local/lib/python3.12/site-packages/airflow/example_dags/example_time_delta_sensor_async.py
[2024-08-20T19:56:47.498+0530] {logging_mixin.py:188} INFO - [2024-08-20T19:56:47.498+0530] {dag.py:3089} INFO - Sync 1 DAGs
[2024-08-20T19:56:47.512+0530] {logging_mixin.py:188} INFO - [2024-08-20T19:56:47.512+0530] {dag.py:3947} INFO - Setting next_dagrun for example_time_delta_sensor_async to None, run_after=None
[2024-08-20T19:56:47.660+0530] {processor.py:183} INFO - Processing /home/pranav/.local/lib/python3.12/site-packages/airflow/example_dags/example_time_delta_sensor_async.py took 0.206 seconds
[2024-08-20T19:58:02.991+0530] {processor.py:161} INFO - Started process (PID=27554) to work on /home/pranav/.local/lib/python3.12/site-packages/airflow/example_dags/example_time_delta_sensor_async.py
[2024-08-20T19:58:02.994+0530] {processor.py:830} INFO - Processing file /home/pranav/.local/lib/python3.12/site-packages/airflow/example_dags/example_time_delta_sensor_async.py for tasks to queue
[2024-08-20T19:58:02.995+0530] {logging_mixin.py:188} INFO - [2024-08-20T19:58:02.995+0530] {dagbag.py:545} INFO - Filling up the DagBag from /home/pranav/.local/lib/python3.12/site-packages/airflow/example_dags/example_time_delta_sensor_async.py
[2024-08-20T19:58:03.000+0530] {processor.py:840} INFO - DAG(s) 'example_time_delta_sensor_async' retrieved from /home/pranav/.local/lib/python3.12/site-packages/airflow/example_dags/example_time_delta_sensor_async.py
[2024-08-20T19:58:03.020+0530] {logging_mixin.py:188} INFO - [2024-08-20T19:58:03.020+0530] {dag.py:3089} INFO - Sync 1 DAGs
[2024-08-20T19:58:03.034+0530] {logging_mixin.py:188} INFO - [2024-08-20T19:58:03.034+0530] {dag.py:3947} INFO - Setting next_dagrun for example_time_delta_sensor_async to None, run_after=None
[2024-08-20T19:58:03.172+0530] {processor.py:183} INFO - Processing /home/pranav/.local/lib/python3.12/site-packages/airflow/example_dags/example_time_delta_sensor_async.py took 0.187 seconds
