[2024-08-20T19:37:03.048+0530] {processor.py:161} INFO - Started process (PID=18425) to work on /home/pranav/.local/lib/python3.12/site-packages/airflow/example_dags/example_trigger_controller_dag.py
[2024-08-20T19:37:03.050+0530] {processor.py:830} INFO - Processing file /home/pranav/.local/lib/python3.12/site-packages/airflow/example_dags/example_trigger_controller_dag.py for tasks to queue
[2024-08-20T19:37:03.052+0530] {logging_mixin.py:188} INFO - [2024-08-20T19:37:03.050+0530] {dagbag.py:545} INFO - Filling up the DagBag from /home/pranav/.local/lib/python3.12/site-packages/airflow/example_dags/example_trigger_controller_dag.py
[2024-08-20T19:37:03.061+0530] {processor.py:840} INFO - DAG(s) 'example_trigger_controller_dag' retrieved from /home/pranav/.local/lib/python3.12/site-packages/airflow/example_dags/example_trigger_controller_dag.py
[2024-08-20T19:37:03.094+0530] {logging_mixin.py:188} INFO - [2024-08-20T19:37:03.094+0530] {dag.py:3089} INFO - Sync 1 DAGs
[2024-08-20T19:37:03.137+0530] {logging_mixin.py:188} INFO - [2024-08-20T19:37:03.136+0530] {dag.py:3947} INFO - Setting next_dagrun for example_trigger_controller_dag to 2021-01-01 00:00:00+00:00, run_after=2021-01-01 00:00:00+00:00
[2024-08-20T19:37:03.338+0530] {processor.py:183} INFO - Processing /home/pranav/.local/lib/python3.12/site-packages/airflow/example_dags/example_trigger_controller_dag.py took 0.304 seconds
[2024-08-20T19:38:39.142+0530] {processor.py:161} INFO - Started process (PID=19186) to work on /home/pranav/.local/lib/python3.12/site-packages/airflow/example_dags/example_trigger_controller_dag.py
[2024-08-20T19:38:39.145+0530] {processor.py:830} INFO - Processing file /home/pranav/.local/lib/python3.12/site-packages/airflow/example_dags/example_trigger_controller_dag.py for tasks to queue
[2024-08-20T19:38:39.149+0530] {logging_mixin.py:188} INFO - [2024-08-20T19:38:39.147+0530] {dagbag.py:545} INFO - Filling up the DagBag from /home/pranav/.local/lib/python3.12/site-packages/airflow/example_dags/example_trigger_controller_dag.py
[2024-08-20T19:38:39.174+0530] {processor.py:840} INFO - DAG(s) 'example_trigger_controller_dag' retrieved from /home/pranav/.local/lib/python3.12/site-packages/airflow/example_dags/example_trigger_controller_dag.py
[2024-08-20T19:38:39.230+0530] {logging_mixin.py:188} INFO - [2024-08-20T19:38:39.229+0530] {dag.py:3089} INFO - Sync 1 DAGs
[2024-08-20T19:38:39.307+0530] {logging_mixin.py:188} INFO - [2024-08-20T19:38:39.306+0530] {dag.py:3947} INFO - Setting next_dagrun for example_trigger_controller_dag to 2021-01-01 00:00:00+00:00, run_after=2021-01-01 00:00:00+00:00
[2024-08-20T19:38:39.541+0530] {processor.py:183} INFO - Processing /home/pranav/.local/lib/python3.12/site-packages/airflow/example_dags/example_trigger_controller_dag.py took 0.423 seconds
[2024-08-20T19:40:43.592+0530] {processor.py:161} INFO - Started process (PID=20392) to work on /home/pranav/.local/lib/python3.12/site-packages/airflow/example_dags/example_trigger_controller_dag.py
[2024-08-20T19:40:43.594+0530] {processor.py:830} INFO - Processing file /home/pranav/.local/lib/python3.12/site-packages/airflow/example_dags/example_trigger_controller_dag.py for tasks to queue
[2024-08-20T19:40:43.596+0530] {logging_mixin.py:188} INFO - [2024-08-20T19:40:43.595+0530] {dagbag.py:545} INFO - Filling up the DagBag from /home/pranav/.local/lib/python3.12/site-packages/airflow/example_dags/example_trigger_controller_dag.py
[2024-08-20T19:40:43.606+0530] {processor.py:840} INFO - DAG(s) 'example_trigger_controller_dag' retrieved from /home/pranav/.local/lib/python3.12/site-packages/airflow/example_dags/example_trigger_controller_dag.py
[2024-08-20T19:40:43.638+0530] {logging_mixin.py:188} INFO - [2024-08-20T19:40:43.638+0530] {dag.py:3089} INFO - Sync 1 DAGs
[2024-08-20T19:40:43.682+0530] {logging_mixin.py:188} INFO - [2024-08-20T19:40:43.681+0530] {dag.py:3947} INFO - Setting next_dagrun for example_trigger_controller_dag to 2021-01-01 00:00:00+00:00, run_after=2021-01-01 00:00:00+00:00
[2024-08-20T19:40:44.019+0530] {processor.py:183} INFO - Processing /home/pranav/.local/lib/python3.12/site-packages/airflow/example_dags/example_trigger_controller_dag.py took 0.438 seconds
