[2024-08-20T19:36:55.882+0530] {processor.py:161} INFO - Started process (PID=18353) to work on /home/pranav/.local/lib/python3.12/site-packages/airflow/example_dags/example_xcomargs.py
[2024-08-20T19:36:55.884+0530] {processor.py:830} INFO - Processing file /home/pranav/.local/lib/python3.12/site-packages/airflow/example_dags/example_xcomargs.py for tasks to queue
[2024-08-20T19:36:55.886+0530] {logging_mixin.py:188} INFO - [2024-08-20T19:36:55.885+0530] {dagbag.py:545} INFO - Filling up the DagBag from /home/pranav/.local/lib/python3.12/site-packages/airflow/example_dags/example_xcomargs.py
[2024-08-20T19:36:55.909+0530] {processor.py:840} INFO - DAG(s) 'example_xcom_args_with_operators', 'example_xcom_args' retrieved from /home/pranav/.local/lib/python3.12/site-packages/airflow/example_dags/example_xcomargs.py
[2024-08-20T19:36:55.957+0530] {logging_mixin.py:188} INFO - [2024-08-20T19:36:55.956+0530] {dag.py:3089} INFO - Sync 2 DAGs
[2024-08-20T19:36:55.984+0530] {logging_mixin.py:188} INFO - [2024-08-20T19:36:55.984+0530] {dag.py:3947} INFO - Setting next_dagrun for example_xcom_args to None, run_after=None
[2024-08-20T19:36:55.991+0530] {logging_mixin.py:188} INFO - [2024-08-20T19:36:55.991+0530] {dag.py:3947} INFO - Setting next_dagrun for example_xcom_args_with_operators to None, run_after=None
[2024-08-20T19:36:56.255+0530] {processor.py:183} INFO - Processing /home/pranav/.local/lib/python3.12/site-packages/airflow/example_dags/example_xcomargs.py took 0.384 seconds
[2024-08-20T19:37:49.448+0530] {processor.py:161} INFO - Started process (PID=18818) to work on /home/pranav/.local/lib/python3.12/site-packages/airflow/example_dags/example_xcomargs.py
[2024-08-20T19:37:49.450+0530] {processor.py:830} INFO - Processing file /home/pranav/.local/lib/python3.12/site-packages/airflow/example_dags/example_xcomargs.py for tasks to queue
[2024-08-20T19:37:49.452+0530] {logging_mixin.py:188} INFO - [2024-08-20T19:37:49.451+0530] {dagbag.py:545} INFO - Filling up the DagBag from /home/pranav/.local/lib/python3.12/site-packages/airflow/example_dags/example_xcomargs.py
[2024-08-20T19:37:49.473+0530] {processor.py:840} INFO - DAG(s) 'example_xcom_args', 'example_xcom_args_with_operators' retrieved from /home/pranav/.local/lib/python3.12/site-packages/airflow/example_dags/example_xcomargs.py
[2024-08-20T19:37:49.517+0530] {logging_mixin.py:188} INFO - [2024-08-20T19:37:49.516+0530] {dag.py:3089} INFO - Sync 2 DAGs
[2024-08-20T19:37:49.543+0530] {logging_mixin.py:188} INFO - [2024-08-20T19:37:49.543+0530] {dag.py:3947} INFO - Setting next_dagrun for example_xcom_args to None, run_after=None
[2024-08-20T19:37:49.551+0530] {logging_mixin.py:188} INFO - [2024-08-20T19:37:49.550+0530] {dag.py:3947} INFO - Setting next_dagrun for example_xcom_args_with_operators to None, run_after=None
[2024-08-20T19:37:49.765+0530] {processor.py:183} INFO - Processing /home/pranav/.local/lib/python3.12/site-packages/airflow/example_dags/example_xcomargs.py took 0.332 seconds
[2024-08-20T19:39:26.862+0530] {processor.py:161} INFO - Started process (PID=19505) to work on /home/pranav/.local/lib/python3.12/site-packages/airflow/example_dags/example_xcomargs.py
[2024-08-20T19:39:26.865+0530] {processor.py:830} INFO - Processing file /home/pranav/.local/lib/python3.12/site-packages/airflow/example_dags/example_xcomargs.py for tasks to queue
[2024-08-20T19:39:26.868+0530] {logging_mixin.py:188} INFO - [2024-08-20T19:39:26.867+0530] {dagbag.py:545} INFO - Filling up the DagBag from /home/pranav/.local/lib/python3.12/site-packages/airflow/example_dags/example_xcomargs.py
[2024-08-20T19:39:26.898+0530] {processor.py:840} INFO - DAG(s) 'example_xcom_args', 'example_xcom_args_with_operators' retrieved from /home/pranav/.local/lib/python3.12/site-packages/airflow/example_dags/example_xcomargs.py
[2024-08-20T19:39:26.953+0530] {logging_mixin.py:188} INFO - [2024-08-20T19:39:26.952+0530] {dag.py:3089} INFO - Sync 2 DAGs
[2024-08-20T19:39:26.988+0530] {logging_mixin.py:188} INFO - [2024-08-20T19:39:26.987+0530] {dag.py:3947} INFO - Setting next_dagrun for example_xcom_args to None, run_after=None
[2024-08-20T19:39:27.000+0530] {logging_mixin.py:188} INFO - [2024-08-20T19:39:26.999+0530] {dag.py:3947} INFO - Setting next_dagrun for example_xcom_args_with_operators to None, run_after=None
[2024-08-20T19:39:27.255+0530] {processor.py:183} INFO - Processing /home/pranav/.local/lib/python3.12/site-packages/airflow/example_dags/example_xcomargs.py took 0.410 seconds
[2024-08-20T19:40:36.581+0530] {processor.py:161} INFO - Started process (PID=20319) to work on /home/pranav/.local/lib/python3.12/site-packages/airflow/example_dags/example_xcomargs.py
[2024-08-20T19:40:36.584+0530] {processor.py:830} INFO - Processing file /home/pranav/.local/lib/python3.12/site-packages/airflow/example_dags/example_xcomargs.py for tasks to queue
[2024-08-20T19:40:36.586+0530] {logging_mixin.py:188} INFO - [2024-08-20T19:40:36.585+0530] {dagbag.py:545} INFO - Filling up the DagBag from /home/pranav/.local/lib/python3.12/site-packages/airflow/example_dags/example_xcomargs.py
[2024-08-20T19:40:36.605+0530] {processor.py:840} INFO - DAG(s) 'example_xcom_args_with_operators', 'example_xcom_args' retrieved from /home/pranav/.local/lib/python3.12/site-packages/airflow/example_dags/example_xcomargs.py
[2024-08-20T19:40:36.654+0530] {logging_mixin.py:188} INFO - [2024-08-20T19:40:36.653+0530] {dag.py:3089} INFO - Sync 2 DAGs
[2024-08-20T19:40:36.689+0530] {logging_mixin.py:188} INFO - [2024-08-20T19:40:36.688+0530] {dag.py:3947} INFO - Setting next_dagrun for example_xcom_args to None, run_after=None
[2024-08-20T19:40:36.698+0530] {logging_mixin.py:188} INFO - [2024-08-20T19:40:36.698+0530] {dag.py:3947} INFO - Setting next_dagrun for example_xcom_args_with_operators to None, run_after=None
[2024-08-20T19:40:36.846+0530] {processor.py:183} INFO - Processing /home/pranav/.local/lib/python3.12/site-packages/airflow/example_dags/example_xcomargs.py took 0.277 seconds
