[2024-08-20T19:37:20.432+0530] {processor.py:161} INFO - Started process (PID=18531) to work on /home/pranav/.local/lib/python3.12/site-packages/airflow/example_dags/example_branch_datetime_operator.py
[2024-08-20T19:37:20.434+0530] {processor.py:830} INFO - Processing file /home/pranav/.local/lib/python3.12/site-packages/airflow/example_dags/example_branch_datetime_operator.py for tasks to queue
[2024-08-20T19:37:20.437+0530] {logging_mixin.py:188} INFO - [2024-08-20T19:37:20.436+0530] {dagbag.py:545} INFO - Filling up the DagBag from /home/pranav/.local/lib/python3.12/site-packages/airflow/example_dags/example_branch_datetime_operator.py
[2024-08-20T19:37:20.464+0530] {processor.py:840} INFO - DAG(s) 'example_branch_datetime_operator_3', 'example_branch_datetime_operator', 'example_branch_datetime_operator_2' retrieved from /home/pranav/.local/lib/python3.12/site-packages/airflow/example_dags/example_branch_datetime_operator.py
[2024-08-20T19:37:20.532+0530] {logging_mixin.py:188} INFO - [2024-08-20T19:37:20.531+0530] {dag.py:3089} INFO - Sync 3 DAGs
[2024-08-20T19:37:20.583+0530] {logging_mixin.py:188} INFO - [2024-08-20T19:37:20.583+0530] {dag.py:3947} INFO - Setting next_dagrun for example_branch_datetime_operator to 2024-08-19 00:00:00+00:00, run_after=2024-08-20 00:00:00+00:00
[2024-08-20T19:37:20.595+0530] {logging_mixin.py:188} INFO - [2024-08-20T19:37:20.594+0530] {dag.py:3947} INFO - Setting next_dagrun for example_branch_datetime_operator_2 to 2024-08-19 00:00:00+00:00, run_after=2024-08-20 00:00:00+00:00
[2024-08-20T19:37:20.600+0530] {logging_mixin.py:188} INFO - [2024-08-20T19:37:20.600+0530] {dag.py:3947} INFO - Setting next_dagrun for example_branch_datetime_operator_3 to 2024-08-19 00:00:00+00:00, run_after=2024-08-20 00:00:00+00:00
[2024-08-20T19:37:20.992+0530] {processor.py:183} INFO - Processing /home/pranav/.local/lib/python3.12/site-packages/airflow/example_dags/example_branch_datetime_operator.py took 0.572 seconds
[2024-08-20T19:38:56.520+0530] {processor.py:161} INFO - Started process (PID=19286) to work on /home/pranav/.local/lib/python3.12/site-packages/airflow/example_dags/example_branch_datetime_operator.py
[2024-08-20T19:38:56.522+0530] {processor.py:830} INFO - Processing file /home/pranav/.local/lib/python3.12/site-packages/airflow/example_dags/example_branch_datetime_operator.py for tasks to queue
[2024-08-20T19:38:56.524+0530] {logging_mixin.py:188} INFO - [2024-08-20T19:38:56.523+0530] {dagbag.py:545} INFO - Filling up the DagBag from /home/pranav/.local/lib/python3.12/site-packages/airflow/example_dags/example_branch_datetime_operator.py
[2024-08-20T19:38:56.549+0530] {processor.py:840} INFO - DAG(s) 'example_branch_datetime_operator', 'example_branch_datetime_operator_2', 'example_branch_datetime_operator_3' retrieved from /home/pranav/.local/lib/python3.12/site-packages/airflow/example_dags/example_branch_datetime_operator.py
[2024-08-20T19:38:56.604+0530] {logging_mixin.py:188} INFO - [2024-08-20T19:38:56.603+0530] {dag.py:3089} INFO - Sync 3 DAGs
[2024-08-20T19:38:56.657+0530] {logging_mixin.py:188} INFO - [2024-08-20T19:38:56.656+0530] {dag.py:3947} INFO - Setting next_dagrun for example_branch_datetime_operator to 2024-08-19 00:00:00+00:00, run_after=2024-08-20 00:00:00+00:00
[2024-08-20T19:38:56.669+0530] {logging_mixin.py:188} INFO - [2024-08-20T19:38:56.668+0530] {dag.py:3947} INFO - Setting next_dagrun for example_branch_datetime_operator_2 to 2024-08-19 00:00:00+00:00, run_after=2024-08-20 00:00:00+00:00
[2024-08-20T19:38:56.674+0530] {logging_mixin.py:188} INFO - [2024-08-20T19:38:56.673+0530] {dag.py:3947} INFO - Setting next_dagrun for example_branch_datetime_operator_3 to 2024-08-19 00:00:00+00:00, run_after=2024-08-20 00:00:00+00:00
[2024-08-20T19:38:56.887+0530] {processor.py:183} INFO - Processing /home/pranav/.local/lib/python3.12/site-packages/airflow/example_dags/example_branch_datetime_operator.py took 0.382 seconds
[2024-08-20T19:41:04.863+0530] {processor.py:161} INFO - Started process (PID=20586) to work on /home/pranav/.local/lib/python3.12/site-packages/airflow/example_dags/example_branch_datetime_operator.py
[2024-08-20T19:41:04.864+0530] {processor.py:830} INFO - Processing file /home/pranav/.local/lib/python3.12/site-packages/airflow/example_dags/example_branch_datetime_operator.py for tasks to queue
[2024-08-20T19:41:04.866+0530] {logging_mixin.py:188} INFO - [2024-08-20T19:41:04.865+0530] {dagbag.py:545} INFO - Filling up the DagBag from /home/pranav/.local/lib/python3.12/site-packages/airflow/example_dags/example_branch_datetime_operator.py
[2024-08-20T19:41:04.887+0530] {processor.py:840} INFO - DAG(s) 'example_branch_datetime_operator_2', 'example_branch_datetime_operator', 'example_branch_datetime_operator_3' retrieved from /home/pranav/.local/lib/python3.12/site-packages/airflow/example_dags/example_branch_datetime_operator.py
[2024-08-20T19:41:04.950+0530] {logging_mixin.py:188} INFO - [2024-08-20T19:41:04.949+0530] {dag.py:3089} INFO - Sync 3 DAGs
[2024-08-20T19:41:05.002+0530] {logging_mixin.py:188} INFO - [2024-08-20T19:41:05.001+0530] {dag.py:3947} INFO - Setting next_dagrun for example_branch_datetime_operator to 2024-08-19 00:00:00+00:00, run_after=2024-08-20 00:00:00+00:00
[2024-08-20T19:41:05.014+0530] {logging_mixin.py:188} INFO - [2024-08-20T19:41:05.014+0530] {dag.py:3947} INFO - Setting next_dagrun for example_branch_datetime_operator_2 to 2024-08-19 00:00:00+00:00, run_after=2024-08-20 00:00:00+00:00
[2024-08-20T19:41:05.020+0530] {logging_mixin.py:188} INFO - [2024-08-20T19:41:05.019+0530] {dag.py:3947} INFO - Setting next_dagrun for example_branch_datetime_operator_3 to 2024-08-19 00:00:00+00:00, run_after=2024-08-20 00:00:00+00:00
[2024-08-20T19:41:05.220+0530] {processor.py:183} INFO - Processing /home/pranav/.local/lib/python3.12/site-packages/airflow/example_dags/example_branch_datetime_operator.py took 0.369 seconds
[2024-08-20T19:42:42.217+0530] {processor.py:161} INFO - Started process (PID=21506) to work on /home/pranav/.local/lib/python3.12/site-packages/airflow/example_dags/example_branch_datetime_operator.py
[2024-08-20T19:42:42.221+0530] {processor.py:830} INFO - Processing file /home/pranav/.local/lib/python3.12/site-packages/airflow/example_dags/example_branch_datetime_operator.py for tasks to queue
[2024-08-20T19:42:42.224+0530] {logging_mixin.py:188} INFO - [2024-08-20T19:42:42.223+0530] {dagbag.py:545} INFO - Filling up the DagBag from /home/pranav/.local/lib/python3.12/site-packages/airflow/example_dags/example_branch_datetime_operator.py
[2024-08-20T19:42:42.259+0530] {processor.py:840} INFO - DAG(s) 'example_branch_datetime_operator_2', 'example_branch_datetime_operator', 'example_branch_datetime_operator_3' retrieved from /home/pranav/.local/lib/python3.12/site-packages/airflow/example_dags/example_branch_datetime_operator.py
[2024-08-20T19:42:42.349+0530] {logging_mixin.py:188} INFO - [2024-08-20T19:42:42.348+0530] {dag.py:3089} INFO - Sync 3 DAGs
[2024-08-20T19:42:42.438+0530] {logging_mixin.py:188} INFO - [2024-08-20T19:42:42.437+0530] {dag.py:3947} INFO - Setting next_dagrun for example_branch_datetime_operator to 2024-08-19 00:00:00+00:00, run_after=2024-08-20 00:00:00+00:00
[2024-08-20T19:42:42.458+0530] {logging_mixin.py:188} INFO - [2024-08-20T19:42:42.457+0530] {dag.py:3947} INFO - Setting next_dagrun for example_branch_datetime_operator_2 to 2024-08-19 00:00:00+00:00, run_after=2024-08-20 00:00:00+00:00
[2024-08-20T19:42:42.470+0530] {logging_mixin.py:188} INFO - [2024-08-20T19:42:42.469+0530] {dag.py:3947} INFO - Setting next_dagrun for example_branch_datetime_operator_3 to 2024-08-19 00:00:00+00:00, run_after=2024-08-20 00:00:00+00:00
[2024-08-20T19:42:42.721+0530] {processor.py:183} INFO - Processing /home/pranav/.local/lib/python3.12/site-packages/airflow/example_dags/example_branch_datetime_operator.py took 0.521 seconds
[2024-08-20T19:44:36.132+0530] {processor.py:161} INFO - Started process (PID=22376) to work on /home/pranav/.local/lib/python3.12/site-packages/airflow/example_dags/example_branch_datetime_operator.py
[2024-08-20T19:44:36.201+0530] {processor.py:830} INFO - Processing file /home/pranav/.local/lib/python3.12/site-packages/airflow/example_dags/example_branch_datetime_operator.py for tasks to queue
[2024-08-20T19:44:36.204+0530] {logging_mixin.py:188} INFO - [2024-08-20T19:44:36.203+0530] {dagbag.py:545} INFO - Filling up the DagBag from /home/pranav/.local/lib/python3.12/site-packages/airflow/example_dags/example_branch_datetime_operator.py
[2024-08-20T19:44:36.230+0530] {processor.py:840} INFO - DAG(s) 'example_branch_datetime_operator', 'example_branch_datetime_operator_3', 'example_branch_datetime_operator_2' retrieved from /home/pranav/.local/lib/python3.12/site-packages/airflow/example_dags/example_branch_datetime_operator.py
[2024-08-20T19:44:36.292+0530] {logging_mixin.py:188} INFO - [2024-08-20T19:44:36.291+0530] {dag.py:3089} INFO - Sync 3 DAGs
[2024-08-20T19:44:36.363+0530] {logging_mixin.py:188} INFO - [2024-08-20T19:44:36.362+0530] {dag.py:3947} INFO - Setting next_dagrun for example_branch_datetime_operator to 2024-08-19 00:00:00+00:00, run_after=2024-08-20 00:00:00+00:00
[2024-08-20T19:44:36.382+0530] {logging_mixin.py:188} INFO - [2024-08-20T19:44:36.381+0530] {dag.py:3947} INFO - Setting next_dagrun for example_branch_datetime_operator_2 to 2024-08-19 00:00:00+00:00, run_after=2024-08-20 00:00:00+00:00
[2024-08-20T19:44:36.397+0530] {logging_mixin.py:188} INFO - [2024-08-20T19:44:36.396+0530] {dag.py:3947} INFO - Setting next_dagrun for example_branch_datetime_operator_3 to 2024-08-19 00:00:00+00:00, run_after=2024-08-20 00:00:00+00:00
[2024-08-20T19:44:36.694+0530] {processor.py:183} INFO - Processing /home/pranav/.local/lib/python3.12/site-packages/airflow/example_dags/example_branch_datetime_operator.py took 0.577 seconds
[2024-08-20T19:46:54.275+0530] {processor.py:161} INFO - Started process (PID=23561) to work on /home/pranav/.local/lib/python3.12/site-packages/airflow/example_dags/example_branch_datetime_operator.py
[2024-08-20T19:46:54.297+0530] {processor.py:830} INFO - Processing file /home/pranav/.local/lib/python3.12/site-packages/airflow/example_dags/example_branch_datetime_operator.py for tasks to queue
[2024-08-20T19:46:54.300+0530] {logging_mixin.py:188} INFO - [2024-08-20T19:46:54.298+0530] {dagbag.py:545} INFO - Filling up the DagBag from /home/pranav/.local/lib/python3.12/site-packages/airflow/example_dags/example_branch_datetime_operator.py
[2024-08-20T19:46:54.338+0530] {processor.py:840} INFO - DAG(s) 'example_branch_datetime_operator_2', 'example_branch_datetime_operator', 'example_branch_datetime_operator_3' retrieved from /home/pranav/.local/lib/python3.12/site-packages/airflow/example_dags/example_branch_datetime_operator.py
[2024-08-20T19:46:54.404+0530] {logging_mixin.py:188} INFO - [2024-08-20T19:46:54.403+0530] {dag.py:3089} INFO - Sync 3 DAGs
[2024-08-20T19:46:54.473+0530] {logging_mixin.py:188} INFO - [2024-08-20T19:46:54.472+0530] {dag.py:3947} INFO - Setting next_dagrun for example_branch_datetime_operator to 2024-08-19 00:00:00+00:00, run_after=2024-08-20 00:00:00+00:00
[2024-08-20T19:46:54.489+0530] {logging_mixin.py:188} INFO - [2024-08-20T19:46:54.488+0530] {dag.py:3947} INFO - Setting next_dagrun for example_branch_datetime_operator_2 to 2024-08-19 00:00:00+00:00, run_after=2024-08-20 00:00:00+00:00
[2024-08-20T19:46:54.496+0530] {logging_mixin.py:188} INFO - [2024-08-20T19:46:54.496+0530] {dag.py:3947} INFO - Setting next_dagrun for example_branch_datetime_operator_3 to 2024-08-19 00:00:00+00:00, run_after=2024-08-20 00:00:00+00:00
[2024-08-20T19:46:54.798+0530] {processor.py:183} INFO - Processing /home/pranav/.local/lib/python3.12/site-packages/airflow/example_dags/example_branch_datetime_operator.py took 0.540 seconds
[2024-08-20T19:48:50.544+0530] {processor.py:161} INFO - Started process (PID=24418) to work on /home/pranav/.local/lib/python3.12/site-packages/airflow/example_dags/example_branch_datetime_operator.py
[2024-08-20T19:48:50.558+0530] {processor.py:830} INFO - Processing file /home/pranav/.local/lib/python3.12/site-packages/airflow/example_dags/example_branch_datetime_operator.py for tasks to queue
[2024-08-20T19:48:50.561+0530] {logging_mixin.py:188} INFO - [2024-08-20T19:48:50.559+0530] {dagbag.py:545} INFO - Filling up the DagBag from /home/pranav/.local/lib/python3.12/site-packages/airflow/example_dags/example_branch_datetime_operator.py
[2024-08-20T19:48:50.585+0530] {processor.py:840} INFO - DAG(s) 'example_branch_datetime_operator_2', 'example_branch_datetime_operator', 'example_branch_datetime_operator_3' retrieved from /home/pranav/.local/lib/python3.12/site-packages/airflow/example_dags/example_branch_datetime_operator.py
[2024-08-20T19:48:50.643+0530] {logging_mixin.py:188} INFO - [2024-08-20T19:48:50.642+0530] {dag.py:3089} INFO - Sync 3 DAGs
[2024-08-20T19:48:50.703+0530] {logging_mixin.py:188} INFO - [2024-08-20T19:48:50.702+0530] {dag.py:3947} INFO - Setting next_dagrun for example_branch_datetime_operator to 2024-08-19 00:00:00+00:00, run_after=2024-08-20 00:00:00+00:00
[2024-08-20T19:48:50.720+0530] {logging_mixin.py:188} INFO - [2024-08-20T19:48:50.719+0530] {dag.py:3947} INFO - Setting next_dagrun for example_branch_datetime_operator_2 to 2024-08-19 00:00:00+00:00, run_after=2024-08-20 00:00:00+00:00
[2024-08-20T19:48:50.726+0530] {logging_mixin.py:188} INFO - [2024-08-20T19:48:50.726+0530] {dag.py:3947} INFO - Setting next_dagrun for example_branch_datetime_operator_3 to 2024-08-19 00:00:00+00:00, run_after=2024-08-20 00:00:00+00:00
[2024-08-20T19:48:50.865+0530] {processor.py:183} INFO - Processing /home/pranav/.local/lib/python3.12/site-packages/airflow/example_dags/example_branch_datetime_operator.py took 0.336 seconds
[2024-08-20T19:50:11.122+0530] {processor.py:161} INFO - Started process (PID=24889) to work on /home/pranav/.local/lib/python3.12/site-packages/airflow/example_dags/example_branch_datetime_operator.py
[2024-08-20T19:50:11.180+0530] {processor.py:830} INFO - Processing file /home/pranav/.local/lib/python3.12/site-packages/airflow/example_dags/example_branch_datetime_operator.py for tasks to queue
[2024-08-20T19:50:11.181+0530] {logging_mixin.py:188} INFO - [2024-08-20T19:50:11.181+0530] {dagbag.py:545} INFO - Filling up the DagBag from /home/pranav/.local/lib/python3.12/site-packages/airflow/example_dags/example_branch_datetime_operator.py
[2024-08-20T19:50:11.192+0530] {processor.py:840} INFO - DAG(s) 'example_branch_datetime_operator_3', 'example_branch_datetime_operator', 'example_branch_datetime_operator_2' retrieved from /home/pranav/.local/lib/python3.12/site-packages/airflow/example_dags/example_branch_datetime_operator.py
[2024-08-20T19:50:11.214+0530] {logging_mixin.py:188} INFO - [2024-08-20T19:50:11.214+0530] {dag.py:3089} INFO - Sync 3 DAGs
[2024-08-20T19:50:11.234+0530] {logging_mixin.py:188} INFO - [2024-08-20T19:50:11.234+0530] {dag.py:3947} INFO - Setting next_dagrun for example_branch_datetime_operator to 2024-08-19 00:00:00+00:00, run_after=2024-08-20 00:00:00+00:00
[2024-08-20T19:50:11.238+0530] {logging_mixin.py:188} INFO - [2024-08-20T19:50:11.238+0530] {dag.py:3947} INFO - Setting next_dagrun for example_branch_datetime_operator_2 to 2024-08-19 00:00:00+00:00, run_after=2024-08-20 00:00:00+00:00
[2024-08-20T19:50:11.241+0530] {logging_mixin.py:188} INFO - [2024-08-20T19:50:11.241+0530] {dag.py:3947} INFO - Setting next_dagrun for example_branch_datetime_operator_3 to 2024-08-19 00:00:00+00:00, run_after=2024-08-20 00:00:00+00:00
[2024-08-20T19:50:11.342+0530] {processor.py:183} INFO - Processing /home/pranav/.local/lib/python3.12/site-packages/airflow/example_dags/example_branch_datetime_operator.py took 0.227 seconds
[2024-08-20T19:51:22.527+0530] {processor.py:161} INFO - Started process (PID=25296) to work on /home/pranav/.local/lib/python3.12/site-packages/airflow/example_dags/example_branch_datetime_operator.py
[2024-08-20T19:51:22.614+0530] {processor.py:830} INFO - Processing file /home/pranav/.local/lib/python3.12/site-packages/airflow/example_dags/example_branch_datetime_operator.py for tasks to queue
[2024-08-20T19:51:22.615+0530] {logging_mixin.py:188} INFO - [2024-08-20T19:51:22.615+0530] {dagbag.py:545} INFO - Filling up the DagBag from /home/pranav/.local/lib/python3.12/site-packages/airflow/example_dags/example_branch_datetime_operator.py
[2024-08-20T19:51:22.627+0530] {processor.py:840} INFO - DAG(s) 'example_branch_datetime_operator_3', 'example_branch_datetime_operator_2', 'example_branch_datetime_operator' retrieved from /home/pranav/.local/lib/python3.12/site-packages/airflow/example_dags/example_branch_datetime_operator.py
[2024-08-20T19:51:22.654+0530] {logging_mixin.py:188} INFO - [2024-08-20T19:51:22.653+0530] {dag.py:3089} INFO - Sync 3 DAGs
[2024-08-20T19:51:22.679+0530] {logging_mixin.py:188} INFO - [2024-08-20T19:51:22.679+0530] {dag.py:3947} INFO - Setting next_dagrun for example_branch_datetime_operator to 2024-08-19 00:00:00+00:00, run_after=2024-08-20 00:00:00+00:00
[2024-08-20T19:51:22.685+0530] {logging_mixin.py:188} INFO - [2024-08-20T19:51:22.685+0530] {dag.py:3947} INFO - Setting next_dagrun for example_branch_datetime_operator_2 to 2024-08-19 00:00:00+00:00, run_after=2024-08-20 00:00:00+00:00
[2024-08-20T19:51:22.688+0530] {logging_mixin.py:188} INFO - [2024-08-20T19:51:22.687+0530] {dag.py:3947} INFO - Setting next_dagrun for example_branch_datetime_operator_3 to 2024-08-19 00:00:00+00:00, run_after=2024-08-20 00:00:00+00:00
[2024-08-20T19:51:22.801+0530] {processor.py:183} INFO - Processing /home/pranav/.local/lib/python3.12/site-packages/airflow/example_dags/example_branch_datetime_operator.py took 0.281 seconds
[2024-08-20T19:52:40.359+0530] {processor.py:161} INFO - Started process (PID=25749) to work on /home/pranav/.local/lib/python3.12/site-packages/airflow/example_dags/example_branch_datetime_operator.py
[2024-08-20T19:52:40.383+0530] {processor.py:830} INFO - Processing file /home/pranav/.local/lib/python3.12/site-packages/airflow/example_dags/example_branch_datetime_operator.py for tasks to queue
[2024-08-20T19:52:40.384+0530] {logging_mixin.py:188} INFO - [2024-08-20T19:52:40.384+0530] {dagbag.py:545} INFO - Filling up the DagBag from /home/pranav/.local/lib/python3.12/site-packages/airflow/example_dags/example_branch_datetime_operator.py
[2024-08-20T19:52:40.399+0530] {processor.py:840} INFO - DAG(s) 'example_branch_datetime_operator', 'example_branch_datetime_operator_3', 'example_branch_datetime_operator_2' retrieved from /home/pranav/.local/lib/python3.12/site-packages/airflow/example_dags/example_branch_datetime_operator.py
[2024-08-20T19:52:40.431+0530] {logging_mixin.py:188} INFO - [2024-08-20T19:52:40.431+0530] {dag.py:3089} INFO - Sync 3 DAGs
[2024-08-20T19:52:40.461+0530] {logging_mixin.py:188} INFO - [2024-08-20T19:52:40.461+0530] {dag.py:3947} INFO - Setting next_dagrun for example_branch_datetime_operator to 2024-08-19 00:00:00+00:00, run_after=2024-08-20 00:00:00+00:00
[2024-08-20T19:52:40.467+0530] {logging_mixin.py:188} INFO - [2024-08-20T19:52:40.467+0530] {dag.py:3947} INFO - Setting next_dagrun for example_branch_datetime_operator_2 to 2024-08-19 00:00:00+00:00, run_after=2024-08-20 00:00:00+00:00
[2024-08-20T19:52:40.471+0530] {logging_mixin.py:188} INFO - [2024-08-20T19:52:40.471+0530] {dag.py:3947} INFO - Setting next_dagrun for example_branch_datetime_operator_3 to 2024-08-19 00:00:00+00:00, run_after=2024-08-20 00:00:00+00:00
[2024-08-20T19:52:40.593+0530] {processor.py:183} INFO - Processing /home/pranav/.local/lib/python3.12/site-packages/airflow/example_dags/example_branch_datetime_operator.py took 0.241 seconds
[2024-08-20T19:53:57.701+0530] {processor.py:161} INFO - Started process (PID=26170) to work on /home/pranav/.local/lib/python3.12/site-packages/airflow/example_dags/example_branch_datetime_operator.py
[2024-08-20T19:53:57.710+0530] {processor.py:830} INFO - Processing file /home/pranav/.local/lib/python3.12/site-packages/airflow/example_dags/example_branch_datetime_operator.py for tasks to queue
[2024-08-20T19:53:57.711+0530] {logging_mixin.py:188} INFO - [2024-08-20T19:53:57.710+0530] {dagbag.py:545} INFO - Filling up the DagBag from /home/pranav/.local/lib/python3.12/site-packages/airflow/example_dags/example_branch_datetime_operator.py
[2024-08-20T19:53:57.723+0530] {processor.py:840} INFO - DAG(s) 'example_branch_datetime_operator_3', 'example_branch_datetime_operator_2', 'example_branch_datetime_operator' retrieved from /home/pranav/.local/lib/python3.12/site-packages/airflow/example_dags/example_branch_datetime_operator.py
[2024-08-20T19:53:57.750+0530] {logging_mixin.py:188} INFO - [2024-08-20T19:53:57.750+0530] {dag.py:3089} INFO - Sync 3 DAGs
[2024-08-20T19:53:57.777+0530] {logging_mixin.py:188} INFO - [2024-08-20T19:53:57.777+0530] {dag.py:3947} INFO - Setting next_dagrun for example_branch_datetime_operator to 2024-08-19 00:00:00+00:00, run_after=2024-08-20 00:00:00+00:00
[2024-08-20T19:53:57.783+0530] {logging_mixin.py:188} INFO - [2024-08-20T19:53:57.782+0530] {dag.py:3947} INFO - Setting next_dagrun for example_branch_datetime_operator_2 to 2024-08-19 00:00:00+00:00, run_after=2024-08-20 00:00:00+00:00
[2024-08-20T19:53:57.785+0530] {logging_mixin.py:188} INFO - [2024-08-20T19:53:57.785+0530] {dag.py:3947} INFO - Setting next_dagrun for example_branch_datetime_operator_3 to 2024-08-19 00:00:00+00:00, run_after=2024-08-20 00:00:00+00:00
[2024-08-20T19:53:57.929+0530] {processor.py:183} INFO - Processing /home/pranav/.local/lib/python3.12/site-packages/airflow/example_dags/example_branch_datetime_operator.py took 0.235 seconds
[2024-08-20T19:55:10.063+0530] {processor.py:161} INFO - Started process (PID=26550) to work on /home/pranav/.local/lib/python3.12/site-packages/airflow/example_dags/example_branch_datetime_operator.py
[2024-08-20T19:55:10.104+0530] {processor.py:830} INFO - Processing file /home/pranav/.local/lib/python3.12/site-packages/airflow/example_dags/example_branch_datetime_operator.py for tasks to queue
[2024-08-20T19:55:10.105+0530] {logging_mixin.py:188} INFO - [2024-08-20T19:55:10.105+0530] {dagbag.py:545} INFO - Filling up the DagBag from /home/pranav/.local/lib/python3.12/site-packages/airflow/example_dags/example_branch_datetime_operator.py
[2024-08-20T19:55:10.117+0530] {processor.py:840} INFO - DAG(s) 'example_branch_datetime_operator', 'example_branch_datetime_operator_2', 'example_branch_datetime_operator_3' retrieved from /home/pranav/.local/lib/python3.12/site-packages/airflow/example_dags/example_branch_datetime_operator.py
[2024-08-20T19:55:10.143+0530] {logging_mixin.py:188} INFO - [2024-08-20T19:55:10.143+0530] {dag.py:3089} INFO - Sync 3 DAGs
[2024-08-20T19:55:10.168+0530] {logging_mixin.py:188} INFO - [2024-08-20T19:55:10.168+0530] {dag.py:3947} INFO - Setting next_dagrun for example_branch_datetime_operator to 2024-08-19 00:00:00+00:00, run_after=2024-08-20 00:00:00+00:00
[2024-08-20T19:55:10.174+0530] {logging_mixin.py:188} INFO - [2024-08-20T19:55:10.173+0530] {dag.py:3947} INFO - Setting next_dagrun for example_branch_datetime_operator_2 to 2024-08-19 00:00:00+00:00, run_after=2024-08-20 00:00:00+00:00
[2024-08-20T19:55:10.176+0530] {logging_mixin.py:188} INFO - [2024-08-20T19:55:10.176+0530] {dag.py:3947} INFO - Setting next_dagrun for example_branch_datetime_operator_3 to 2024-08-19 00:00:00+00:00, run_after=2024-08-20 00:00:00+00:00
[2024-08-20T19:55:10.332+0530] {processor.py:183} INFO - Processing /home/pranav/.local/lib/python3.12/site-packages/airflow/example_dags/example_branch_datetime_operator.py took 0.276 seconds
[2024-08-20T19:56:23.998+0530] {processor.py:161} INFO - Started process (PID=26937) to work on /home/pranav/.local/lib/python3.12/site-packages/airflow/example_dags/example_branch_datetime_operator.py
[2024-08-20T19:56:24.035+0530] {processor.py:830} INFO - Processing file /home/pranav/.local/lib/python3.12/site-packages/airflow/example_dags/example_branch_datetime_operator.py for tasks to queue
[2024-08-20T19:56:24.036+0530] {logging_mixin.py:188} INFO - [2024-08-20T19:56:24.036+0530] {dagbag.py:545} INFO - Filling up the DagBag from /home/pranav/.local/lib/python3.12/site-packages/airflow/example_dags/example_branch_datetime_operator.py
[2024-08-20T19:56:24.048+0530] {processor.py:840} INFO - DAG(s) 'example_branch_datetime_operator', 'example_branch_datetime_operator_3', 'example_branch_datetime_operator_2' retrieved from /home/pranav/.local/lib/python3.12/site-packages/airflow/example_dags/example_branch_datetime_operator.py
[2024-08-20T19:56:24.075+0530] {logging_mixin.py:188} INFO - [2024-08-20T19:56:24.074+0530] {dag.py:3089} INFO - Sync 3 DAGs
[2024-08-20T19:56:24.100+0530] {logging_mixin.py:188} INFO - [2024-08-20T19:56:24.099+0530] {dag.py:3947} INFO - Setting next_dagrun for example_branch_datetime_operator to 2024-08-19 00:00:00+00:00, run_after=2024-08-20 00:00:00+00:00
[2024-08-20T19:56:24.105+0530] {logging_mixin.py:188} INFO - [2024-08-20T19:56:24.105+0530] {dag.py:3947} INFO - Setting next_dagrun for example_branch_datetime_operator_2 to 2024-08-19 00:00:00+00:00, run_after=2024-08-20 00:00:00+00:00
[2024-08-20T19:56:24.108+0530] {logging_mixin.py:188} INFO - [2024-08-20T19:56:24.108+0530] {dag.py:3947} INFO - Setting next_dagrun for example_branch_datetime_operator_3 to 2024-08-19 00:00:00+00:00, run_after=2024-08-20 00:00:00+00:00
[2024-08-20T19:56:24.212+0530] {processor.py:183} INFO - Processing /home/pranav/.local/lib/python3.12/site-packages/airflow/example_dags/example_branch_datetime_operator.py took 0.221 seconds
[2024-08-20T19:57:39.418+0530] {processor.py:161} INFO - Started process (PID=27406) to work on /home/pranav/.local/lib/python3.12/site-packages/airflow/example_dags/example_branch_datetime_operator.py
[2024-08-20T19:57:39.457+0530] {processor.py:830} INFO - Processing file /home/pranav/.local/lib/python3.12/site-packages/airflow/example_dags/example_branch_datetime_operator.py for tasks to queue
[2024-08-20T19:57:39.458+0530] {logging_mixin.py:188} INFO - [2024-08-20T19:57:39.458+0530] {dagbag.py:545} INFO - Filling up the DagBag from /home/pranav/.local/lib/python3.12/site-packages/airflow/example_dags/example_branch_datetime_operator.py
[2024-08-20T19:57:39.470+0530] {processor.py:840} INFO - DAG(s) 'example_branch_datetime_operator_2', 'example_branch_datetime_operator', 'example_branch_datetime_operator_3' retrieved from /home/pranav/.local/lib/python3.12/site-packages/airflow/example_dags/example_branch_datetime_operator.py
[2024-08-20T19:57:39.496+0530] {logging_mixin.py:188} INFO - [2024-08-20T19:57:39.495+0530] {dag.py:3089} INFO - Sync 3 DAGs
[2024-08-20T19:57:39.521+0530] {logging_mixin.py:188} INFO - [2024-08-20T19:57:39.520+0530] {dag.py:3947} INFO - Setting next_dagrun for example_branch_datetime_operator to 2024-08-19 00:00:00+00:00, run_after=2024-08-20 00:00:00+00:00
[2024-08-20T19:57:39.526+0530] {logging_mixin.py:188} INFO - [2024-08-20T19:57:39.526+0530] {dag.py:3947} INFO - Setting next_dagrun for example_branch_datetime_operator_2 to 2024-08-19 00:00:00+00:00, run_after=2024-08-20 00:00:00+00:00
[2024-08-20T19:57:39.529+0530] {logging_mixin.py:188} INFO - [2024-08-20T19:57:39.529+0530] {dag.py:3947} INFO - Setting next_dagrun for example_branch_datetime_operator_3 to 2024-08-19 00:00:00+00:00, run_after=2024-08-20 00:00:00+00:00
[2024-08-20T19:57:39.662+0530] {processor.py:183} INFO - Processing /home/pranav/.local/lib/python3.12/site-packages/airflow/example_dags/example_branch_datetime_operator.py took 0.251 seconds
