[2024-08-20T19:36:57.536+0530] {processor.py:161} INFO - Started process (PID=18359) to work on /home/pranav/.local/lib/python3.12/site-packages/airflow/example_dags/tutorial.py
[2024-08-20T19:36:57.539+0530] {processor.py:830} INFO - Processing file /home/pranav/.local/lib/python3.12/site-packages/airflow/example_dags/tutorial.py for tasks to queue
[2024-08-20T19:36:57.541+0530] {logging_mixin.py:188} INFO - [2024-08-20T19:36:57.540+0530] {dagbag.py:545} INFO - Filling up the DagBag from /home/pranav/.local/lib/python3.12/site-packages/airflow/example_dags/tutorial.py
[2024-08-20T19:36:57.557+0530] {processor.py:840} INFO - DAG(s) 'tutorial' retrieved from /home/pranav/.local/lib/python3.12/site-packages/airflow/example_dags/tutorial.py
[2024-08-20T19:36:57.591+0530] {logging_mixin.py:188} INFO - [2024-08-20T19:36:57.590+0530] {dag.py:3089} INFO - Sync 1 DAGs
[2024-08-20T19:36:57.632+0530] {logging_mixin.py:188} INFO - [2024-08-20T19:36:57.632+0530] {dag.py:3947} INFO - Setting next_dagrun for tutorial to 2024-08-19 00:00:00+00:00, run_after=2024-08-20 00:00:00+00:00
[2024-08-20T19:36:57.861+0530] {processor.py:183} INFO - Processing /home/pranav/.local/lib/python3.12/site-packages/airflow/example_dags/tutorial.py took 0.338 seconds
[2024-08-20T19:37:51.132+0530] {processor.py:161} INFO - Started process (PID=18829) to work on /home/pranav/.local/lib/python3.12/site-packages/airflow/example_dags/tutorial.py
[2024-08-20T19:37:51.134+0530] {processor.py:830} INFO - Processing file /home/pranav/.local/lib/python3.12/site-packages/airflow/example_dags/tutorial.py for tasks to queue
[2024-08-20T19:37:51.136+0530] {logging_mixin.py:188} INFO - [2024-08-20T19:37:51.135+0530] {dagbag.py:545} INFO - Filling up the DagBag from /home/pranav/.local/lib/python3.12/site-packages/airflow/example_dags/tutorial.py
[2024-08-20T19:37:51.152+0530] {processor.py:840} INFO - DAG(s) 'tutorial' retrieved from /home/pranav/.local/lib/python3.12/site-packages/airflow/example_dags/tutorial.py
[2024-08-20T19:37:51.186+0530] {logging_mixin.py:188} INFO - [2024-08-20T19:37:51.186+0530] {dag.py:3089} INFO - Sync 1 DAGs
[2024-08-20T19:37:51.228+0530] {logging_mixin.py:188} INFO - [2024-08-20T19:37:51.228+0530] {dag.py:3947} INFO - Setting next_dagrun for tutorial to 2024-08-19 00:00:00+00:00, run_after=2024-08-20 00:00:00+00:00
[2024-08-20T19:37:51.566+0530] {processor.py:183} INFO - Processing /home/pranav/.local/lib/python3.12/site-packages/airflow/example_dags/tutorial.py took 0.447 seconds
[2024-08-20T19:39:28.451+0530] {processor.py:161} INFO - Started process (PID=19517) to work on /home/pranav/.local/lib/python3.12/site-packages/airflow/example_dags/tutorial.py
[2024-08-20T19:39:28.453+0530] {processor.py:830} INFO - Processing file /home/pranav/.local/lib/python3.12/site-packages/airflow/example_dags/tutorial.py for tasks to queue
[2024-08-20T19:39:28.455+0530] {logging_mixin.py:188} INFO - [2024-08-20T19:39:28.454+0530] {dagbag.py:545} INFO - Filling up the DagBag from /home/pranav/.local/lib/python3.12/site-packages/airflow/example_dags/tutorial.py
[2024-08-20T19:39:28.471+0530] {processor.py:840} INFO - DAG(s) 'tutorial' retrieved from /home/pranav/.local/lib/python3.12/site-packages/airflow/example_dags/tutorial.py
[2024-08-20T19:39:28.512+0530] {logging_mixin.py:188} INFO - [2024-08-20T19:39:28.511+0530] {dag.py:3089} INFO - Sync 1 DAGs
[2024-08-20T19:39:28.563+0530] {logging_mixin.py:188} INFO - [2024-08-20T19:39:28.562+0530] {dag.py:3947} INFO - Setting next_dagrun for tutorial to 2024-08-19 00:00:00+00:00, run_after=2024-08-20 00:00:00+00:00
[2024-08-20T19:39:28.729+0530] {processor.py:183} INFO - Processing /home/pranav/.local/lib/python3.12/site-packages/airflow/example_dags/tutorial.py took 0.290 seconds
[2024-08-20T19:40:37.962+0530] {processor.py:161} INFO - Started process (PID=20336) to work on /home/pranav/.local/lib/python3.12/site-packages/airflow/example_dags/tutorial.py
[2024-08-20T19:40:37.963+0530] {processor.py:830} INFO - Processing file /home/pranav/.local/lib/python3.12/site-packages/airflow/example_dags/tutorial.py for tasks to queue
[2024-08-20T19:40:37.965+0530] {logging_mixin.py:188} INFO - [2024-08-20T19:40:37.965+0530] {dagbag.py:545} INFO - Filling up the DagBag from /home/pranav/.local/lib/python3.12/site-packages/airflow/example_dags/tutorial.py
[2024-08-20T19:40:37.983+0530] {processor.py:840} INFO - DAG(s) 'tutorial' retrieved from /home/pranav/.local/lib/python3.12/site-packages/airflow/example_dags/tutorial.py
[2024-08-20T19:40:38.031+0530] {logging_mixin.py:188} INFO - [2024-08-20T19:40:38.030+0530] {dag.py:3089} INFO - Sync 1 DAGs
[2024-08-20T19:40:38.086+0530] {logging_mixin.py:188} INFO - [2024-08-20T19:40:38.085+0530] {dag.py:3947} INFO - Setting next_dagrun for tutorial to 2024-08-19 00:00:00+00:00, run_after=2024-08-20 00:00:00+00:00
[2024-08-20T19:40:38.347+0530] {processor.py:183} INFO - Processing /home/pranav/.local/lib/python3.12/site-packages/airflow/example_dags/tutorial.py took 0.397 seconds
[2024-08-20T19:41:36.527+0530] {processor.py:161} INFO - Started process (PID=20897) to work on /home/pranav/.local/lib/python3.12/site-packages/airflow/example_dags/tutorial.py
[2024-08-20T19:41:36.554+0530] {processor.py:830} INFO - Processing file /home/pranav/.local/lib/python3.12/site-packages/airflow/example_dags/tutorial.py for tasks to queue
[2024-08-20T19:41:36.556+0530] {logging_mixin.py:188} INFO - [2024-08-20T19:41:36.555+0530] {dagbag.py:545} INFO - Filling up the DagBag from /home/pranav/.local/lib/python3.12/site-packages/airflow/example_dags/tutorial.py
[2024-08-20T19:41:36.570+0530] {processor.py:840} INFO - DAG(s) 'tutorial' retrieved from /home/pranav/.local/lib/python3.12/site-packages/airflow/example_dags/tutorial.py
[2024-08-20T19:41:36.603+0530] {logging_mixin.py:188} INFO - [2024-08-20T19:41:36.602+0530] {dag.py:3089} INFO - Sync 1 DAGs
[2024-08-20T19:41:36.645+0530] {logging_mixin.py:188} INFO - [2024-08-20T19:41:36.645+0530] {dag.py:3947} INFO - Setting next_dagrun for tutorial to 2024-08-19 00:00:00+00:00, run_after=2024-08-20 00:00:00+00:00
[2024-08-20T19:41:36.821+0530] {processor.py:183} INFO - Processing /home/pranav/.local/lib/python3.12/site-packages/airflow/example_dags/tutorial.py took 0.306 seconds
[2024-08-20T19:43:20.586+0530] {processor.py:161} INFO - Started process (PID=21898) to work on /home/pranav/.local/lib/python3.12/site-packages/airflow/example_dags/tutorial.py
[2024-08-20T19:43:20.622+0530] {processor.py:830} INFO - Processing file /home/pranav/.local/lib/python3.12/site-packages/airflow/example_dags/tutorial.py for tasks to queue
[2024-08-20T19:43:20.624+0530] {logging_mixin.py:188} INFO - [2024-08-20T19:43:20.623+0530] {dagbag.py:545} INFO - Filling up the DagBag from /home/pranav/.local/lib/python3.12/site-packages/airflow/example_dags/tutorial.py
[2024-08-20T19:43:20.646+0530] {processor.py:840} INFO - DAG(s) 'tutorial' retrieved from /home/pranav/.local/lib/python3.12/site-packages/airflow/example_dags/tutorial.py
[2024-08-20T19:43:20.684+0530] {logging_mixin.py:188} INFO - [2024-08-20T19:43:20.683+0530] {dag.py:3089} INFO - Sync 1 DAGs
[2024-08-20T19:43:20.737+0530] {logging_mixin.py:188} INFO - [2024-08-20T19:43:20.737+0530] {dag.py:3947} INFO - Setting next_dagrun for tutorial to 2024-08-19 00:00:00+00:00, run_after=2024-08-20 00:00:00+00:00
[2024-08-20T19:43:21.061+0530] {processor.py:183} INFO - Processing /home/pranav/.local/lib/python3.12/site-packages/airflow/example_dags/tutorial.py took 0.494 seconds
[2024-08-20T19:44:16.902+0530] {processor.py:161} INFO - Started process (PID=22276) to work on /home/pranav/.local/lib/python3.12/site-packages/airflow/example_dags/tutorial.py
[2024-08-20T19:44:16.931+0530] {processor.py:830} INFO - Processing file /home/pranav/.local/lib/python3.12/site-packages/airflow/example_dags/tutorial.py for tasks to queue
[2024-08-20T19:44:16.933+0530] {logging_mixin.py:188} INFO - [2024-08-20T19:44:16.932+0530] {dagbag.py:545} INFO - Filling up the DagBag from /home/pranav/.local/lib/python3.12/site-packages/airflow/example_dags/tutorial.py
[2024-08-20T19:44:16.948+0530] {processor.py:840} INFO - DAG(s) 'tutorial' retrieved from /home/pranav/.local/lib/python3.12/site-packages/airflow/example_dags/tutorial.py
[2024-08-20T19:44:16.985+0530] {logging_mixin.py:188} INFO - [2024-08-20T19:44:16.984+0530] {dag.py:3089} INFO - Sync 1 DAGs
[2024-08-20T19:44:17.027+0530] {logging_mixin.py:188} INFO - [2024-08-20T19:44:17.027+0530] {dag.py:3947} INFO - Setting next_dagrun for tutorial to 2024-08-19 00:00:00+00:00, run_after=2024-08-20 00:00:00+00:00
[2024-08-20T19:44:17.195+0530] {processor.py:183} INFO - Processing /home/pranav/.local/lib/python3.12/site-packages/airflow/example_dags/tutorial.py took 0.305 seconds
[2024-08-20T19:46:26.357+0530] {processor.py:161} INFO - Started process (PID=23368) to work on /home/pranav/.local/lib/python3.12/site-packages/airflow/example_dags/tutorial.py
[2024-08-20T19:46:26.385+0530] {processor.py:830} INFO - Processing file /home/pranav/.local/lib/python3.12/site-packages/airflow/example_dags/tutorial.py for tasks to queue
[2024-08-20T19:46:26.391+0530] {logging_mixin.py:188} INFO - [2024-08-20T19:46:26.389+0530] {dagbag.py:545} INFO - Filling up the DagBag from /home/pranav/.local/lib/python3.12/site-packages/airflow/example_dags/tutorial.py
[2024-08-20T19:46:26.413+0530] {processor.py:840} INFO - DAG(s) 'tutorial' retrieved from /home/pranav/.local/lib/python3.12/site-packages/airflow/example_dags/tutorial.py
[2024-08-20T19:46:26.461+0530] {logging_mixin.py:188} INFO - [2024-08-20T19:46:26.461+0530] {dag.py:3089} INFO - Sync 1 DAGs
[2024-08-20T19:46:26.525+0530] {logging_mixin.py:188} INFO - [2024-08-20T19:46:26.525+0530] {dag.py:3947} INFO - Setting next_dagrun for tutorial to 2024-08-19 00:00:00+00:00, run_after=2024-08-20 00:00:00+00:00
[2024-08-20T19:46:26.821+0530] {processor.py:183} INFO - Processing /home/pranav/.local/lib/python3.12/site-packages/airflow/example_dags/tutorial.py took 0.479 seconds
[2024-08-20T19:47:32.736+0530] {processor.py:161} INFO - Started process (PID=23930) to work on /home/pranav/.local/lib/python3.12/site-packages/airflow/example_dags/tutorial.py
[2024-08-20T19:47:32.838+0530] {processor.py:830} INFO - Processing file /home/pranav/.local/lib/python3.12/site-packages/airflow/example_dags/tutorial.py for tasks to queue
[2024-08-20T19:47:32.841+0530] {logging_mixin.py:188} INFO - [2024-08-20T19:47:32.840+0530] {dagbag.py:545} INFO - Filling up the DagBag from /home/pranav/.local/lib/python3.12/site-packages/airflow/example_dags/tutorial.py
[2024-08-20T19:47:32.859+0530] {processor.py:840} INFO - DAG(s) 'tutorial' retrieved from /home/pranav/.local/lib/python3.12/site-packages/airflow/example_dags/tutorial.py
[2024-08-20T19:47:32.902+0530] {logging_mixin.py:188} INFO - [2024-08-20T19:47:32.901+0530] {dag.py:3089} INFO - Sync 1 DAGs
[2024-08-20T19:47:32.955+0530] {logging_mixin.py:188} INFO - [2024-08-20T19:47:32.954+0530] {dag.py:3947} INFO - Setting next_dagrun for tutorial to 2024-08-19 00:00:00+00:00, run_after=2024-08-20 00:00:00+00:00
[2024-08-20T19:47:33.237+0530] {processor.py:183} INFO - Processing /home/pranav/.local/lib/python3.12/site-packages/airflow/example_dags/tutorial.py took 0.515 seconds
[2024-08-20T19:48:30.052+0530] {processor.py:161} INFO - Started process (PID=24298) to work on /home/pranav/.local/lib/python3.12/site-packages/airflow/example_dags/tutorial.py
[2024-08-20T19:48:30.055+0530] {processor.py:830} INFO - Processing file /home/pranav/.local/lib/python3.12/site-packages/airflow/example_dags/tutorial.py for tasks to queue
[2024-08-20T19:48:30.057+0530] {logging_mixin.py:188} INFO - [2024-08-20T19:48:30.056+0530] {dagbag.py:545} INFO - Filling up the DagBag from /home/pranav/.local/lib/python3.12/site-packages/airflow/example_dags/tutorial.py
[2024-08-20T19:48:30.072+0530] {processor.py:840} INFO - DAG(s) 'tutorial' retrieved from /home/pranav/.local/lib/python3.12/site-packages/airflow/example_dags/tutorial.py
[2024-08-20T19:48:30.107+0530] {logging_mixin.py:188} INFO - [2024-08-20T19:48:30.107+0530] {dag.py:3089} INFO - Sync 1 DAGs
[2024-08-20T19:48:30.153+0530] {logging_mixin.py:188} INFO - [2024-08-20T19:48:30.152+0530] {dag.py:3947} INFO - Setting next_dagrun for tutorial to 2024-08-19 00:00:00+00:00, run_after=2024-08-20 00:00:00+00:00
[2024-08-20T19:48:30.330+0530] {processor.py:183} INFO - Processing /home/pranav/.local/lib/python3.12/site-packages/airflow/example_dags/tutorial.py took 0.291 seconds
[2024-08-20T19:49:52.877+0530] {processor.py:161} INFO - Started process (PID=24795) to work on /home/pranav/.local/lib/python3.12/site-packages/airflow/example_dags/tutorial.py
[2024-08-20T19:49:52.929+0530] {processor.py:830} INFO - Processing file /home/pranav/.local/lib/python3.12/site-packages/airflow/example_dags/tutorial.py for tasks to queue
[2024-08-20T19:49:52.930+0530] {logging_mixin.py:188} INFO - [2024-08-20T19:49:52.930+0530] {dagbag.py:545} INFO - Filling up the DagBag from /home/pranav/.local/lib/python3.12/site-packages/airflow/example_dags/tutorial.py
[2024-08-20T19:49:52.938+0530] {processor.py:840} INFO - DAG(s) 'tutorial' retrieved from /home/pranav/.local/lib/python3.12/site-packages/airflow/example_dags/tutorial.py
[2024-08-20T19:49:52.957+0530] {logging_mixin.py:188} INFO - [2024-08-20T19:49:52.956+0530] {dag.py:3089} INFO - Sync 1 DAGs
[2024-08-20T19:49:52.981+0530] {logging_mixin.py:188} INFO - [2024-08-20T19:49:52.981+0530] {dag.py:3947} INFO - Setting next_dagrun for tutorial to 2024-08-19 00:00:00+00:00, run_after=2024-08-20 00:00:00+00:00
[2024-08-20T19:49:53.142+0530] {processor.py:183} INFO - Processing /home/pranav/.local/lib/python3.12/site-packages/airflow/example_dags/tutorial.py took 0.271 seconds
[2024-08-20T19:51:04.026+0530] {processor.py:161} INFO - Started process (PID=25174) to work on /home/pranav/.local/lib/python3.12/site-packages/airflow/example_dags/tutorial.py
[2024-08-20T19:51:04.099+0530] {processor.py:830} INFO - Processing file /home/pranav/.local/lib/python3.12/site-packages/airflow/example_dags/tutorial.py for tasks to queue
[2024-08-20T19:51:04.100+0530] {logging_mixin.py:188} INFO - [2024-08-20T19:51:04.100+0530] {dagbag.py:545} INFO - Filling up the DagBag from /home/pranav/.local/lib/python3.12/site-packages/airflow/example_dags/tutorial.py
[2024-08-20T19:51:04.108+0530] {processor.py:840} INFO - DAG(s) 'tutorial' retrieved from /home/pranav/.local/lib/python3.12/site-packages/airflow/example_dags/tutorial.py
[2024-08-20T19:51:04.129+0530] {logging_mixin.py:188} INFO - [2024-08-20T19:51:04.128+0530] {dag.py:3089} INFO - Sync 1 DAGs
[2024-08-20T19:51:04.153+0530] {logging_mixin.py:188} INFO - [2024-08-20T19:51:04.153+0530] {dag.py:3947} INFO - Setting next_dagrun for tutorial to 2024-08-19 00:00:00+00:00, run_after=2024-08-20 00:00:00+00:00
[2024-08-20T19:51:04.302+0530] {processor.py:183} INFO - Processing /home/pranav/.local/lib/python3.12/site-packages/airflow/example_dags/tutorial.py took 0.283 seconds
[2024-08-20T19:52:21.809+0530] {processor.py:161} INFO - Started process (PID=25626) to work on /home/pranav/.local/lib/python3.12/site-packages/airflow/example_dags/tutorial.py
[2024-08-20T19:52:21.810+0530] {processor.py:830} INFO - Processing file /home/pranav/.local/lib/python3.12/site-packages/airflow/example_dags/tutorial.py for tasks to queue
[2024-08-20T19:52:21.811+0530] {logging_mixin.py:188} INFO - [2024-08-20T19:52:21.811+0530] {dagbag.py:545} INFO - Filling up the DagBag from /home/pranav/.local/lib/python3.12/site-packages/airflow/example_dags/tutorial.py
[2024-08-20T19:52:21.819+0530] {processor.py:840} INFO - DAG(s) 'tutorial' retrieved from /home/pranav/.local/lib/python3.12/site-packages/airflow/example_dags/tutorial.py
[2024-08-20T19:52:21.838+0530] {logging_mixin.py:188} INFO - [2024-08-20T19:52:21.838+0530] {dag.py:3089} INFO - Sync 1 DAGs
[2024-08-20T19:52:21.861+0530] {logging_mixin.py:188} INFO - [2024-08-20T19:52:21.860+0530] {dag.py:3947} INFO - Setting next_dagrun for tutorial to 2024-08-19 00:00:00+00:00, run_after=2024-08-20 00:00:00+00:00
[2024-08-20T19:52:22.037+0530] {processor.py:183} INFO - Processing /home/pranav/.local/lib/python3.12/site-packages/airflow/example_dags/tutorial.py took 0.234 seconds
[2024-08-20T19:53:39.618+0530] {processor.py:161} INFO - Started process (PID=26074) to work on /home/pranav/.local/lib/python3.12/site-packages/airflow/example_dags/tutorial.py
[2024-08-20T19:53:39.628+0530] {processor.py:830} INFO - Processing file /home/pranav/.local/lib/python3.12/site-packages/airflow/example_dags/tutorial.py for tasks to queue
[2024-08-20T19:53:39.630+0530] {logging_mixin.py:188} INFO - [2024-08-20T19:53:39.629+0530] {dagbag.py:545} INFO - Filling up the DagBag from /home/pranav/.local/lib/python3.12/site-packages/airflow/example_dags/tutorial.py
[2024-08-20T19:53:39.637+0530] {processor.py:840} INFO - DAG(s) 'tutorial' retrieved from /home/pranav/.local/lib/python3.12/site-packages/airflow/example_dags/tutorial.py
[2024-08-20T19:53:39.656+0530] {logging_mixin.py:188} INFO - [2024-08-20T19:53:39.656+0530] {dag.py:3089} INFO - Sync 1 DAGs
[2024-08-20T19:53:39.679+0530] {logging_mixin.py:188} INFO - [2024-08-20T19:53:39.679+0530] {dag.py:3947} INFO - Setting next_dagrun for tutorial to 2024-08-19 00:00:00+00:00, run_after=2024-08-20 00:00:00+00:00
[2024-08-20T19:53:39.840+0530] {processor.py:183} INFO - Processing /home/pranav/.local/lib/python3.12/site-packages/airflow/example_dags/tutorial.py took 0.229 seconds
[2024-08-20T19:54:52.261+0530] {processor.py:161} INFO - Started process (PID=26462) to work on /home/pranav/.local/lib/python3.12/site-packages/airflow/example_dags/tutorial.py
[2024-08-20T19:54:52.262+0530] {processor.py:830} INFO - Processing file /home/pranav/.local/lib/python3.12/site-packages/airflow/example_dags/tutorial.py for tasks to queue
[2024-08-20T19:54:52.263+0530] {logging_mixin.py:188} INFO - [2024-08-20T19:54:52.262+0530] {dagbag.py:545} INFO - Filling up the DagBag from /home/pranav/.local/lib/python3.12/site-packages/airflow/example_dags/tutorial.py
[2024-08-20T19:54:52.270+0530] {processor.py:840} INFO - DAG(s) 'tutorial' retrieved from /home/pranav/.local/lib/python3.12/site-packages/airflow/example_dags/tutorial.py
[2024-08-20T19:54:52.289+0530] {logging_mixin.py:188} INFO - [2024-08-20T19:54:52.288+0530] {dag.py:3089} INFO - Sync 1 DAGs
[2024-08-20T19:54:52.312+0530] {logging_mixin.py:188} INFO - [2024-08-20T19:54:52.311+0530] {dag.py:3947} INFO - Setting next_dagrun for tutorial to 2024-08-19 00:00:00+00:00, run_after=2024-08-20 00:00:00+00:00
[2024-08-20T19:54:52.475+0530] {processor.py:183} INFO - Processing /home/pranav/.local/lib/python3.12/site-packages/airflow/example_dags/tutorial.py took 0.222 seconds
[2024-08-20T19:56:06.328+0530] {processor.py:161} INFO - Started process (PID=26849) to work on /home/pranav/.local/lib/python3.12/site-packages/airflow/example_dags/tutorial.py
[2024-08-20T19:56:06.366+0530] {processor.py:830} INFO - Processing file /home/pranav/.local/lib/python3.12/site-packages/airflow/example_dags/tutorial.py for tasks to queue
[2024-08-20T19:56:06.367+0530] {logging_mixin.py:188} INFO - [2024-08-20T19:56:06.366+0530] {dagbag.py:545} INFO - Filling up the DagBag from /home/pranav/.local/lib/python3.12/site-packages/airflow/example_dags/tutorial.py
[2024-08-20T19:56:06.375+0530] {processor.py:840} INFO - DAG(s) 'tutorial' retrieved from /home/pranav/.local/lib/python3.12/site-packages/airflow/example_dags/tutorial.py
[2024-08-20T19:56:06.393+0530] {logging_mixin.py:188} INFO - [2024-08-20T19:56:06.393+0530] {dag.py:3089} INFO - Sync 1 DAGs
[2024-08-20T19:56:06.417+0530] {logging_mixin.py:188} INFO - [2024-08-20T19:56:06.417+0530] {dag.py:3947} INFO - Setting next_dagrun for tutorial to 2024-08-19 00:00:00+00:00, run_after=2024-08-20 00:00:00+00:00
[2024-08-20T19:56:06.524+0530] {processor.py:183} INFO - Processing /home/pranav/.local/lib/python3.12/site-packages/airflow/example_dags/tutorial.py took 0.203 seconds
[2024-08-20T19:57:22.064+0530] {processor.py:161} INFO - Started process (PID=27319) to work on /home/pranav/.local/lib/python3.12/site-packages/airflow/example_dags/tutorial.py
[2024-08-20T19:57:22.104+0530] {processor.py:830} INFO - Processing file /home/pranav/.local/lib/python3.12/site-packages/airflow/example_dags/tutorial.py for tasks to queue
[2024-08-20T19:57:22.105+0530] {logging_mixin.py:188} INFO - [2024-08-20T19:57:22.105+0530] {dagbag.py:545} INFO - Filling up the DagBag from /home/pranav/.local/lib/python3.12/site-packages/airflow/example_dags/tutorial.py
[2024-08-20T19:57:22.113+0530] {processor.py:840} INFO - DAG(s) 'tutorial' retrieved from /home/pranav/.local/lib/python3.12/site-packages/airflow/example_dags/tutorial.py
[2024-08-20T19:57:22.131+0530] {logging_mixin.py:188} INFO - [2024-08-20T19:57:22.131+0530] {dag.py:3089} INFO - Sync 1 DAGs
[2024-08-20T19:57:22.155+0530] {logging_mixin.py:188} INFO - [2024-08-20T19:57:22.154+0530] {dag.py:3947} INFO - Setting next_dagrun for tutorial to 2024-08-19 00:00:00+00:00, run_after=2024-08-20 00:00:00+00:00
[2024-08-20T19:57:22.415+0530] {processor.py:183} INFO - Processing /home/pranav/.local/lib/python3.12/site-packages/airflow/example_dags/tutorial.py took 0.358 seconds
